info: ::1 - - [25/Aug/2023:05:52:29 +0000] "POST /api/v1/notes/ HTTP/1.1" 400 56 "-" "PostmanRuntime/7.32.3"

info: ::1 - - [25/Aug/2023:05:59:08 +0000] "POST /api/v1/users HTTP/1.1" 201 327 "-" "PostmanRuntime/7.32.3"

info: ::1 - - [25/Aug/2023:05:59:35 +0000] "POST /api/v1/users/login HTTP/1.1" 200 249 "-" "PostmanRuntime/7.32.3"

info: ::1 - - [25/Aug/2023:06:01:49 +0000] "POST /api/v1/notes HTTP/1.1" 500 52 "-" "PostmanRuntime/7.32.3"

info: ::1 - - [25/Aug/2023:06:03:02 +0000] "POST /api/v1/notes HTTP/1.1" 500 52 "-" "PostmanRuntime/7.32.3"

info: ::1 - - [25/Aug/2023:06:04:30 +0000] "POST /api/v1/notes HTTP/1.1" 500 52 "-" "PostmanRuntime/7.32.3"

info: ::1 - - [25/Aug/2023:06:06:28 +0000] "POST /api/v1/notes HTTP/1.1" 500 57 "-" "PostmanRuntime/7.32.3"

info: ::1 - - [25/Aug/2023:06:06:59 +0000] "POST /api/v1/notes HTTP/1.1" 500 52 "-" "PostmanRuntime/7.32.3"

info: ::1 - - [25/Aug/2023:06:10:23 +0000] "POST /api/v1/notes HTTP/1.1" 201 297 "-" "PostmanRuntime/7.32.3"

info: ::1 - - [25/Aug/2023:06:14:40 +0000] "POST /api/v1/notes HTTP/1.1" 201 297 "-" "PostmanRuntime/7.32.3"

info: ::1 - - [25/Aug/2023:06:19:58 +0000] "POST /api/v1/notes HTTP/1.1" 201 297 "-" "PostmanRuntime/7.32.3"

info: ::1 - - [25/Aug/2023:06:47:12 +0000] "POST /api/v1/notes/_id HTTP/1.1" 404 47 "-" "PostmanRuntime/7.32.3"

info: ::1 - - [25/Aug/2023:06:47:40 +0000] "GET /api/v1/notes/_id HTTP/1.1" 404 47 "-" "PostmanRuntime/7.32.3"

info: ::1 - - [25/Aug/2023:06:47:46 +0000] "GET /api/v1/notes/_id HTTP/1.1" 404 47 "-" "PostmanRuntime/7.32.3"

info: ::1 - - [25/Aug/2023:06:47:56 +0000] "GET /api/v1/notes/_id HTTP/1.1" 404 47 "-" "PostmanRuntime/7.32.3"

info: ::1 - - [25/Aug/2023:06:58:03 +0000] "POST /api/v1/notes/ HTTP/1.1" 201 297 "-" "PostmanRuntime/7.32.3"

info: ::1 - - [25/Aug/2023:06:58:22 +0000] "GET /api/v1/notes/64e850fb3ed95a27b6720c2a HTTP/1.1" 400 60 "-" "PostmanRuntime/7.32.3"

info: ::1 - - [25/Aug/2023:07:01:42 +0000] "GET /api/v1/notes/64e850fb3ed95a27b6720c2a HTTP/1.1" 400 60 "-" "PostmanRuntime/7.32.3"

info: ::1 - - [25/Aug/2023:07:07:21 +0000] "GET /api/v1/notes/64e850fb3ed95a27b6720c2a HTTP/1.1" 400 60 "-" "PostmanRuntime/7.32.3"

info: ::1 - - [25/Aug/2023:07:11:21 +0000] "GET /api/v1/notes/64e850fb3ed95a27b6720c2a HTTP/1.1" 200 303 "-" "PostmanRuntime/7.32.3"

info: ::1 - - [25/Aug/2023:07:17:29 +0000] "POST /api/v1/users/login HTTP/1.1" 400 54 "-" "PostmanRuntime/7.32.3"

info: ::1 - - [25/Aug/2023:07:19:38 +0000] "POST /api/v1/users HTTP/1.1" 400 67 "-" "PostmanRuntime/7.32.3"

info: ::1 - - [25/Aug/2023:07:21:00 +0000] "POST /api/v1/users HTTP/1.1" 400 93 "-" "PostmanRuntime/7.32.3"

info: ::1 - - [25/Aug/2023:07:21:38 +0000] "POST /api/v1/users HTTP/1.1" 201 343 "-" "PostmanRuntime/7.32.3"

info: ::1 - - [25/Aug/2023:07:22:49 +0000] "POST /api/v1/users HTTP/1.1" 201 345 "-" "PostmanRuntime/7.32.3"

info: ::1 - - [25/Aug/2023:07:23:46 +0000] "POST /api/v1/users HTTP/1.1" 201 342 "-" "PostmanRuntime/7.32.3"

info: ::1 - - [25/Aug/2023:07:24:41 +0000] "POST /api/v1/users HTTP/1.1" 201 348 "-" "PostmanRuntime/7.32.3"

info: ::1 - - [25/Aug/2023:07:29:44 +0000] "POST /api/v1/users HTTP/1.1" 201 338 "-" "PostmanRuntime/7.32.3"

info: ::1 - - [25/Aug/2023:07:30:17 +0000] "POST /api/v1/users/login HTTP/1.1" 200 246 "-" "PostmanRuntime/7.32.3"

info: ::1 - - [25/Aug/2023:08:13:34 +0000] "POST /api/v1/notes/64e72f055c82345de5be092d HTTP/1.1" 404 47 "-" "PostmanRuntime/7.32.3"

info: ::1 - - [25/Aug/2023:08:14:35 +0000] "PUT /api/v1/notes/64e72f055c82345de5be092d HTTP/1.1" 200 69 "-" "PostmanRuntime/7.32.3"

info: ::1 - - [25/Aug/2023:08:41:46 +0000] "PUT /api/v1/notes/64e72f055c82345de5be092d HTTP/1.1" 200 69 "-" "PostmanRuntime/7.32.3"

info: ::1 - - [25/Aug/2023:08:46:07 +0000] "PUT /api/v1/notes/64e72f055c82345de5be092d HTTP/1.1" 200 69 "-" "PostmanRuntime/7.32.3"

info: ::1 - - [25/Aug/2023:08:49:08 +0000] "PUT /api/v1/notes/64e72f055c82345de5be092d HTTP/1.1" 200 69 "-" "PostmanRuntime/7.32.3"

info: ::1 - - [25/Aug/2023:08:49:49 +0000] "PUT /api/v1/notes/64e72f055c82345de5be092d HTTP/1.1" 200 69 "-" "PostmanRuntime/7.32.3"

info: ::1 - - [25/Aug/2023:08:50:12 +0000] "PUT /api/v1/notes/64e72f055c82345de5be092d HTTP/1.1" 200 69 "-" "PostmanRuntime/7.32.3"

info: ::1 - - [25/Aug/2023:08:51:28 +0000] "PUT /api/v1/notes/64e72f055c82345de5be092d HTTP/1.1" 200 69 "-" "PostmanRuntime/7.32.3"

info: ::1 - - [25/Aug/2023:08:52:02 +0000] "PUT /api/v1/notes/64e72f055c82345de5be092d HTTP/1.1" 200 69 "-" "PostmanRuntime/7.32.3"

info: ::1 - - [25/Aug/2023:08:53:10 +0000] "PUT /api/v1/notes/64e72f055c82345de5be092d HTTP/1.1" 200 69 "-" "PostmanRuntime/7.32.3"

info: ::1 - - [25/Aug/2023:08:56:19 +0000] "PUT /api/v1/notes/64e72f055c82345de5be092d HTTP/1.1" 200 69 "-" "PostmanRuntime/7.32.3"

info: ::1 - - [25/Aug/2023:08:58:54 +0000] "PUT /api/v1/notes/64e72f055c82345de5be092d HTTP/1.1" 200 69 "-" "PostmanRuntime/7.32.3"

info: ::1 - - [25/Aug/2023:09:00:02 +0000] "PUT /api/v1/notes/64e72cf4d5cebf5c4f8afd80 HTTP/1.1" 200 251 "-" "PostmanRuntime/7.32.3"

info: ::1 - - [25/Aug/2023:10:12:34 +0000] "POST /api/v1/notes HTTP/1.1" 201 229 "-" "PostmanRuntime/7.32.3"

info: ::1 - - [25/Aug/2023:10:12:54 +0000] "POST /api/v1/notes HTTP/1.1" 201 228 "-" "PostmanRuntime/7.32.3"

info: ::1 - - [25/Aug/2023:10:16:17 +0000] "POST /api/v1/notes HTTP/1.1" 201 228 "-" "PostmanRuntime/7.32.3"

info: ::1 - - [25/Aug/2023:10:18:41 +0000] "POST /api/v1/users/login HTTP/1.1" 200 249 "-" "PostmanRuntime/7.32.3"

info: ::1 - - [25/Aug/2023:10:19:04 +0000] "POST /api/v1/users/login HTTP/1.1" 200 249 "-" "PostmanRuntime/7.32.3"

info: ::1 - - [25/Aug/2023:10:21:30 +0000] "POST /api/v1/notes HTTP/1.1" 400 40 "-" "PostmanRuntime/7.32.3"

info: ::1 - - [25/Aug/2023:10:22:55 +0000] "POST /api/v1/notes HTTP/1.1" 400 40 "-" "PostmanRuntime/7.32.3"

info: ::1 - - [25/Aug/2023:10:27:51 +0000] "POST /api/v1/notes HTTP/1.1" 400 63 "-" "PostmanRuntime/7.32.3"

info: ::1 - - [25/Aug/2023:11:00:04 +0000] "POST /api/v1/notes HTTP/1.1" 400 63 "-" "PostmanRuntime/7.32.3"

info: ::1 - - [25/Aug/2023:11:02:09 +0000] "POST /api/v1/users/login HTTP/1.1" 200 251 "-" "PostmanRuntime/7.32.3"

info: ::1 - - [25/Aug/2023:11:03:07 +0000] "POST /api/v1/notes HTTP/1.1" 201 265 "-" "PostmanRuntime/7.32.3"

info: ::1 - - [25/Aug/2023:11:03:28 +0000] "PUT /api/v1/notes/64e88a6aaee4745c1463dcd0 HTTP/1.1" 200 272 "-" "PostmanRuntime/7.32.3"

info: ::1 - - [25/Aug/2023:11:03:37 +0000] "PUT /api/v1/notes/64e88a6aaee4745c1463dcd0 HTTP/1.1" 200 272 "-" "PostmanRuntime/7.32.3"

info: ::1 - - [25/Aug/2023:11:04:53 +0000] "PUT /api/v1/notes/archive/64e88a6aaee4745c1463dcd0 HTTP/1.1" 400 59 "-" "PostmanRuntime/7.32.3"

info: ::1 - - [25/Aug/2023:11:05:57 +0000] "PUT /api/v1/notes/archive/64e88a6aaee4745c1463dcd0 HTTP/1.1" 400 59 "-" "PostmanRuntime/7.32.3"

info: ::1 - - [25/Aug/2023:11:07:03 +0000] "PUT /api/v1/notes/archive/64e88a6aaee4745c1463dcd0 HTTP/1.1" 400 59 "-" "PostmanRuntime/7.32.3"

info: ::1 - - [25/Aug/2023:11:07:37 +0000] "PUT /api/v1/notes/archive/64e88a6aaee4745c1463dcd0 HTTP/1.1" 200 275 "-" "PostmanRuntime/7.32.3"

info: ::1 - - [25/Aug/2023:11:08:00 +0000] "PUT /api/v1/notes/archive/64e88a6aaee4745c1463dcd0 HTTP/1.1" 200 274 "-" "PostmanRuntime/7.32.3"

info: ::1 - - [25/Aug/2023:11:08:05 +0000] "PUT /api/v1/notes/archive/64e88a6aaee4745c1463dcd0 HTTP/1.1" 200 275 "-" "PostmanRuntime/7.32.3"

info: ::1 - - [25/Aug/2023:11:08:08 +0000] "PUT /api/v1/notes/archive/64e88a6aaee4745c1463dcd0 HTTP/1.1" 200 274 "-" "PostmanRuntime/7.32.3"

info: ::1 - - [25/Aug/2023:11:27:56 +0000] "PUT /api/v1/notes/trash/64e88a6aaee4745c1463dcd0 HTTP/1.1" 200 274 "-" "PostmanRuntime/7.32.3"

info: ::1 - - [25/Aug/2023:11:28:03 +0000] "PUT /api/v1/notes/trash/64e88a6aaee4745c1463dcd0 HTTP/1.1" 200 273 "-" "PostmanRuntime/7.32.3"

