info: Server started at http://localhost:4011/api/v1/ {"timestamp":"2023-09-04T06:17:29.607Z"}
info: Connected to the database. {"timestamp":"2023-09-04T06:17:29.643Z"}
info: Server started at http://localhost:4011/api/v1/ {"timestamp":"2023-09-04T09:17:00.010Z"}
info: Connected to the database. {"timestamp":"2023-09-04T09:17:00.046Z"}
info: Connected to the database. {"timestamp":"2023-09-04T10:57:59.163Z"}
info: Server started at http://localhost:4012/api/v1/ {"timestamp":"2023-09-04T10:59:06.531Z"}
info: Connected to the database. {"timestamp":"2023-09-04T10:59:06.570Z"}
info: Server started at http://localhost:4012/api/v1/ {"timestamp":"2023-09-04T11:02:48.135Z"}
info: Connected to the database. {"timestamp":"2023-09-04T11:02:48.186Z"}
info: Connected to the database. {"timestamp":"2023-09-04T11:02:48.427Z"}
info: Server started at http://localhost:4101/api/v1/ {"timestamp":"2023-09-04T11:17:25.916Z"}
info: Connected to the database. {"timestamp":"2023-09-04T11:17:25.951Z"}
info: Server started at http://localhost:4101/api/v1/ {"timestamp":"2023-09-04T11:20:02.932Z"}
info: Connected to the database. {"timestamp":"2023-09-04T11:20:02.980Z"}
info: Connected to the database. {"timestamp":"2023-09-04T11:20:03.035Z"}
info: Server started at http://localhost:4101/api/v1/ {"timestamp":"2023-09-04T11:22:10.646Z"}
info: Connected to the database. {"timestamp":"2023-09-04T11:22:10.714Z"}
info: Connected to the database. {"timestamp":"2023-09-04T11:22:10.849Z"}
info: Server started at http://localhost:3101/api/v1/ {"timestamp":"2023-09-04T11:23:15.195Z"}
info: Connected to the database. {"timestamp":"2023-09-04T11:23:15.232Z"}
info: Server started at http://localhost:3101/api/v1/ {"timestamp":"2023-09-04T11:25:17.854Z"}
info: Connected to the database. {"timestamp":"2023-09-04T11:25:17.897Z"}
error: 
    status - 500 
    message - SyntaxError: Unexpected token { in JSON at position 7
    at JSON.parse (<anonymous>)
    at parse (/home/admin1/NodeProject/FundooNotes/node_modules/body-parser/lib/types/json.js:89:19)
    at /home/admin1/NodeProject/FundooNotes/node_modules/body-parser/lib/read.js:128:18
    at AsyncResource.runInAsyncScope (async_hooks.js:188:21)
    at invokeCallback (/home/admin1/NodeProject/FundooNotes/node_modules/raw-body/index.js:231:16)
    at done (/home/admin1/NodeProject/FundooNotes/node_modules/raw-body/index.js:220:7)
    at IncomingMessage.onEnd (/home/admin1/NodeProject/FundooNotes/node_modules/raw-body/index.js:280:7)
    at IncomingMessage.emit (events.js:203:15)
    at IncomingMessage.EventEmitter.emit (domain.js:448:20)
    at endReadableNT (_stream_readable.js:1145:12)
    at process._tickCallback (internal/process/next_tick.js:63:19) 
    url - /api/v1/users 
    method - POST 
    IP - ::1
   {"timestamp":"2023-09-04T11:26:30.702Z"}
error: 
    status - 500 
    message - SyntaxError: Unexpected token } in JSON at position 163
    at JSON.parse (<anonymous>)
    at parse (/home/admin1/NodeProject/FundooNotes/node_modules/body-parser/lib/types/json.js:89:19)
    at /home/admin1/NodeProject/FundooNotes/node_modules/body-parser/lib/read.js:128:18
    at AsyncResource.runInAsyncScope (async_hooks.js:188:21)
    at invokeCallback (/home/admin1/NodeProject/FundooNotes/node_modules/raw-body/index.js:231:16)
    at done (/home/admin1/NodeProject/FundooNotes/node_modules/raw-body/index.js:220:7)
    at IncomingMessage.onEnd (/home/admin1/NodeProject/FundooNotes/node_modules/raw-body/index.js:280:7)
    at IncomingMessage.emit (events.js:203:15)
    at IncomingMessage.EventEmitter.emit (domain.js:448:20)
    at endReadableNT (_stream_readable.js:1145:12)
    at process._tickCallback (internal/process/next_tick.js:63:19) 
    url - /api/v1/users 
    method - POST 
    IP - ::1
   {"timestamp":"2023-09-04T11:26:40.957Z"}
info: Server started at http://localhost:3101/api/v1/ {"timestamp":"2023-09-04T11:27:13.461Z"}
info: Connected to the database. {"timestamp":"2023-09-04T11:27:13.510Z"}
info: Server started at http://localhost:3101/api/v1/ {"timestamp":"2023-09-04T11:30:53.586Z"}
info: Connected to the database. {"timestamp":"2023-09-04T11:30:53.629Z"}
info: Server started at http://localhost:3101/api/v1/ {"timestamp":"2023-09-04T12:30:22.041Z"}
info: Connected to the database. {"timestamp":"2023-09-04T12:30:22.130Z"}
