info: Server started at http://localhost:3101/api/v1/ {"timestamp":"2023-09-06T05:10:35.948Z"}
info: Connected to the database. {"timestamp":"2023-09-06T05:10:35.994Z"}
info: Server started at http://localhost:3101/api/v1/ {"timestamp":"2023-09-06T05:53:48.085Z"}
info: Connected to the database. {"timestamp":"2023-09-06T05:53:48.117Z"}
info: Server started at http://localhost:3101/api/v1/ {"timestamp":"2023-09-06T06:05:01.845Z"}
info: Connected to the database. {"timestamp":"2023-09-06T06:05:01.876Z"}
info: Server started at http://localhost:3101/api/v1/ {"timestamp":"2023-09-06T06:06:11.495Z"}
info: Connected to the database. {"timestamp":"2023-09-06T06:06:11.523Z"}
info: Server started at http://localhost:3101/api/v1/ {"timestamp":"2023-09-06T06:08:43.955Z"}
info: Connected to the database. {"timestamp":"2023-09-06T06:08:43.985Z"}
info: Server started at http://localhost:3101/api/v1/ {"timestamp":"2023-09-06T06:09:19.338Z"}
info: Connected to the database. {"timestamp":"2023-09-06T06:09:19.367Z"}
info: Server started at http://localhost:3101/api/v1/ {"timestamp":"2023-09-06T07:30:37.986Z"}
info: Connected to the database. {"timestamp":"2023-09-06T07:30:38.017Z"}
info: Server started at http://localhost:3101/api/v1/ {"timestamp":"2023-09-06T07:30:50.372Z"}
info: Connected to the database. {"timestamp":"2023-09-06T07:30:50.407Z"}
info: Server started at http://localhost:3101/api/v1/ {"timestamp":"2023-09-06T07:30:54.830Z"}
info: Connected to the database. {"timestamp":"2023-09-06T07:30:54.864Z"}
info: Server started at http://localhost:3101/api/v1/ {"timestamp":"2023-09-06T07:32:48.096Z"}
info: Connected to the database. {"timestamp":"2023-09-06T07:32:48.132Z"}
info: Server started at http://localhost:3101/api/v1/ {"timestamp":"2023-09-06T07:35:43.562Z"}
info: Connected to the database. {"timestamp":"2023-09-06T07:35:43.593Z"}
info: Server started at http://localhost:3101/api/v1/ {"timestamp":"2023-09-06T07:39:57.398Z"}
info: Connected to the database. {"timestamp":"2023-09-06T07:39:57.430Z"}
info: Server started at http://localhost:3101/api/v1/ {"timestamp":"2023-09-06T07:41:49.427Z"}
info: Connected to the database. {"timestamp":"2023-09-06T07:41:49.463Z"}
info: Server started at http://localhost:3101/api/v1/ {"timestamp":"2023-09-06T07:47:39.088Z"}
info: Connected to the database. {"timestamp":"2023-09-06T07:47:39.121Z"}
info: Server started at http://localhost:3101/api/v1/ {"timestamp":"2023-09-06T07:49:29.641Z"}
info: Connected to the database. {"timestamp":"2023-09-06T07:49:29.670Z"}
info: Server started at http://localhost:3101/api/v1/ {"timestamp":"2023-09-06T08:01:24.606Z"}
info: Connected to the database. {"timestamp":"2023-09-06T08:01:24.640Z"}
info: Server started at http://localhost:3101/api/v1/ {"timestamp":"2023-09-06T08:09:17.237Z"}
info: Connected to the database. {"timestamp":"2023-09-06T08:09:17.270Z"}
info: Server started at http://localhost:3101/api/v1/ {"timestamp":"2023-09-06T08:09:27.799Z"}
info: Connected to the database. {"timestamp":"2023-09-06T08:09:27.831Z"}
info: Server started at http://localhost:3101/api/v1/ {"timestamp":"2023-09-06T08:10:01.715Z"}
info: Connected to the database. {"timestamp":"2023-09-06T08:10:01.750Z"}
error: 
    status - 500 
    message - SyntaxError: Unexpected token s in JSON at position 0
    at JSON.parse (<anonymous>)
    at createStrictSyntaxError (/home/admin1/NodeProject/FundooNotes/node_modules/body-parser/lib/types/json.js:160:10)
    at parse (/home/admin1/NodeProject/FundooNotes/node_modules/body-parser/lib/types/json.js:83:15)
    at /home/admin1/NodeProject/FundooNotes/node_modules/body-parser/lib/read.js:128:18
    at AsyncResource.runInAsyncScope (node:async_hooks:201:9)
    at invokeCallback (/home/admin1/NodeProject/FundooNotes/node_modules/raw-body/index.js:231:16)
    at done (/home/admin1/NodeProject/FundooNotes/node_modules/raw-body/index.js:220:7)
    at IncomingMessage.onEnd (/home/admin1/NodeProject/FundooNotes/node_modules/raw-body/index.js:280:7)
    at IncomingMessage.emit (node:events:532:35)
    at IncomingMessage.emit (node:domain:475:12)
    at endReadableNT (node:internal/streams/readable:1346:12)
    at processTicksAndRejections (node:internal/process/task_queues:83:21) 
    url - /api-doc/v1/users 
    method - POST 
    IP - ::ffff:127.0.0.1
   {"timestamp":"2023-09-06T08:10:41.760Z"}
info: Server started at http://localhost:3101/api/v1/ {"timestamp":"2023-09-06T08:13:01.345Z"}
info: Connected to the database. {"timestamp":"2023-09-06T08:13:01.375Z"}
info: Server started at http://localhost:3101/api/v1/ {"timestamp":"2023-09-06T08:14:48.882Z"}
info: Connected to the database. {"timestamp":"2023-09-06T08:14:48.914Z"}
info: Server started at http://localhost:3101/api/v1/ {"timestamp":"2023-09-06T08:21:35.518Z"}
info: Connected to the database. {"timestamp":"2023-09-06T08:21:35.552Z"}
info: Server started at http://localhost:3101/api/v1/ {"timestamp":"2023-09-06T08:27:08.144Z"}
info: Connected to the database. {"timestamp":"2023-09-06T08:27:08.178Z"}
info: Server started at http://localhost:3101/api/v1/ {"timestamp":"2023-09-06T08:28:06.383Z"}
info: Connected to the database. {"timestamp":"2023-09-06T08:28:06.412Z"}
info: Server started at http://localhost:3101/api/v1/ {"timestamp":"2023-09-06T08:33:06.655Z"}
info: Connected to the database. {"timestamp":"2023-09-06T08:33:06.687Z"}
info: Server started at http://localhost:3101/api/v1/ {"timestamp":"2023-09-06T09:42:30.734Z"}
info: Connected to the database. {"timestamp":"2023-09-06T09:42:30.766Z"}
info: Server started at http://localhost:3101/api/v1/ {"timestamp":"2023-09-06T09:46:42.703Z"}
info: Connected to the database. {"timestamp":"2023-09-06T09:46:42.734Z"}
info: Server started at http://localhost:3101/api/v1/ {"timestamp":"2023-09-06T09:51:13.027Z"}
info: Connected to the database. {"timestamp":"2023-09-06T09:51:13.061Z"}
info: Server started at http://localhost:3101/api/v1/ {"timestamp":"2023-09-06T09:51:56.970Z"}
info: Connected to the database. {"timestamp":"2023-09-06T09:51:57.001Z"}
info: Server started at http://localhost:3101/api/v1/ {"timestamp":"2023-09-06T09:53:09.166Z"}
info: Connected to the database. {"timestamp":"2023-09-06T09:53:09.201Z"}
info: Server started at http://localhost:3101/api/v1/ {"timestamp":"2023-09-06T10:00:19.762Z"}
info: Connected to the database. {"timestamp":"2023-09-06T10:00:19.794Z"}
info: Server started at http://localhost:3101/api/v1/ {"timestamp":"2023-09-06T10:01:21.904Z"}
info: Connected to the database. {"timestamp":"2023-09-06T10:01:21.936Z"}
info: Server started at http://localhost:3101/api/v1/ {"timestamp":"2023-09-06T10:02:03.976Z"}
info: Connected to the database. {"timestamp":"2023-09-06T10:02:04.011Z"}
info: Server started at http://localhost:3101/api/v1/ {"timestamp":"2023-09-06T10:05:57.025Z"}
info: Connected to the database. {"timestamp":"2023-09-06T10:05:57.056Z"}
info: Server started at http://localhost:3101/api/v1/ {"timestamp":"2023-09-06T10:31:09.809Z"}
info: Connected to the database. {"timestamp":"2023-09-06T10:31:09.837Z"}
