info: Connected to the database. {"timestamp":"2023-08-22T07:06:29.694Z"}
info: Connected to the database. {"timestamp":"2023-08-22T07:07:17.674Z"}
info: Connected to the database. {"timestamp":"2023-08-22T08:01:33.001Z"}
info: Server started at http://localhost:3000/api/v1/ {"timestamp":"2023-08-22T08:02:27.730Z"}
info: Connected to the database. {"timestamp":"2023-08-22T08:02:27.768Z"}
info: Connected to the database. {"timestamp":"2023-08-22T08:02:33.967Z"}
info: Connected to the database. {"timestamp":"2023-08-22T08:03:00.694Z"}
info: Connected to the database. {"timestamp":"2023-08-22T08:04:39.467Z"}
info: Server started at http://localhost:4000/api/v1/ {"timestamp":"2023-08-22T08:05:28.719Z"}
info: Connected to the database. {"timestamp":"2023-08-22T08:05:28.754Z"}
info: Connected to the database. {"timestamp":"2023-08-22T08:05:28.814Z"}
info: Connected to the database. {"timestamp":"2023-08-22T08:05:47.753Z"}
info: Server started at http://localhost:4000/api/v1/ {"timestamp":"2023-08-22T08:07:34.208Z"}
info: Connected to the database. {"timestamp":"2023-08-22T08:07:34.281Z"}
info: Connected to the database. {"timestamp":"2023-08-22T08:07:34.438Z"}
info: Connected to the database. {"timestamp":"2023-08-22T08:07:34.545Z"}
info: Server started at http://localhost:6000/api/v1/ {"timestamp":"2023-08-22T08:08:26.659Z"}
info: Connected to the database. {"timestamp":"2023-08-22T08:08:26.697Z"}
info: Server started at http://localhost:6000/api/v1/ {"timestamp":"2023-08-22T08:12:56.086Z"}
info: Connected to the database. {"timestamp":"2023-08-22T08:12:56.160Z"}
info: Connected to the database. {"timestamp":"2023-08-22T08:12:56.690Z"}
info: Server started at http://localhost:6000/api/v1/ {"timestamp":"2023-08-22T08:28:25.128Z"}
info: Connected to the database. {"timestamp":"2023-08-22T08:28:25.182Z"}
info: Connected to the database. {"timestamp":"2023-08-22T08:28:25.198Z"}
info: Server started at http://localhost:6000/api/v1/ {"timestamp":"2023-08-22T08:31:13.760Z"}
info: Connected to the database. {"timestamp":"2023-08-22T08:31:13.824Z"}
info: Connected to the database. {"timestamp":"2023-08-22T08:31:13.912Z"}
info: Connected to the database. {"timestamp":"2023-08-22T08:31:13.978Z"}
info: Server started at http://localhost:6000/api/v1/ {"timestamp":"2023-08-22T08:33:42.825Z"}
info: Connected to the database. {"timestamp":"2023-08-22T08:33:42.867Z"}
info: Connected to the database. {"timestamp":"2023-08-22T08:33:42.966Z"}
info: Server started at http://localhost:6000/api/v1/ {"timestamp":"2023-08-22T08:39:08.317Z"}
info: Connected to the database. {"timestamp":"2023-08-22T08:39:08.395Z"}
info: Connected to the database. {"timestamp":"2023-08-22T08:39:08.580Z"}
info: Server started at http://localhost:6000/api/v1/ {"timestamp":"2023-08-22T08:40:15.572Z"}
info: Connected to the database. {"timestamp":"2023-08-22T08:40:15.639Z"}
info: Connected to the database. {"timestamp":"2023-08-22T08:40:16.360Z"}
info: Server started at http://localhost:6000/api/v1/ {"timestamp":"2023-08-22T08:47:02.333Z"}
info: Connected to the database. {"timestamp":"2023-08-22T08:47:02.400Z"}
info: Connected to the database. {"timestamp":"2023-08-22T08:47:02.553Z"}
info: Server started at http://localhost:6000/api/v1/ {"timestamp":"2023-08-22T08:54:55.084Z"}
info: Connected to the database. {"timestamp":"2023-08-22T08:54:55.123Z"}
info: Connected to the database. {"timestamp":"2023-08-22T08:54:55.151Z"}
info: Server started at http://localhost:6000/api/v1/ {"timestamp":"2023-08-22T09:42:41.062Z"}
info: Connected to the database. {"timestamp":"2023-08-22T09:42:41.121Z"}
info: Connected to the database. {"timestamp":"2023-08-22T09:42:41.242Z"}
info: Connected to the database. {"timestamp":"2023-08-22T09:42:41.314Z"}
info: Server started at http://localhost:6000/api/v1/ {"timestamp":"2023-08-22T09:48:03.311Z"}
info: Connected to the database. {"timestamp":"2023-08-22T09:48:03.377Z"}
info: Connected to the database. {"timestamp":"2023-08-22T09:48:03.497Z"}
info: Server started at http://localhost:6000/api/v1/ {"timestamp":"2023-08-22T09:49:15.233Z"}
info: Connected to the database. {"timestamp":"2023-08-22T09:49:15.280Z"}
info: Connected to the database. {"timestamp":"2023-08-22T09:49:15.383Z"}
info: Server started at http://localhost:6000/api/v1/ {"timestamp":"2023-08-22T09:49:55.316Z"}
info: Connected to the database. {"timestamp":"2023-08-22T09:49:55.376Z"}
info: Connected to the database. {"timestamp":"2023-08-22T09:49:55.529Z"}
info: Connected to the database. {"timestamp":"2023-08-22T09:49:55.633Z"}
info: Server started at http://localhost:6000/api/v1/ {"timestamp":"2023-08-22T09:50:26.032Z"}
info: Connected to the database. {"timestamp":"2023-08-22T09:50:26.096Z"}
info: Connected to the database. {"timestamp":"2023-08-22T09:50:26.458Z"}
info: Server started at http://localhost:6000/api/v1/ {"timestamp":"2023-08-22T09:51:51.464Z"}
info: Connected to the database. {"timestamp":"2023-08-22T09:51:51.521Z"}
info: Connected to the database. {"timestamp":"2023-08-22T09:51:51.545Z"}
info: Connected to the database. {"timestamp":"2023-08-22T09:51:51.612Z"}
info: Server started at http://localhost:6000/api/v1/ {"timestamp":"2023-08-22T10:00:25.521Z"}
info: Connected to the database. {"timestamp":"2023-08-22T10:00:25.574Z"}
info: Connected to the database. {"timestamp":"2023-08-22T10:00:25.688Z"}
info: Connected to the database. {"timestamp":"2023-08-22T10:03:11.542Z"}
info: Server started at http://localhost:6000/api/v1/ {"timestamp":"2023-08-22T10:05:42.512Z"}
info: Connected to the database. {"timestamp":"2023-08-22T10:05:42.597Z"}
info: Connected to the database. {"timestamp":"2023-08-22T10:05:43.338Z"}
info: Connected to the database. {"timestamp":"2023-08-22T10:05:43.429Z"}
info: Server started at http://localhost:6000/api/v1/ {"timestamp":"2023-08-22T10:06:05.431Z"}
info: Connected to the database. {"timestamp":"2023-08-22T10:06:05.465Z"}
info: Server started at http://localhost:6000/api/v1/ {"timestamp":"2023-08-22T10:06:28.293Z"}
info: Connected to the database. {"timestamp":"2023-08-22T10:06:28.344Z"}
info: Connected to the database. {"timestamp":"2023-08-22T10:06:28.469Z"}
error: 
    status - 500 
    message - ReferenceError: hashedPassword is not defined
    at _callee$ (/home/admin1/NodeProject/FundooNotes/src/services/user.service.js:23:15)
    at tryCatch (/home/admin1/NodeProject/FundooNotes/node_modules/@babel/runtime/helpers/regeneratorRuntime.js:44:17)
    at Generator.<anonymous> (/home/admin1/NodeProject/FundooNotes/node_modules/@babel/runtime/helpers/regeneratorRuntime.js:128:22)
    at Generator.next (/home/admin1/NodeProject/FundooNotes/node_modules/@babel/runtime/helpers/regeneratorRuntime.js:69:21)
    at asyncGeneratorStep (/home/admin1/NodeProject/FundooNotes/node_modules/@babel/runtime/helpers/asyncToGenerator.js:3:24)
    at _next (/home/admin1/NodeProject/FundooNotes/node_modules/@babel/runtime/helpers/asyncToGenerator.js:22:9)
    at process._tickCallback (internal/process/next_tick.js:68:7) 
    url - /api/v1/users 
    method - POST 
    IP - ::1
   {"timestamp":"2023-08-22T10:09:56.319Z"}
info: Server started at http://localhost:6000/api/v1/ {"timestamp":"2023-08-22T10:10:45.309Z"}
info: Connected to the database. {"timestamp":"2023-08-22T10:10:45.371Z"}
info: Connected to the database. {"timestamp":"2023-08-22T10:10:46.856Z"}
info: Server started at http://localhost:6000/api/v1/ {"timestamp":"2023-08-22T10:12:59.050Z"}
info: Connected to the database. {"timestamp":"2023-08-22T10:12:59.160Z"}
info: Connected to the database. {"timestamp":"2023-08-22T10:12:59.350Z"}
info: Server started at http://localhost:6000/api/v1/ {"timestamp":"2023-08-22T10:13:18.884Z"}
info: Connected to the database. {"timestamp":"2023-08-22T10:13:18.965Z"}
info: Connected to the database. {"timestamp":"2023-08-22T10:13:19.220Z"}
info: Server started at http://localhost:4002/api/v1/ {"timestamp":"2023-08-22T10:14:13.476Z"}
info: Connected to the database. {"timestamp":"2023-08-22T10:14:13.512Z"}
info: Server started at http://localhost:4002/api/v1/ {"timestamp":"2023-08-22T10:18:33.554Z"}
info: Connected to the database. {"timestamp":"2023-08-22T10:18:33.649Z"}
info: Connected to the database. {"timestamp":"2023-08-22T10:18:33.699Z"}
info: Server started at http://localhost:4002/api/v1/ {"timestamp":"2023-08-22T10:19:16.932Z"}
info: Connected to the database. {"timestamp":"2023-08-22T10:19:16.969Z"}
info: Server started at http://localhost:4002/api/v1/ {"timestamp":"2023-08-22T10:20:00.099Z"}
info: Connected to the database. {"timestamp":"2023-08-22T10:20:00.138Z"}
info: Server started at http://localhost:4002/api/v1/ {"timestamp":"2023-08-22T10:20:38.260Z"}
info: Connected to the database. {"timestamp":"2023-08-22T10:20:38.300Z"}
info: Server started at http://localhost:4003/api/v1/ {"timestamp":"2023-08-22T10:31:38.821Z"}
info: Connected to the database. {"timestamp":"2023-08-22T10:31:38.973Z"}
info: Connected to the database. {"timestamp":"2023-08-22T10:31:39.239Z"}
info: Server started at http://localhost:4003/api/v1/ {"timestamp":"2023-08-22T10:32:57.939Z"}
info: Connected to the database. {"timestamp":"2023-08-22T10:32:57.974Z"}
info: Server started at http://localhost:4003/api/v1/ {"timestamp":"2023-08-22T10:33:11.586Z"}
info: Connected to the database. {"timestamp":"2023-08-22T10:33:11.651Z"}
info: Connected to the database. {"timestamp":"2023-08-22T10:33:11.866Z"}
info: Server started at http://localhost:4010/api/v1/ {"timestamp":"2023-08-22T10:34:06.286Z"}
info: Connected to the database. {"timestamp":"2023-08-22T10:34:06.322Z"}
info: Server started at http://localhost:4010/api/v1/ {"timestamp":"2023-08-22T10:38:10.787Z"}
info: Connected to the database. {"timestamp":"2023-08-22T10:38:10.886Z"}
info: Connected to the database. {"timestamp":"2023-08-22T10:38:11.361Z"}
info: Server started at http://localhost:4010/api/v1/ {"timestamp":"2023-08-22T10:40:52.637Z"}
info: Connected to the database. {"timestamp":"2023-08-22T10:40:52.691Z"}
info: Connected to the database. {"timestamp":"2023-08-22T10:40:52.955Z"}
info: Server started at http://localhost:4010/api/v1/ {"timestamp":"2023-08-22T10:42:45.667Z"}
info: Connected to the database. {"timestamp":"2023-08-22T10:42:45.722Z"}
info: Connected to the database. {"timestamp":"2023-08-22T10:42:45.898Z"}
info: Server started at http://localhost:4010/api/v1/ {"timestamp":"2023-08-22T10:45:45.264Z"}
info: Connected to the database. {"timestamp":"2023-08-22T10:45:45.302Z"}
info: Server started at http://localhost:4010/api/v1/ {"timestamp":"2023-08-22T10:53:02.527Z"}
info: Connected to the database. {"timestamp":"2023-08-22T10:53:02.591Z"}
info: Connected to the database. {"timestamp":"2023-08-22T10:53:02.630Z"}
info: Server started at http://localhost:4010/api/v1/ {"timestamp":"2023-08-22T10:53:24.402Z"}
info: Connected to the database. {"timestamp":"2023-08-22T10:53:24.437Z"}
info: Server started at http://localhost:4010/api/v1/ {"timestamp":"2023-08-22T10:57:07.256Z"}
info: Connected to the database. {"timestamp":"2023-08-22T10:57:07.332Z"}
info: Connected to the database. {"timestamp":"2023-08-22T10:57:07.438Z"}
info: Server started at http://localhost:4010/api/v1/ {"timestamp":"2023-08-22T10:57:39.076Z"}
info: Connected to the database. {"timestamp":"2023-08-22T10:57:39.187Z"}
info: Connected to the database. {"timestamp":"2023-08-22T10:57:39.221Z"}
info: Server started at http://localhost:4010/api/v1/ {"timestamp":"2023-08-22T10:58:40.168Z"}
info: Connected to the database. {"timestamp":"2023-08-22T10:58:40.220Z"}
info: Connected to the database. {"timestamp":"2023-08-22T10:58:40.312Z"}
