info: Server started at http://localhost:4010/api/v1/ {"timestamp":"2023-08-23T08:04:56.080Z"}
info: Connected to the database. {"timestamp":"2023-08-23T08:04:56.116Z"}
info: Server started at http://localhost:4010/api/v1/ {"timestamp":"2023-08-23T08:07:50.052Z"}
info: Connected to the database. {"timestamp":"2023-08-23T08:07:50.086Z"}
info: Server started at http://localhost:4010/api/v1/ {"timestamp":"2023-08-23T08:08:12.224Z"}
info: Connected to the database. {"timestamp":"2023-08-23T08:08:12.260Z"}
info: Server started at http://localhost:4010/api/v1/ {"timestamp":"2023-08-23T08:11:45.437Z"}
info: Connected to the database. {"timestamp":"2023-08-23T08:11:45.474Z"}
info: Server started at http://localhost:4010/api/v1/ {"timestamp":"2023-08-23T08:12:38.698Z"}
info: Connected to the database. {"timestamp":"2023-08-23T08:12:38.735Z"}
error: 
    status - 500 
    message - ReferenceError: SECRETE_KEY is not defined
    at _callee2$ (/home/admin1/NodeProject/FundooNotes/src/services/user.service.js:50:47)
    at tryCatch (/home/admin1/NodeProject/FundooNotes/node_modules/@babel/runtime/helpers/regeneratorRuntime.js:44:17)
    at Generator.<anonymous> (/home/admin1/NodeProject/FundooNotes/node_modules/@babel/runtime/helpers/regeneratorRuntime.js:128:22)
    at Generator.next (/home/admin1/NodeProject/FundooNotes/node_modules/@babel/runtime/helpers/regeneratorRuntime.js:69:21)
    at asyncGeneratorStep (/home/admin1/NodeProject/FundooNotes/node_modules/@babel/runtime/helpers/asyncToGenerator.js:3:24)
    at _next (/home/admin1/NodeProject/FundooNotes/node_modules/@babel/runtime/helpers/asyncToGenerator.js:22:9) 
    url - /api/v1/users/login 
    method - GET 
    IP - ::1
   {"timestamp":"2023-08-23T08:16:22.187Z"}
info: Server started at http://localhost:4010/api/v1/ {"timestamp":"2023-08-23T08:18:04.581Z"}
info: Connected to the database. {"timestamp":"2023-08-23T08:18:04.618Z"}
info: Server started at http://localhost:4010/api/v1/ {"timestamp":"2023-08-23T09:20:15.336Z"}
info: Connected to the database. {"timestamp":"2023-08-23T09:20:15.378Z"}
info: Server started at http://localhost:4010/api/v1/ {"timestamp":"2023-08-23T09:20:29.065Z"}
info: Connected to the database. {"timestamp":"2023-08-23T09:20:29.109Z"}
info: Server started at http://localhost:4010/api/v1/ {"timestamp":"2023-08-23T09:21:03.685Z"}
info: Connected to the database. {"timestamp":"2023-08-23T09:21:03.733Z"}
info: Server started at http://localhost:4010/api/v1/ {"timestamp":"2023-08-23T10:02:25.211Z"}
info: Connected to the database. {"timestamp":"2023-08-23T10:02:25.249Z"}
info: Server started at http://localhost:4010/api/v1/ {"timestamp":"2023-08-23T10:03:40.502Z"}
info: Connected to the database. {"timestamp":"2023-08-23T10:03:40.543Z"}
error: 
    status - 500 
    message - Error: data and hash arguments required
    at Object.compare (/home/admin1/node_modules/bcrypt/bcrypt.js:208:17)
    at /home/admin1/node_modules/bcrypt/promises.js:29:12
    at new Promise (<anonymous>)
    at Object.module.exports.promise (/home/admin1/node_modules/bcrypt/promises.js:20:12)
    at Object.compare (/home/admin1/node_modules/bcrypt/bcrypt.js:204:25)
    at _callee2$ (/home/admin1/NodeProject/FundooNotes/src/services/user.service.js:43:40)
    at tryCatch (/home/admin1/NodeProject/FundooNotes/node_modules/@babel/runtime/helpers/regeneratorRuntime.js:44:17)
    at Generator.<anonymous> (/home/admin1/NodeProject/FundooNotes/node_modules/@babel/runtime/helpers/regeneratorRuntime.js:128:22)
    at Generator.next (/home/admin1/NodeProject/FundooNotes/node_modules/@babel/runtime/helpers/regeneratorRuntime.js:69:21)
    at asyncGeneratorStep (/home/admin1/NodeProject/FundooNotes/node_modules/@babel/runtime/helpers/asyncToGenerator.js:3:24)
    at _next (/home/admin1/NodeProject/FundooNotes/node_modules/@babel/runtime/helpers/asyncToGenerator.js:22:9)
    at process._tickCallback (internal/process/next_tick.js:68:7) 
    url - /api/v1/users/login 
    method - GET 
    IP - ::1
   {"timestamp":"2023-08-23T10:03:48.630Z"}
error: 
    status - 500 
    message - ValidationError: "firstName" length must be at least 4 characters long 
    url - /api/v1/users 
    method - POST 
    IP - ::1
   {"timestamp":"2023-08-23T10:16:09.087Z"}
info: Server started at http://localhost:4010/api/v1/ {"timestamp":"2023-08-23T10:27:44.081Z"}
info: Connected to the database. {"timestamp":"2023-08-23T10:27:44.129Z"}
error: 
    status - 500 
    message - TypeError: _joi.default.string(...).min(...).required(...).password is not a function
    at newUserValidator (/home/admin1/NodeProject/FundooNotes/src/validators/user.validator.js:8:47)
    at Layer.handle [as handle_request] (/home/admin1/NodeProject/FundooNotes/node_modules/express/lib/router/layer.js:95:5)
    at next (/home/admin1/NodeProject/FundooNotes/node_modules/express/lib/router/route.js:144:13)
    at Route.dispatch (/home/admin1/NodeProject/FundooNotes/node_modules/express/lib/router/route.js:114:3)
    at Layer.handle [as handle_request] (/home/admin1/NodeProject/FundooNotes/node_modules/express/lib/router/layer.js:95:5)
    at /home/admin1/NodeProject/FundooNotes/node_modules/express/lib/router/index.js:284:15
    at Function.process_params (/home/admin1/NodeProject/FundooNotes/node_modules/express/lib/router/index.js:346:12)
    at next (/home/admin1/NodeProject/FundooNotes/node_modules/express/lib/router/index.js:280:10)
    at Function.handle (/home/admin1/NodeProject/FundooNotes/node_modules/express/lib/router/index.js:175:3)
    at router (/home/admin1/NodeProject/FundooNotes/node_modules/express/lib/router/index.js:47:12)
    at Layer.handle [as handle_request] (/home/admin1/NodeProject/FundooNotes/node_modules/express/lib/router/layer.js:95:5)
    at trim_prefix (/home/admin1/NodeProject/FundooNotes/node_modules/express/lib/router/index.js:328:13)
    at /home/admin1/NodeProject/FundooNotes/node_modules/express/lib/router/index.js:286:9
    at Function.process_params (/home/admin1/NodeProject/FundooNotes/node_modules/express/lib/router/index.js:346:12)
    at next (/home/admin1/NodeProject/FundooNotes/node_modules/express/lib/router/index.js:280:10)
    at Function.handle (/home/admin1/NodeProject/FundooNotes/node_modules/express/lib/router/index.js:175:3) 
    url - /api/v1/users 
    method - POST 
    IP - ::1
   {"timestamp":"2023-08-23T10:28:18.435Z"}
info: Server started at http://localhost:4010/api/v1/ {"timestamp":"2023-08-23T10:28:42.966Z"}
info: Connected to the database. {"timestamp":"2023-08-23T10:28:43.008Z"}
error: 
    status - 500 
    message - ValidationError: "email" length must be at least  characters long 
    url - /api/v1/users 
    method - POST 
    IP - ::1
   {"timestamp":"2023-08-23T10:28:57.056Z"}
info: Server started at http://localhost:4010/api/v1/ {"timestamp":"2023-08-23T10:31:44.451Z"}
info: Connected to the database. {"timestamp":"2023-08-23T10:31:44.506Z"}
error: 
    status - 500 
    message - TypeError: _joi.default.email is not a function
    at newUserValidator (/home/admin1/NodeProject/FundooNotes/src/validators/user.validator.js:7:16)
    at Layer.handle [as handle_request] (/home/admin1/NodeProject/FundooNotes/node_modules/express/lib/router/layer.js:95:5)
    at next (/home/admin1/NodeProject/FundooNotes/node_modules/express/lib/router/route.js:144:13)
    at Route.dispatch (/home/admin1/NodeProject/FundooNotes/node_modules/express/lib/router/route.js:114:3)
    at Layer.handle [as handle_request] (/home/admin1/NodeProject/FundooNotes/node_modules/express/lib/router/layer.js:95:5)
    at /home/admin1/NodeProject/FundooNotes/node_modules/express/lib/router/index.js:284:15
    at Function.process_params (/home/admin1/NodeProject/FundooNotes/node_modules/express/lib/router/index.js:346:12)
    at next (/home/admin1/NodeProject/FundooNotes/node_modules/express/lib/router/index.js:280:10)
    at Function.handle (/home/admin1/NodeProject/FundooNotes/node_modules/express/lib/router/index.js:175:3)
    at router (/home/admin1/NodeProject/FundooNotes/node_modules/express/lib/router/index.js:47:12)
    at Layer.handle [as handle_request] (/home/admin1/NodeProject/FundooNotes/node_modules/express/lib/router/layer.js:95:5)
    at trim_prefix (/home/admin1/NodeProject/FundooNotes/node_modules/express/lib/router/index.js:328:13)
    at /home/admin1/NodeProject/FundooNotes/node_modules/express/lib/router/index.js:286:9
    at Function.process_params (/home/admin1/NodeProject/FundooNotes/node_modules/express/lib/router/index.js:346:12)
    at next (/home/admin1/NodeProject/FundooNotes/node_modules/express/lib/router/index.js:280:10)
    at Function.handle (/home/admin1/NodeProject/FundooNotes/node_modules/express/lib/router/index.js:175:3) 
    url - /api/v1/users 
    method - POST 
    IP - ::1
   {"timestamp":"2023-08-23T10:31:50.542Z"}
info: Server started at http://localhost:4010/api/v1/ {"timestamp":"2023-08-23T10:32:12.050Z"}
info: Connected to the database. {"timestamp":"2023-08-23T10:32:12.095Z"}
info: Server started at http://localhost:4010/api/v1/ {"timestamp":"2023-08-23T10:42:45.799Z"}
info: Connected to the database. {"timestamp":"2023-08-23T10:42:45.837Z"}
error: 
    status - 500 
    message - Error: regex must be a RegExp
    at new module.exports (/home/admin1/NodeProject/FundooNotes/node_modules/@hapi/hoek/lib/error.js:23:19)
    at module.exports (/home/admin1/NodeProject/FundooNotes/node_modules/@hapi/hoek/lib/assert.js:21:11)
    at internals.Base.pattern (/home/admin1/NodeProject/FundooNotes/node_modules/@hapi/joi/lib/types/string.js:526:17)
    at newUserValidator (/home/admin1/NodeProject/FundooNotes/src/validators/user.validator.js:11:4)
    at Layer.handle [as handle_request] (/home/admin1/NodeProject/FundooNotes/node_modules/express/lib/router/layer.js:95:5)
    at next (/home/admin1/NodeProject/FundooNotes/node_modules/express/lib/router/route.js:144:13)
    at Route.dispatch (/home/admin1/NodeProject/FundooNotes/node_modules/express/lib/router/route.js:114:3)
    at Layer.handle [as handle_request] (/home/admin1/NodeProject/FundooNotes/node_modules/express/lib/router/layer.js:95:5)
    at /home/admin1/NodeProject/FundooNotes/node_modules/express/lib/router/index.js:284:15
    at Function.process_params (/home/admin1/NodeProject/FundooNotes/node_modules/express/lib/router/index.js:346:12)
    at next (/home/admin1/NodeProject/FundooNotes/node_modules/express/lib/router/index.js:280:10)
    at Function.handle (/home/admin1/NodeProject/FundooNotes/node_modules/express/lib/router/index.js:175:3)
    at router (/home/admin1/NodeProject/FundooNotes/node_modules/express/lib/router/index.js:47:12)
    at Layer.handle [as handle_request] (/home/admin1/NodeProject/FundooNotes/node_modules/express/lib/router/layer.js:95:5)
    at trim_prefix (/home/admin1/NodeProject/FundooNotes/node_modules/express/lib/router/index.js:328:13)
    at /home/admin1/NodeProject/FundooNotes/node_modules/express/lib/router/index.js:286:9 
    url - /api/v1/users 
    method - POST 
    IP - ::1
   {"timestamp":"2023-08-23T10:42:47.137Z"}
info: Server started at http://localhost:4010/api/v1/ {"timestamp":"2023-08-23T10:43:46.427Z"}
info: Connected to the database. {"timestamp":"2023-08-23T10:43:46.475Z"}
error: 
    status - 500 
    message - Error: regex must be a RegExp
    at new module.exports (/home/admin1/NodeProject/FundooNotes/node_modules/@hapi/hoek/lib/error.js:23:19)
    at module.exports (/home/admin1/NodeProject/FundooNotes/node_modules/@hapi/hoek/lib/assert.js:21:11)
    at internals.Base.pattern (/home/admin1/NodeProject/FundooNotes/node_modules/@hapi/joi/lib/types/string.js:526:17)
    at newUserValidator (/home/admin1/NodeProject/FundooNotes/src/validators/user.validator.js:11:4)
    at Layer.handle [as handle_request] (/home/admin1/NodeProject/FundooNotes/node_modules/express/lib/router/layer.js:95:5)
    at next (/home/admin1/NodeProject/FundooNotes/node_modules/express/lib/router/route.js:144:13)
    at Route.dispatch (/home/admin1/NodeProject/FundooNotes/node_modules/express/lib/router/route.js:114:3)
    at Layer.handle [as handle_request] (/home/admin1/NodeProject/FundooNotes/node_modules/express/lib/router/layer.js:95:5)
    at /home/admin1/NodeProject/FundooNotes/node_modules/express/lib/router/index.js:284:15
    at Function.process_params (/home/admin1/NodeProject/FundooNotes/node_modules/express/lib/router/index.js:346:12)
    at next (/home/admin1/NodeProject/FundooNotes/node_modules/express/lib/router/index.js:280:10)
    at Function.handle (/home/admin1/NodeProject/FundooNotes/node_modules/express/lib/router/index.js:175:3)
    at router (/home/admin1/NodeProject/FundooNotes/node_modules/express/lib/router/index.js:47:12)
    at Layer.handle [as handle_request] (/home/admin1/NodeProject/FundooNotes/node_modules/express/lib/router/layer.js:95:5)
    at trim_prefix (/home/admin1/NodeProject/FundooNotes/node_modules/express/lib/router/index.js:328:13)
    at /home/admin1/NodeProject/FundooNotes/node_modules/express/lib/router/index.js:286:9 
    url - /api/v1/users 
    method - POST 
    IP - ::1
   {"timestamp":"2023-08-23T10:43:47.796Z"}
info: Server started at http://localhost:4010/api/v1/ {"timestamp":"2023-08-23T10:45:03.544Z"}
info: Connected to the database. {"timestamp":"2023-08-23T10:45:03.596Z"}
error: 
    status - 500 
    message - Error: regex must be a RegExp
    at new module.exports (/home/admin1/NodeProject/FundooNotes/node_modules/@hapi/hoek/lib/error.js:23:19)
    at module.exports (/home/admin1/NodeProject/FundooNotes/node_modules/@hapi/hoek/lib/assert.js:21:11)
    at internals.Base.pattern (/home/admin1/NodeProject/FundooNotes/node_modules/@hapi/joi/lib/types/string.js:526:17)
    at newUserValidator (/home/admin1/NodeProject/FundooNotes/src/validators/user.validator.js:11:4)
    at Layer.handle [as handle_request] (/home/admin1/NodeProject/FundooNotes/node_modules/express/lib/router/layer.js:95:5)
    at next (/home/admin1/NodeProject/FundooNotes/node_modules/express/lib/router/route.js:144:13)
    at Route.dispatch (/home/admin1/NodeProject/FundooNotes/node_modules/express/lib/router/route.js:114:3)
    at Layer.handle [as handle_request] (/home/admin1/NodeProject/FundooNotes/node_modules/express/lib/router/layer.js:95:5)
    at /home/admin1/NodeProject/FundooNotes/node_modules/express/lib/router/index.js:284:15
    at Function.process_params (/home/admin1/NodeProject/FundooNotes/node_modules/express/lib/router/index.js:346:12)
    at next (/home/admin1/NodeProject/FundooNotes/node_modules/express/lib/router/index.js:280:10)
    at Function.handle (/home/admin1/NodeProject/FundooNotes/node_modules/express/lib/router/index.js:175:3)
    at router (/home/admin1/NodeProject/FundooNotes/node_modules/express/lib/router/index.js:47:12)
    at Layer.handle [as handle_request] (/home/admin1/NodeProject/FundooNotes/node_modules/express/lib/router/layer.js:95:5)
    at trim_prefix (/home/admin1/NodeProject/FundooNotes/node_modules/express/lib/router/index.js:328:13)
    at /home/admin1/NodeProject/FundooNotes/node_modules/express/lib/router/index.js:286:9 
    url - /api/v1/users 
    method - POST 
    IP - ::1
   {"timestamp":"2023-08-23T10:45:03.703Z"}
info: Server started at http://localhost:4010/api/v1/ {"timestamp":"2023-08-23T10:45:26.708Z"}
info: Connected to the database. {"timestamp":"2023-08-23T10:45:26.750Z"}
error: 
    status - 500 
    message - Error: regex must be a RegExp
    at new module.exports (/home/admin1/NodeProject/FundooNotes/node_modules/@hapi/hoek/lib/error.js:23:19)
    at module.exports (/home/admin1/NodeProject/FundooNotes/node_modules/@hapi/hoek/lib/assert.js:21:11)
    at internals.Base.pattern (/home/admin1/NodeProject/FundooNotes/node_modules/@hapi/joi/lib/types/string.js:526:17)
    at newUserValidator (/home/admin1/NodeProject/FundooNotes/src/validators/user.validator.js:11:4)
    at Layer.handle [as handle_request] (/home/admin1/NodeProject/FundooNotes/node_modules/express/lib/router/layer.js:95:5)
    at next (/home/admin1/NodeProject/FundooNotes/node_modules/express/lib/router/route.js:144:13)
    at Route.dispatch (/home/admin1/NodeProject/FundooNotes/node_modules/express/lib/router/route.js:114:3)
    at Layer.handle [as handle_request] (/home/admin1/NodeProject/FundooNotes/node_modules/express/lib/router/layer.js:95:5)
    at /home/admin1/NodeProject/FundooNotes/node_modules/express/lib/router/index.js:284:15
    at Function.process_params (/home/admin1/NodeProject/FundooNotes/node_modules/express/lib/router/index.js:346:12)
    at next (/home/admin1/NodeProject/FundooNotes/node_modules/express/lib/router/index.js:280:10)
    at Function.handle (/home/admin1/NodeProject/FundooNotes/node_modules/express/lib/router/index.js:175:3)
    at router (/home/admin1/NodeProject/FundooNotes/node_modules/express/lib/router/index.js:47:12)
    at Layer.handle [as handle_request] (/home/admin1/NodeProject/FundooNotes/node_modules/express/lib/router/layer.js:95:5)
    at trim_prefix (/home/admin1/NodeProject/FundooNotes/node_modules/express/lib/router/index.js:328:13)
    at /home/admin1/NodeProject/FundooNotes/node_modules/express/lib/router/index.js:286:9 
    url - /api/v1/users 
    method - POST 
    IP - ::1
   {"timestamp":"2023-08-23T10:45:27.585Z"}
info: Server started at http://localhost:4010/api/v1/ {"timestamp":"2023-08-23T10:47:46.332Z"}
info: Connected to the database. {"timestamp":"2023-08-23T10:47:46.368Z"}
info: Server started at http://localhost:4010/api/v1/ {"timestamp":"2023-08-23T10:50:56.105Z"}
info: Connected to the database. {"timestamp":"2023-08-23T10:50:56.143Z"}
info: Server started at http://localhost:4010/api/v1/ {"timestamp":"2023-08-23T10:51:28.559Z"}
info: Connected to the database. {"timestamp":"2023-08-23T10:51:28.596Z"}
error: 
    status - 500 
    message - ValidationError: "email" must be a valid email 
    url - /api/v1/users 
    method - POST 
    IP - ::1
   {"timestamp":"2023-08-23T10:51:38.746Z"}
error: 
    status - 500 
    message - ValidationError: "email" length must be at least  characters long 
    url - /api/v1/users 
    method - POST 
    IP - ::1
   {"timestamp":"2023-08-23T10:51:52.294Z"}
info: Server started at http://localhost:4010/api/v1/ {"timestamp":"2023-08-23T10:52:26.924Z"}
info: Connected to the database. {"timestamp":"2023-08-23T10:52:26.963Z"}
error: 
    status - 500 
    message - ValidationError: "password" length must be at least 10 characters long 
    url - /api/v1/users 
    method - POST 
    IP - ::1
   {"timestamp":"2023-08-23T10:52:35.096Z"}
info: Server started at http://localhost:4010/api/v1/ {"timestamp":"2023-08-23T10:54:26.255Z"}
info: Connected to the database. {"timestamp":"2023-08-23T10:54:26.292Z"}
info: Server started at http://localhost:4010/api/v1/ {"timestamp":"2023-08-23T10:54:53.028Z"}
info: Connected to the database. {"timestamp":"2023-08-23T10:54:53.064Z"}
error: 
    status - 500 
    message - ValidationError: "password" length must be at least 10 characters long 
    url - /api/v1/users 
    method - POST 
    IP - ::1
   {"timestamp":"2023-08-23T11:44:55.573Z"}
error: 
    status - 500 
    message - ValidationError: "city" length must be at least 10 characters long 
    url - /api/v1/users 
    method - POST 
    IP - ::1
   {"timestamp":"2023-08-23T11:45:10.490Z"}
error: 
    status - 500 
    message - ValidationError: "firstName" must be a string 
    url - /api/v1/users 
    method - POST 
    IP - ::1
   {"timestamp":"2023-08-23T11:51:32.356Z"}
info: Server started at http://localhost:4010/api/v1/ {"timestamp":"2023-08-23T12:08:39.771Z"}
info: Connected to the database. {"timestamp":"2023-08-23T12:08:39.806Z"}
info: Server started at http://localhost:4010/api/v1/ {"timestamp":"2023-08-23T12:15:01.111Z"}
info: Connected to the database. {"timestamp":"2023-08-23T12:15:01.150Z"}
info: Server started at http://localhost:4010/api/v1/ {"timestamp":"2023-08-23T12:20:33.367Z"}
info: Connected to the database. {"timestamp":"2023-08-23T12:20:33.408Z"}
info: Server started at http://localhost:4010/api/v1/ {"timestamp":"2023-08-23T12:21:36.812Z"}
info: Connected to the database. {"timestamp":"2023-08-23T12:21:36.849Z"}
info: Server started at http://localhost:4010/api/v1/ {"timestamp":"2023-08-23T12:22:24.490Z"}
info: Connected to the database. {"timestamp":"2023-08-23T12:22:24.538Z"}
error: 
    status - 500 
    message - ValidationError: "firstName" must be a string 
    url - /api/v1/users 
    method - POST 
    IP - ::1
   {"timestamp":"2023-08-23T12:22:34.185Z"}
error: 
    status - 500 
    message - ValidationError: "firstName" must be a string 
    url - /api/v1/users 
    method - POST 
    IP - ::1
   {"timestamp":"2023-08-23T12:22:44.475Z"}
info: Server started at http://localhost:4010/api/v1/ {"timestamp":"2023-08-23T12:23:36.554Z"}
info: Connected to the database. {"timestamp":"2023-08-23T12:23:36.593Z"}
error: 
    status - 500 
    message - ReferenceError: HttpStatus is not defined
    at newUserValidator (/home/admin1/NodeProject/FundooNotes/src/validators/user.validator.js:13:16)
    at Layer.handle [as handle_request] (/home/admin1/NodeProject/FundooNotes/node_modules/express/lib/router/layer.js:95:5)
    at next (/home/admin1/NodeProject/FundooNotes/node_modules/express/lib/router/route.js:144:13)
    at Route.dispatch (/home/admin1/NodeProject/FundooNotes/node_modules/express/lib/router/route.js:114:3)
    at Layer.handle [as handle_request] (/home/admin1/NodeProject/FundooNotes/node_modules/express/lib/router/layer.js:95:5)
    at /home/admin1/NodeProject/FundooNotes/node_modules/express/lib/router/index.js:284:15
    at Function.process_params (/home/admin1/NodeProject/FundooNotes/node_modules/express/lib/router/index.js:346:12)
    at next (/home/admin1/NodeProject/FundooNotes/node_modules/express/lib/router/index.js:280:10)
    at Function.handle (/home/admin1/NodeProject/FundooNotes/node_modules/express/lib/router/index.js:175:3)
    at router (/home/admin1/NodeProject/FundooNotes/node_modules/express/lib/router/index.js:47:12)
    at Layer.handle [as handle_request] (/home/admin1/NodeProject/FundooNotes/node_modules/express/lib/router/layer.js:95:5)
    at trim_prefix (/home/admin1/NodeProject/FundooNotes/node_modules/express/lib/router/index.js:328:13)
    at /home/admin1/NodeProject/FundooNotes/node_modules/express/lib/router/index.js:286:9
    at Function.process_params (/home/admin1/NodeProject/FundooNotes/node_modules/express/lib/router/index.js:346:12)
    at next (/home/admin1/NodeProject/FundooNotes/node_modules/express/lib/router/index.js:280:10)
    at Function.handle (/home/admin1/NodeProject/FundooNotes/node_modules/express/lib/router/index.js:175:3) 
    url - /api/v1/users 
    method - POST 
    IP - ::1
   {"timestamp":"2023-08-23T12:23:46.443Z"}
info: Server started at http://localhost:4010/api/v1/ {"timestamp":"2023-08-23T12:24:27.888Z"}
info: Connected to the database. {"timestamp":"2023-08-23T12:24:27.927Z"}
info: Server started at http://localhost:4010/api/v1/ {"timestamp":"2023-08-23T12:25:32.924Z"}
info: Connected to the database. {"timestamp":"2023-08-23T12:25:32.980Z"}
info: Server started at http://localhost:4010/api/v1/ {"timestamp":"2023-08-23T12:29:44.710Z"}
info: Connected to the database. {"timestamp":"2023-08-23T12:29:44.753Z"}
info: Server started at http://localhost:4010/api/v1/ {"timestamp":"2023-08-23T12:30:06.467Z"}
info: Connected to the database. {"timestamp":"2023-08-23T12:30:06.507Z"}
info: Server started at http://localhost:4010/api/v1/ {"timestamp":"2023-08-23T12:30:32.387Z"}
info: Connected to the database. {"timestamp":"2023-08-23T12:30:32.430Z"}
error: 
    status - 500 
    message - ReferenceError: data is not defined
    at newUserValidator (/home/admin1/NodeProject/FundooNotes/src/validators/user.validator.js:14:16)
    at Layer.handle [as handle_request] (/home/admin1/NodeProject/FundooNotes/node_modules/express/lib/router/layer.js:95:5)
    at next (/home/admin1/NodeProject/FundooNotes/node_modules/express/lib/router/route.js:144:13)
    at Route.dispatch (/home/admin1/NodeProject/FundooNotes/node_modules/express/lib/router/route.js:114:3)
    at Layer.handle [as handle_request] (/home/admin1/NodeProject/FundooNotes/node_modules/express/lib/router/layer.js:95:5)
    at /home/admin1/NodeProject/FundooNotes/node_modules/express/lib/router/index.js:284:15
    at Function.process_params (/home/admin1/NodeProject/FundooNotes/node_modules/express/lib/router/index.js:346:12)
    at next (/home/admin1/NodeProject/FundooNotes/node_modules/express/lib/router/index.js:280:10)
    at Function.handle (/home/admin1/NodeProject/FundooNotes/node_modules/express/lib/router/index.js:175:3)
    at router (/home/admin1/NodeProject/FundooNotes/node_modules/express/lib/router/index.js:47:12)
    at Layer.handle [as handle_request] (/home/admin1/NodeProject/FundooNotes/node_modules/express/lib/router/layer.js:95:5)
    at trim_prefix (/home/admin1/NodeProject/FundooNotes/node_modules/express/lib/router/index.js:328:13)
    at /home/admin1/NodeProject/FundooNotes/node_modules/express/lib/router/index.js:286:9
    at Function.process_params (/home/admin1/NodeProject/FundooNotes/node_modules/express/lib/router/index.js:346:12)
    at next (/home/admin1/NodeProject/FundooNotes/node_modules/express/lib/router/index.js:280:10)
    at Function.handle (/home/admin1/NodeProject/FundooNotes/node_modules/express/lib/router/index.js:175:3) 
    url - /api/v1/users 
    method - POST 
    IP - ::1
   {"timestamp":"2023-08-23T12:30:32.582Z"}
info: Server started at http://localhost:4010/api/v1/ {"timestamp":"2023-08-23T12:31:03.775Z"}
info: Connected to the database. {"timestamp":"2023-08-23T12:31:03.829Z"}
info: Server started at http://localhost:4010/api/v1/ {"timestamp":"2023-08-23T12:31:41.365Z"}
info: Connected to the database. {"timestamp":"2023-08-23T12:31:41.403Z"}
error: 
    status - 500 
    message - ReferenceError: data is not defined
    at newUserValidator (/home/admin1/NodeProject/FundooNotes/src/validators/user.validator.js:14:16)
    at Layer.handle [as handle_request] (/home/admin1/NodeProject/FundooNotes/node_modules/express/lib/router/layer.js:95:5)
    at next (/home/admin1/NodeProject/FundooNotes/node_modules/express/lib/router/route.js:144:13)
    at Route.dispatch (/home/admin1/NodeProject/FundooNotes/node_modules/express/lib/router/route.js:114:3)
    at Layer.handle [as handle_request] (/home/admin1/NodeProject/FundooNotes/node_modules/express/lib/router/layer.js:95:5)
    at /home/admin1/NodeProject/FundooNotes/node_modules/express/lib/router/index.js:284:15
    at Function.process_params (/home/admin1/NodeProject/FundooNotes/node_modules/express/lib/router/index.js:346:12)
    at next (/home/admin1/NodeProject/FundooNotes/node_modules/express/lib/router/index.js:280:10)
    at Function.handle (/home/admin1/NodeProject/FundooNotes/node_modules/express/lib/router/index.js:175:3)
    at router (/home/admin1/NodeProject/FundooNotes/node_modules/express/lib/router/index.js:47:12)
    at Layer.handle [as handle_request] (/home/admin1/NodeProject/FundooNotes/node_modules/express/lib/router/layer.js:95:5)
    at trim_prefix (/home/admin1/NodeProject/FundooNotes/node_modules/express/lib/router/index.js:328:13)
    at /home/admin1/NodeProject/FundooNotes/node_modules/express/lib/router/index.js:286:9
    at Function.process_params (/home/admin1/NodeProject/FundooNotes/node_modules/express/lib/router/index.js:346:12)
    at next (/home/admin1/NodeProject/FundooNotes/node_modules/express/lib/router/index.js:280:10)
    at Function.handle (/home/admin1/NodeProject/FundooNotes/node_modules/express/lib/router/index.js:175:3) 
    url - /api/v1/users 
    method - POST 
    IP - ::1
   {"timestamp":"2023-08-23T12:31:46.479Z"}
info: Server started at http://localhost:4010/api/v1/ {"timestamp":"2023-08-23T12:32:44.711Z"}
info: Connected to the database. {"timestamp":"2023-08-23T12:32:44.748Z"}
info: Server started at http://localhost:4010/api/v1/ {"timestamp":"2023-08-23T12:33:07.497Z"}
info: Connected to the database. {"timestamp":"2023-08-23T12:33:07.535Z"}
info: Server started at http://localhost:4010/api/v1/ {"timestamp":"2023-08-23T12:33:31.504Z"}
info: Connected to the database. {"timestamp":"2023-08-23T12:33:31.541Z"}
error: 
    status - 500 
    message - ReferenceError: data is not defined
    at newUserValidator (/home/admin1/NodeProject/FundooNotes/src/validators/user.validator.js:14:16)
    at Layer.handle [as handle_request] (/home/admin1/NodeProject/FundooNotes/node_modules/express/lib/router/layer.js:95:5)
    at next (/home/admin1/NodeProject/FundooNotes/node_modules/express/lib/router/route.js:144:13)
    at Route.dispatch (/home/admin1/NodeProject/FundooNotes/node_modules/express/lib/router/route.js:114:3)
    at Layer.handle [as handle_request] (/home/admin1/NodeProject/FundooNotes/node_modules/express/lib/router/layer.js:95:5)
    at /home/admin1/NodeProject/FundooNotes/node_modules/express/lib/router/index.js:284:15
    at Function.process_params (/home/admin1/NodeProject/FundooNotes/node_modules/express/lib/router/index.js:346:12)
    at next (/home/admin1/NodeProject/FundooNotes/node_modules/express/lib/router/index.js:280:10)
    at Function.handle (/home/admin1/NodeProject/FundooNotes/node_modules/express/lib/router/index.js:175:3)
    at router (/home/admin1/NodeProject/FundooNotes/node_modules/express/lib/router/index.js:47:12)
    at Layer.handle [as handle_request] (/home/admin1/NodeProject/FundooNotes/node_modules/express/lib/router/layer.js:95:5)
    at trim_prefix (/home/admin1/NodeProject/FundooNotes/node_modules/express/lib/router/index.js:328:13)
    at /home/admin1/NodeProject/FundooNotes/node_modules/express/lib/router/index.js:286:9
    at Function.process_params (/home/admin1/NodeProject/FundooNotes/node_modules/express/lib/router/index.js:346:12)
    at next (/home/admin1/NodeProject/FundooNotes/node_modules/express/lib/router/index.js:280:10)
    at Function.handle (/home/admin1/NodeProject/FundooNotes/node_modules/express/lib/router/index.js:175:3) 
    url - /api/v1/users 
    method - POST 
    IP - ::1
   {"timestamp":"2023-08-23T12:33:36.262Z"}
info: Server started at http://localhost:4010/api/v1/ {"timestamp":"2023-08-23T12:37:29.775Z"}
info: Connected to the database. {"timestamp":"2023-08-23T12:37:29.818Z"}
info: Server started at http://localhost:4010/api/v1/ {"timestamp":"2023-08-23T12:40:23.888Z"}
info: Connected to the database. {"timestamp":"2023-08-23T12:40:23.946Z"}
info: Server started at http://localhost:4010/api/v1/ {"timestamp":"2023-08-23T12:41:38.692Z"}
info: Connected to the database. {"timestamp":"2023-08-23T12:41:38.733Z"}
