info: Server started at http://localhost:4010/api/v1/ {"timestamp":"2023-09-01T06:21:09.551Z"}
info: Connected to the database. {"timestamp":"2023-09-01T06:21:09.598Z"}
info: Server started at http://localhost:4010/api/v1/ {"timestamp":"2023-09-01T06:29:24.611Z"}
info: Connected to the database. {"timestamp":"2023-09-01T06:29:24.651Z"}
info: Server started at http://localhost:4010/api/v1/ {"timestamp":"2023-09-01T06:49:06.962Z"}
info: Connected to the database. {"timestamp":"2023-09-01T06:49:06.997Z"}
info: Server started at http://localhost:4010/api/v1/ {"timestamp":"2023-09-01T08:50:32.803Z"}
info: Connected to the database. {"timestamp":"2023-09-01T08:50:32.842Z"}
info: Server started at http://localhost:4010/api/v1/ {"timestamp":"2023-09-01T09:16:42.139Z"}
info: Connected to the database. {"timestamp":"2023-09-01T09:16:42.172Z"}
info: Server started at http://localhost:4010/api/v1/ {"timestamp":"2023-09-01T09:17:06.909Z"}
info: Connected to the database. {"timestamp":"2023-09-01T09:17:06.952Z"}
info: Server started at http://localhost:4010/api/v1/ {"timestamp":"2023-09-01T09:17:25.661Z"}
info: Connected to the database. {"timestamp":"2023-09-01T09:17:25.695Z"}
info: Server started at http://localhost:4010/api/v1/ {"timestamp":"2023-09-01T09:17:46.836Z"}
info: Connected to the database. {"timestamp":"2023-09-01T09:17:46.873Z"}
info: Server started at http://localhost:4010/api/v1/ {"timestamp":"2023-09-01T09:51:30.695Z"}
info: Connected to the database. {"timestamp":"2023-09-01T09:51:30.729Z"}
info: Connected to the database. {"timestamp":"2023-09-01T09:51:43.736Z"}
info: Server started at http://localhost:4011/api/v1/ {"timestamp":"2023-09-01T09:52:30.831Z"}
info: Connected to the database. {"timestamp":"2023-09-01T09:52:30.870Z"}
info: Server started at http://localhost:4011/api/v1/ {"timestamp":"2023-09-01T11:06:58.655Z"}
info: Connected to the database. {"timestamp":"2023-09-01T11:06:58.734Z"}
error: 
    status - 500 
    message - SyntaxError: Unexpected token } in JSON at position 89
    at JSON.parse (<anonymous>)
    at parse (/home/admin1/NodeProject/FundooNotes/node_modules/body-parser/lib/types/json.js:89:19)
    at /home/admin1/NodeProject/FundooNotes/node_modules/body-parser/lib/read.js:128:18
    at AsyncResource.runInAsyncScope (async_hooks.js:188:21)
    at invokeCallback (/home/admin1/NodeProject/FundooNotes/node_modules/raw-body/index.js:231:16)
    at done (/home/admin1/NodeProject/FundooNotes/node_modules/raw-body/index.js:220:7)
    at IncomingMessage.onEnd (/home/admin1/NodeProject/FundooNotes/node_modules/raw-body/index.js:280:7)
    at IncomingMessage.emit (events.js:203:15)
    at IncomingMessage.EventEmitter.emit (domain.js:448:20)
    at endReadableNT (_stream_readable.js:1145:12)
    at process._tickCallback (internal/process/next_tick.js:63:19) 
    url - /api/v1/users/login 
    method - POST 
    IP - ::1
   {"timestamp":"2023-09-01T11:07:35.138Z"}
info: Server started at http://localhost:4011/api/v1/ {"timestamp":"2023-09-01T11:14:09.368Z"}
info: Connected to the database. {"timestamp":"2023-09-01T11:14:09.438Z"}
info: Server started at http://localhost:4011/api/v1/ {"timestamp":"2023-09-01T12:44:14.052Z"}
info: Connected to the database. {"timestamp":"2023-09-01T12:44:14.194Z"}
