info: Server started at http://localhost:4010/api/v1/ {"timestamp":"2023-08-31T11:55:56.855Z"}
info: Connected to the database. {"timestamp":"2023-08-31T11:55:56.928Z"}
info: Server started at http://localhost:4010/api/v1/ {"timestamp":"2023-08-31T11:57:21.301Z"}
info: Connected to the database. {"timestamp":"2023-08-31T11:57:21.369Z"}
error: 
    status - 500 
    message - SyntaxError: Unexpected token } in JSON at position 150
    at JSON.parse (<anonymous>)
    at parse (/home/admin1/NodeProject/FundooNotes/node_modules/body-parser/lib/types/json.js:89:19)
    at /home/admin1/NodeProject/FundooNotes/node_modules/body-parser/lib/read.js:128:18
    at AsyncResource.runInAsyncScope (async_hooks.js:188:21)
    at invokeCallback (/home/admin1/NodeProject/FundooNotes/node_modules/raw-body/index.js:231:16)
    at done (/home/admin1/NodeProject/FundooNotes/node_modules/raw-body/index.js:220:7)
    at IncomingMessage.onEnd (/home/admin1/NodeProject/FundooNotes/node_modules/raw-body/index.js:280:7)
    at IncomingMessage.emit (events.js:203:15)
    at IncomingMessage.EventEmitter.emit (domain.js:448:20)
    at endReadableNT (_stream_readable.js:1145:12)
    at process._tickCallback (internal/process/next_tick.js:63:19) 
    url - /api/v1/users 
    method - POST 
    IP - ::1
   {"timestamp":"2023-08-31T12:01:32.658Z"}
error: 
    status - 500 
    message - TypeError: _joi.default.string(...).minOfSpecialCharacters is not a function
    at newUserValidator (/home/admin1/NodeProject/FundooNotes/src/validators/user.validator.js:13:8)
    at Layer.handle [as handle_request] (/home/admin1/NodeProject/FundooNotes/node_modules/express/lib/router/layer.js:95:5)
    at next (/home/admin1/NodeProject/FundooNotes/node_modules/express/lib/router/route.js:144:13)
    at Route.dispatch (/home/admin1/NodeProject/FundooNotes/node_modules/express/lib/router/route.js:114:3)
    at Layer.handle [as handle_request] (/home/admin1/NodeProject/FundooNotes/node_modules/express/lib/router/layer.js:95:5)
    at /home/admin1/NodeProject/FundooNotes/node_modules/express/lib/router/index.js:284:15
    at Function.process_params (/home/admin1/NodeProject/FundooNotes/node_modules/express/lib/router/index.js:346:12)
    at next (/home/admin1/NodeProject/FundooNotes/node_modules/express/lib/router/index.js:280:10)
    at Function.handle (/home/admin1/NodeProject/FundooNotes/node_modules/express/lib/router/index.js:175:3)
    at router (/home/admin1/NodeProject/FundooNotes/node_modules/express/lib/router/index.js:47:12)
    at Layer.handle [as handle_request] (/home/admin1/NodeProject/FundooNotes/node_modules/express/lib/router/layer.js:95:5)
    at trim_prefix (/home/admin1/NodeProject/FundooNotes/node_modules/express/lib/router/index.js:328:13)
    at /home/admin1/NodeProject/FundooNotes/node_modules/express/lib/router/index.js:286:9
    at Function.process_params (/home/admin1/NodeProject/FundooNotes/node_modules/express/lib/router/index.js:346:12)
    at next (/home/admin1/NodeProject/FundooNotes/node_modules/express/lib/router/index.js:280:10)
    at Function.handle (/home/admin1/NodeProject/FundooNotes/node_modules/express/lib/router/index.js:175:3) 
    url - /api/v1/users 
    method - POST 
    IP - ::1
   {"timestamp":"2023-08-31T12:01:41.697Z"}
info: Server started at http://localhost:4010/api/v1/ {"timestamp":"2023-08-31T12:04:16.397Z"}
info: Connected to the database. {"timestamp":"2023-08-31T12:04:16.455Z"}
info: Server started at http://localhost:4010/api/v1/ {"timestamp":"2023-08-31T12:04:59.349Z"}
info: Connected to the database. {"timestamp":"2023-08-31T12:04:59.425Z"}
error: 
    status - 500 
    message - TypeError: _joi.default.string(...).minOfLowercase is not a function
    at newUserValidator (/home/admin1/NodeProject/FundooNotes/src/validators/user.validator.js:13:8)
    at Layer.handle [as handle_request] (/home/admin1/NodeProject/FundooNotes/node_modules/express/lib/router/layer.js:95:5)
    at next (/home/admin1/NodeProject/FundooNotes/node_modules/express/lib/router/route.js:144:13)
    at Route.dispatch (/home/admin1/NodeProject/FundooNotes/node_modules/express/lib/router/route.js:114:3)
    at Layer.handle [as handle_request] (/home/admin1/NodeProject/FundooNotes/node_modules/express/lib/router/layer.js:95:5)
    at /home/admin1/NodeProject/FundooNotes/node_modules/express/lib/router/index.js:284:15
    at Function.process_params (/home/admin1/NodeProject/FundooNotes/node_modules/express/lib/router/index.js:346:12)
    at next (/home/admin1/NodeProject/FundooNotes/node_modules/express/lib/router/index.js:280:10)
    at Function.handle (/home/admin1/NodeProject/FundooNotes/node_modules/express/lib/router/index.js:175:3)
    at router (/home/admin1/NodeProject/FundooNotes/node_modules/express/lib/router/index.js:47:12)
    at Layer.handle [as handle_request] (/home/admin1/NodeProject/FundooNotes/node_modules/express/lib/router/layer.js:95:5)
    at trim_prefix (/home/admin1/NodeProject/FundooNotes/node_modules/express/lib/router/index.js:328:13)
    at /home/admin1/NodeProject/FundooNotes/node_modules/express/lib/router/index.js:286:9
    at Function.process_params (/home/admin1/NodeProject/FundooNotes/node_modules/express/lib/router/index.js:346:12)
    at next (/home/admin1/NodeProject/FundooNotes/node_modules/express/lib/router/index.js:280:10)
    at Function.handle (/home/admin1/NodeProject/FundooNotes/node_modules/express/lib/router/index.js:175:3) 
    url - /api/v1/users 
    method - POST 
    IP - ::1
   {"timestamp":"2023-08-31T12:05:06.485Z"}
info: Server started at http://localhost:4010/api/v1/ {"timestamp":"2023-08-31T12:05:30.060Z"}
info: Connected to the database. {"timestamp":"2023-08-31T12:05:30.134Z"}
info: Server started at http://localhost:4010/api/v1/ {"timestamp":"2023-08-31T12:17:54.255Z"}
info: Connected to the database. {"timestamp":"2023-08-31T12:17:54.298Z"}
info: Server started at http://localhost:4010/api/v1/ {"timestamp":"2023-08-31T12:19:08.388Z"}
info: Connected to the database. {"timestamp":"2023-08-31T12:19:08.433Z"}
info: Server started at http://localhost:4010/api/v1/ {"timestamp":"2023-08-31T12:20:01.240Z"}
info: Connected to the database. {"timestamp":"2023-08-31T12:20:01.288Z"}
info: Server started at http://localhost:4010/api/v1/ {"timestamp":"2023-08-31T12:21:24.686Z"}
info: Connected to the database. {"timestamp":"2023-08-31T12:21:24.820Z"}
info: Server started at http://localhost:4010/api/v1/ {"timestamp":"2023-08-31T12:22:39.001Z"}
info: Connected to the database. {"timestamp":"2023-08-31T12:22:39.051Z"}
info: Server started at http://localhost:4010/api/v1/ {"timestamp":"2023-08-31T12:24:48.285Z"}
info: Connected to the database. {"timestamp":"2023-08-31T12:24:48.333Z"}
info: Server started at http://localhost:4010/api/v1/ {"timestamp":"2023-08-31T12:28:40.787Z"}
info: Connected to the database. {"timestamp":"2023-08-31T12:28:40.828Z"}
info: Server started at http://localhost:4010/api/v1/ {"timestamp":"2023-08-31T12:30:13.774Z"}
info: Connected to the database. {"timestamp":"2023-08-31T12:30:13.831Z"}
info: Server started at http://localhost:4010/api/v1/ {"timestamp":"2023-08-31T12:31:05.386Z"}
info: Connected to the database. {"timestamp":"2023-08-31T12:31:05.426Z"}
info: Server started at http://localhost:4010/api/v1/ {"timestamp":"2023-08-31T12:32:42.377Z"}
info: Connected to the database. {"timestamp":"2023-08-31T12:32:42.415Z"}
error: 
    status - 500 
    message - SyntaxError: Unexpected token } in JSON at position 76
    at JSON.parse (<anonymous>)
    at parse (/home/admin1/NodeProject/FundooNotes/node_modules/body-parser/lib/types/json.js:89:19)
    at /home/admin1/NodeProject/FundooNotes/node_modules/body-parser/lib/read.js:128:18
    at AsyncResource.runInAsyncScope (async_hooks.js:188:21)
    at invokeCallback (/home/admin1/NodeProject/FundooNotes/node_modules/raw-body/index.js:231:16)
    at done (/home/admin1/NodeProject/FundooNotes/node_modules/raw-body/index.js:220:7)
    at IncomingMessage.onEnd (/home/admin1/NodeProject/FundooNotes/node_modules/raw-body/index.js:280:7)
    at IncomingMessage.emit (events.js:203:15)
    at IncomingMessage.EventEmitter.emit (domain.js:448:20)
    at endReadableNT (_stream_readable.js:1145:12)
    at process._tickCallback (internal/process/next_tick.js:63:19) 
    url - /api/v1/users/login 
    method - POST 
    IP - ::1
   {"timestamp":"2023-08-31T12:47:33.853Z"}
info: Server started at http://localhost:4010/api/v1/ {"timestamp":"2023-08-31T13:31:20.921Z"}
info: Connected to the database. {"timestamp":"2023-08-31T13:31:20.958Z"}
info: Server started at http://localhost:4010/api/v1/ {"timestamp":"2023-08-31T13:32:29.398Z"}
info: Connected to the database. {"timestamp":"2023-08-31T13:32:29.434Z"}
info: Server started at http://localhost:4010/api/v1/ {"timestamp":"2023-08-31T13:34:20.282Z"}
info: Connected to the database. {"timestamp":"2023-08-31T13:34:20.320Z"}
info: Server started at http://localhost:4010/api/v1/ {"timestamp":"2023-08-31T13:35:49.195Z"}
info: Connected to the database. {"timestamp":"2023-08-31T13:35:49.231Z"}
info: Server started at http://localhost:4010/api/v1/ {"timestamp":"2023-08-31T13:36:15.150Z"}
info: Connected to the database. {"timestamp":"2023-08-31T13:36:15.200Z"}
