info: Server started at http://localhost:4010/api/v1/ {"timestamp":"2023-08-30T13:10:06.378Z"}
info: Connected to the database. {"timestamp":"2023-08-30T13:10:06.417Z"}
error: 
    status - 500 
    message - SyntaxError: Unexpected token } in JSON at position 77
    at JSON.parse (<anonymous>)
    at parse (/home/admin1/NodeProject/FundooNotes/node_modules/body-parser/lib/types/json.js:89:19)
    at /home/admin1/NodeProject/FundooNotes/node_modules/body-parser/lib/read.js:128:18
    at AsyncResource.runInAsyncScope (async_hooks.js:188:21)
    at invokeCallback (/home/admin1/NodeProject/FundooNotes/node_modules/raw-body/index.js:231:16)
    at done (/home/admin1/NodeProject/FundooNotes/node_modules/raw-body/index.js:220:7)
    at IncomingMessage.onEnd (/home/admin1/NodeProject/FundooNotes/node_modules/raw-body/index.js:280:7)
    at IncomingMessage.emit (events.js:203:15)
    at IncomingMessage.EventEmitter.emit (domain.js:448:20)
    at endReadableNT (_stream_readable.js:1145:12)
    at process._tickCallback (internal/process/next_tick.js:63:19) 
    url - /api/v1/notes 
    method - POST 
    IP - ::1
   {"timestamp":"2023-08-30T13:12:10.886Z"}
info: Server started at http://localhost:4010/api/v1/ {"timestamp":"2023-08-30T13:17:15.614Z"}
info: Connected to the database. {"timestamp":"2023-08-30T13:17:15.664Z"}
info: Server started at http://localhost:4010/api/v1/ {"timestamp":"2023-08-30T13:18:46.406Z"}
info: Connected to the database. {"timestamp":"2023-08-30T13:18:46.444Z"}
info: Server started at http://localhost:4010/api/v1/ {"timestamp":"2023-08-30T13:20:02.491Z"}
info: Connected to the database. {"timestamp":"2023-08-30T13:20:02.536Z"}
error: 
    status - 500 
    message - SyntaxError: Unexpected token } in JSON at position 98
    at JSON.parse (<anonymous>)
    at parse (/home/admin1/NodeProject/FundooNotes/node_modules/body-parser/lib/types/json.js:89:19)
    at /home/admin1/NodeProject/FundooNotes/node_modules/body-parser/lib/read.js:128:18
    at AsyncResource.runInAsyncScope (async_hooks.js:188:21)
    at invokeCallback (/home/admin1/NodeProject/FundooNotes/node_modules/raw-body/index.js:231:16)
    at done (/home/admin1/NodeProject/FundooNotes/node_modules/raw-body/index.js:220:7)
    at IncomingMessage.onEnd (/home/admin1/NodeProject/FundooNotes/node_modules/raw-body/index.js:280:7)
    at IncomingMessage.emit (events.js:203:15)
    at IncomingMessage.EventEmitter.emit (domain.js:448:20)
    at endReadableNT (_stream_readable.js:1145:12)
    at process._tickCallback (internal/process/next_tick.js:63:19) 
    url - /api/v1/notes 
    method - POST 
    IP - ::1
   {"timestamp":"2023-08-30T13:22:42.437Z"}
info: Server started at http://localhost:4010/api/v1/ {"timestamp":"2023-08-30T13:25:37.835Z"}
info: Connected to the database. {"timestamp":"2023-08-30T13:25:37.879Z"}
info: Server started at http://localhost:4010/api/v1/ {"timestamp":"2023-08-30T13:29:11.777Z"}
info: Connected to the database. {"timestamp":"2023-08-30T13:29:11.837Z"}
