error: uncaughtException: Router.use() requires a middleware function but got a Object
TypeError: Router.use() requires a middleware function but got a Object
    at Function.use (/home/admin1/NodeProject/FundooNotes/node_modules/express/lib/router/index.js:469:13)
    at routes (/home/admin1/NodeProject/FundooNotes/src/routes/index.js:16:10)
    at Object.<anonymous> (/home/admin1/NodeProject/FundooNotes/src/index.js:32:38)
    at Module._compile (internal/modules/cjs/loader.js:778:30)
    at Module._compile (/home/admin1/NodeProject/FundooNotes/node_modules/pirates/lib/index.js:117:24)
    at Module._extensions..js (internal/modules/cjs/loader.js:789:10)
    at Object.newLoader [as .js] (/home/admin1/NodeProject/FundooNotes/node_modules/pirates/lib/index.js:121:7)
    at Module.load (internal/modules/cjs/loader.js:653:32)
    at tryModuleLoad (internal/modules/cjs/loader.js:593:12)
    at Function.Module._load (internal/modules/cjs/loader.js:585:3)
    at Function.runMain (internal/modules/cjs/loader.js:831:12)
    at Object.<anonymous> (/home/admin1/NodeProject/FundooNotes/node_modules/@babel/node/src/_babel-node.ts:222:12)
    at Module._compile (internal/modules/cjs/loader.js:778:30)
    at Object.Module._extensions..js (internal/modules/cjs/loader.js:789:10)
    at Module.load (internal/modules/cjs/loader.js:653:32)
    at tryModuleLoad (internal/modules/cjs/loader.js:593:12) {"date":"Thu Aug 24 2023 15:10:29 GMT+0530 (India Standard Time)","error":{},"exception":true,"os":{"loadavg":[0.83935546875,1.13037109375,1.1396484375],"uptime":14327},"process":{"argv":["node","/home/admin1/NodeProject/FundooNotes/src/index.js"],"cwd":"/home/admin1/NodeProject/FundooNotes","execPath":"/usr/bin/node","gid":1000,"memoryUsage":{"external":19068211,"heapTotal":85471232,"heapUsed":56918976,"rss":123707392},"pid":20915,"uid":1000,"version":"v10.19.0"},"stack":"TypeError: Router.use() requires a middleware function but got a Object\n    at Function.use (/home/admin1/NodeProject/FundooNotes/node_modules/express/lib/router/index.js:469:13)\n    at routes (/home/admin1/NodeProject/FundooNotes/src/routes/index.js:16:10)\n    at Object.<anonymous> (/home/admin1/NodeProject/FundooNotes/src/index.js:32:38)\n    at Module._compile (internal/modules/cjs/loader.js:778:30)\n    at Module._compile (/home/admin1/NodeProject/FundooNotes/node_modules/pirates/lib/index.js:117:24)\n    at Module._extensions..js (internal/modules/cjs/loader.js:789:10)\n    at Object.newLoader [as .js] (/home/admin1/NodeProject/FundooNotes/node_modules/pirates/lib/index.js:121:7)\n    at Module.load (internal/modules/cjs/loader.js:653:32)\n    at tryModuleLoad (internal/modules/cjs/loader.js:593:12)\n    at Function.Module._load (internal/modules/cjs/loader.js:585:3)\n    at Function.runMain (internal/modules/cjs/loader.js:831:12)\n    at Object.<anonymous> (/home/admin1/NodeProject/FundooNotes/node_modules/@babel/node/src/_babel-node.ts:222:12)\n    at Module._compile (internal/modules/cjs/loader.js:778:30)\n    at Object.Module._extensions..js (internal/modules/cjs/loader.js:789:10)\n    at Module.load (internal/modules/cjs/loader.js:653:32)\n    at tryModuleLoad (internal/modules/cjs/loader.js:593:12)","timestamp":"2023-08-24T09:40:29.956Z","trace":[{"column":13,"file":"/home/admin1/NodeProject/FundooNotes/node_modules/express/lib/router/index.js","function":"Function.use","line":469,"method":"use","native":false},{"column":10,"file":"/home/admin1/NodeProject/FundooNotes/src/routes/index.js","function":"routes","line":16,"method":null,"native":false},{"column":38,"file":"/home/admin1/NodeProject/FundooNotes/src/index.js","function":null,"line":32,"method":null,"native":false},{"column":30,"file":"internal/modules/cjs/loader.js","function":"Module._compile","line":778,"method":"_compile","native":false},{"column":24,"file":"/home/admin1/NodeProject/FundooNotes/node_modules/pirates/lib/index.js","function":"Module._compile","line":117,"method":"_compile","native":false},{"column":10,"file":"internal/modules/cjs/loader.js","function":"Module._extensions..js","line":789,"method":".js","native":false},{"column":7,"file":"/home/admin1/NodeProject/FundooNotes/node_modules/pirates/lib/index.js","function":"Object.newLoader [as .js]","line":121,"method":"js]","native":false},{"column":32,"file":"internal/modules/cjs/loader.js","function":"Module.load","line":653,"method":"load","native":false},{"column":12,"file":"internal/modules/cjs/loader.js","function":"tryModuleLoad","line":593,"method":null,"native":false},{"column":3,"file":"internal/modules/cjs/loader.js","function":"Module._load","line":585,"method":"_load","native":false},{"column":12,"file":"internal/modules/cjs/loader.js","function":"Function.runMain","line":831,"method":"runMain","native":false},{"column":12,"file":"/home/admin1/NodeProject/FundooNotes/node_modules/@babel/node/src/_babel-node.ts","function":null,"line":222,"method":null,"native":false},{"column":30,"file":"internal/modules/cjs/loader.js","function":"Module._compile","line":778,"method":"_compile","native":false},{"column":10,"file":"internal/modules/cjs/loader.js","function":"Module._extensions..js","line":789,"method":".js","native":false},{"column":32,"file":"internal/modules/cjs/loader.js","function":"Module.load","line":653,"method":"load","native":false},{"column":12,"file":"internal/modules/cjs/loader.js","function":"tryModuleLoad","line":593,"method":null,"native":false}]}
error: 
      status - 400
      message - Authorization token is required 
      url - /api/v1/notes/ 
      method - POST 
      IP - ::1
     {"timestamp":"2023-08-25T05:52:29.881Z"}
error: 
    status - 500 
    message - JsonWebTokenError: invalid signature
    at /home/admin1/NodeProject/FundooNotes/node_modules/jsonwebtoken/verify.js:133:19
    at getSecret (/home/admin1/NodeProject/FundooNotes/node_modules/jsonwebtoken/verify.js:90:14)
    at Object.verify (/home/admin1/NodeProject/FundooNotes/node_modules/jsonwebtoken/verify.js:94:10)
    at _callee$ (/home/admin1/NodeProject/FundooNotes/src/middlewares/auth.middleware.js:22:32)
    at tryCatch (/home/admin1/NodeProject/FundooNotes/node_modules/@babel/runtime/helpers/regeneratorRuntime.js:44:17)
    at Generator.<anonymous> (/home/admin1/NodeProject/FundooNotes/node_modules/@babel/runtime/helpers/regeneratorRuntime.js:128:22)
    at Generator.next (/home/admin1/NodeProject/FundooNotes/node_modules/@babel/runtime/helpers/regeneratorRuntime.js:69:21)
    at asyncGeneratorStep (/home/admin1/NodeProject/FundooNotes/node_modules/@babel/runtime/helpers/asyncToGenerator.js:3:24)
    at _next (/home/admin1/NodeProject/FundooNotes/node_modules/@babel/runtime/helpers/asyncToGenerator.js:22:9)
    at /home/admin1/NodeProject/FundooNotes/node_modules/@babel/runtime/helpers/asyncToGenerator.js:27:7
    at new Promise (<anonymous>)
    at apply (/home/admin1/NodeProject/FundooNotes/node_modules/@babel/runtime/helpers/asyncToGenerator.js:19:12)
    at userAuth (/home/admin1/NodeProject/FundooNotes/src/middlewares/auth.middleware.js:12:22)
    at Layer.handle [as handle_request] (/home/admin1/NodeProject/FundooNotes/node_modules/express/lib/router/layer.js:95:5)
    at next (/home/admin1/NodeProject/FundooNotes/node_modules/express/lib/router/route.js:144:13)
    at Route.dispatch (/home/admin1/NodeProject/FundooNotes/node_modules/express/lib/router/route.js:114:3) 
    url - /api/v1/notes 
    method - POST 
    IP - ::1
   {"timestamp":"2023-08-25T06:01:49.591Z"}
error: 
    status - 500 
    message - JsonWebTokenError: invalid signature
    at /home/admin1/NodeProject/FundooNotes/node_modules/jsonwebtoken/verify.js:133:19
    at getSecret (/home/admin1/NodeProject/FundooNotes/node_modules/jsonwebtoken/verify.js:90:14)
    at Object.verify (/home/admin1/NodeProject/FundooNotes/node_modules/jsonwebtoken/verify.js:94:10)
    at _callee$ (/home/admin1/NodeProject/FundooNotes/src/middlewares/auth.middleware.js:23:32)
    at tryCatch (/home/admin1/NodeProject/FundooNotes/node_modules/@babel/runtime/helpers/regeneratorRuntime.js:44:17)
    at Generator.<anonymous> (/home/admin1/NodeProject/FundooNotes/node_modules/@babel/runtime/helpers/regeneratorRuntime.js:128:22)
    at Generator.next (/home/admin1/NodeProject/FundooNotes/node_modules/@babel/runtime/helpers/regeneratorRuntime.js:69:21)
    at asyncGeneratorStep (/home/admin1/NodeProject/FundooNotes/node_modules/@babel/runtime/helpers/asyncToGenerator.js:3:24)
    at _next (/home/admin1/NodeProject/FundooNotes/node_modules/@babel/runtime/helpers/asyncToGenerator.js:22:9)
    at /home/admin1/NodeProject/FundooNotes/node_modules/@babel/runtime/helpers/asyncToGenerator.js:27:7
    at new Promise (<anonymous>)
    at apply (/home/admin1/NodeProject/FundooNotes/node_modules/@babel/runtime/helpers/asyncToGenerator.js:19:12)
    at userAuth (/home/admin1/NodeProject/FundooNotes/src/middlewares/auth.middleware.js:12:22)
    at Layer.handle [as handle_request] (/home/admin1/NodeProject/FundooNotes/node_modules/express/lib/router/layer.js:95:5)
    at next (/home/admin1/NodeProject/FundooNotes/node_modules/express/lib/router/route.js:144:13)
    at Route.dispatch (/home/admin1/NodeProject/FundooNotes/node_modules/express/lib/router/route.js:114:3) 
    url - /api/v1/notes 
    method - POST 
    IP - ::1
   {"timestamp":"2023-08-25T06:03:02.472Z"}
error: 
    status - 500 
    message - JsonWebTokenError: invalid signature
    at /home/admin1/NodeProject/FundooNotes/node_modules/jsonwebtoken/verify.js:133:19
    at getSecret (/home/admin1/NodeProject/FundooNotes/node_modules/jsonwebtoken/verify.js:90:14)
    at Object.verify (/home/admin1/NodeProject/FundooNotes/node_modules/jsonwebtoken/verify.js:94:10)
    at _callee$ (/home/admin1/NodeProject/FundooNotes/src/middlewares/auth.middleware.js:23:32)
    at tryCatch (/home/admin1/NodeProject/FundooNotes/node_modules/@babel/runtime/helpers/regeneratorRuntime.js:44:17)
    at Generator.<anonymous> (/home/admin1/NodeProject/FundooNotes/node_modules/@babel/runtime/helpers/regeneratorRuntime.js:128:22)
    at Generator.next (/home/admin1/NodeProject/FundooNotes/node_modules/@babel/runtime/helpers/regeneratorRuntime.js:69:21)
    at asyncGeneratorStep (/home/admin1/NodeProject/FundooNotes/node_modules/@babel/runtime/helpers/asyncToGenerator.js:3:24)
    at _next (/home/admin1/NodeProject/FundooNotes/node_modules/@babel/runtime/helpers/asyncToGenerator.js:22:9)
    at /home/admin1/NodeProject/FundooNotes/node_modules/@babel/runtime/helpers/asyncToGenerator.js:27:7
    at new Promise (<anonymous>)
    at apply (/home/admin1/NodeProject/FundooNotes/node_modules/@babel/runtime/helpers/asyncToGenerator.js:19:12)
    at userAuth (/home/admin1/NodeProject/FundooNotes/src/middlewares/auth.middleware.js:12:22)
    at Layer.handle [as handle_request] (/home/admin1/NodeProject/FundooNotes/node_modules/express/lib/router/layer.js:95:5)
    at next (/home/admin1/NodeProject/FundooNotes/node_modules/express/lib/router/route.js:144:13)
    at Route.dispatch (/home/admin1/NodeProject/FundooNotes/node_modules/express/lib/router/route.js:114:3) 
    url - /api/v1/notes 
    method - POST 
    IP - ::1
   {"timestamp":"2023-08-25T06:04:30.207Z"}
error: 
    status - 500 
    message - ReferenceError: Console is not defined
    at _callee$ (/home/admin1/NodeProject/FundooNotes/src/middlewares/auth.middleware.js:22:1)
    at tryCatch (/home/admin1/NodeProject/FundooNotes/node_modules/@babel/runtime/helpers/regeneratorRuntime.js:44:17)
    at Generator.<anonymous> (/home/admin1/NodeProject/FundooNotes/node_modules/@babel/runtime/helpers/regeneratorRuntime.js:128:22)
    at Generator.next (/home/admin1/NodeProject/FundooNotes/node_modules/@babel/runtime/helpers/regeneratorRuntime.js:69:21)
    at asyncGeneratorStep (/home/admin1/NodeProject/FundooNotes/node_modules/@babel/runtime/helpers/asyncToGenerator.js:3:24)
    at _next (/home/admin1/NodeProject/FundooNotes/node_modules/@babel/runtime/helpers/asyncToGenerator.js:22:9)
    at /home/admin1/NodeProject/FundooNotes/node_modules/@babel/runtime/helpers/asyncToGenerator.js:27:7
    at new Promise (<anonymous>)
    at apply (/home/admin1/NodeProject/FundooNotes/node_modules/@babel/runtime/helpers/asyncToGenerator.js:19:12)
    at userAuth (/home/admin1/NodeProject/FundooNotes/src/middlewares/auth.middleware.js:12:22)
    at Layer.handle [as handle_request] (/home/admin1/NodeProject/FundooNotes/node_modules/express/lib/router/layer.js:95:5)
    at next (/home/admin1/NodeProject/FundooNotes/node_modules/express/lib/router/route.js:144:13)
    at Route.dispatch (/home/admin1/NodeProject/FundooNotes/node_modules/express/lib/router/route.js:114:3)
    at Layer.handle [as handle_request] (/home/admin1/NodeProject/FundooNotes/node_modules/express/lib/router/layer.js:95:5)
    at /home/admin1/NodeProject/FundooNotes/node_modules/express/lib/router/index.js:284:15
    at Function.process_params (/home/admin1/NodeProject/FundooNotes/node_modules/express/lib/router/index.js:346:12) 
    url - /api/v1/notes 
    method - POST 
    IP - ::1
   {"timestamp":"2023-08-25T06:06:28.643Z"}
error: 
    status - 500 
    message - JsonWebTokenError: invalid signature
    at /home/admin1/NodeProject/FundooNotes/node_modules/jsonwebtoken/verify.js:133:19
    at getSecret (/home/admin1/NodeProject/FundooNotes/node_modules/jsonwebtoken/verify.js:90:14)
    at Object.verify (/home/admin1/NodeProject/FundooNotes/node_modules/jsonwebtoken/verify.js:94:10)
    at _callee$ (/home/admin1/NodeProject/FundooNotes/src/middlewares/auth.middleware.js:23:32)
    at tryCatch (/home/admin1/NodeProject/FundooNotes/node_modules/@babel/runtime/helpers/regeneratorRuntime.js:44:17)
    at Generator.<anonymous> (/home/admin1/NodeProject/FundooNotes/node_modules/@babel/runtime/helpers/regeneratorRuntime.js:128:22)
    at Generator.next (/home/admin1/NodeProject/FundooNotes/node_modules/@babel/runtime/helpers/regeneratorRuntime.js:69:21)
    at asyncGeneratorStep (/home/admin1/NodeProject/FundooNotes/node_modules/@babel/runtime/helpers/asyncToGenerator.js:3:24)
    at _next (/home/admin1/NodeProject/FundooNotes/node_modules/@babel/runtime/helpers/asyncToGenerator.js:22:9)
    at /home/admin1/NodeProject/FundooNotes/node_modules/@babel/runtime/helpers/asyncToGenerator.js:27:7
    at new Promise (<anonymous>)
    at apply (/home/admin1/NodeProject/FundooNotes/node_modules/@babel/runtime/helpers/asyncToGenerator.js:19:12)
    at userAuth (/home/admin1/NodeProject/FundooNotes/src/middlewares/auth.middleware.js:12:22)
    at Layer.handle [as handle_request] (/home/admin1/NodeProject/FundooNotes/node_modules/express/lib/router/layer.js:95:5)
    at next (/home/admin1/NodeProject/FundooNotes/node_modules/express/lib/router/route.js:144:13)
    at Route.dispatch (/home/admin1/NodeProject/FundooNotes/node_modules/express/lib/router/route.js:114:3) 
    url - /api/v1/notes 
    method - POST 
    IP - ::1
   {"timestamp":"2023-08-25T06:06:59.461Z"}
error: 
    status - 500 
    message - SyntaxError: Unexpected token } in JSON at position 76
    at JSON.parse (<anonymous>)
    at parse (/home/admin1/NodeProject/FundooNotes/node_modules/body-parser/lib/types/json.js:89:19)
    at /home/admin1/NodeProject/FundooNotes/node_modules/body-parser/lib/read.js:128:18
    at AsyncResource.runInAsyncScope (async_hooks.js:188:21)
    at invokeCallback (/home/admin1/NodeProject/FundooNotes/node_modules/raw-body/index.js:231:16)
    at done (/home/admin1/NodeProject/FundooNotes/node_modules/raw-body/index.js:220:7)
    at IncomingMessage.onEnd (/home/admin1/NodeProject/FundooNotes/node_modules/raw-body/index.js:280:7)
    at IncomingMessage.emit (events.js:203:15)
    at IncomingMessage.EventEmitter.emit (domain.js:448:20)
    at endReadableNT (_stream_readable.js:1145:12)
    at process._tickCallback (internal/process/next_tick.js:63:19) 
    url - /api/v1/users/login 
    method - POST 
    IP - ::1
   {"timestamp":"2023-08-25T07:30:07.011Z"}
error: uncaughtException: EIO: i/o error, write
Error: EIO: i/o error, write
    at writeSync (fs.js:573:3)
    at SyncWriteStream._write (internal/fs/sync_write_stream.js:22:3)
    at doWrite (_stream_writable.js:415:12)
    at writeOrBuffer (_stream_writable.js:399:5)
    at SyncWriteStream.Writable.write (_stream_writable.js:299:11)
    at Console.log (/home/admin1/NodeProject/FundooNotes/node_modules/winston/lib/winston/transports/console.js:79:23)
    at Console._write (/home/admin1/NodeProject/FundooNotes/node_modules/winston-transport/index.js:82:19)
    at doWrite (/home/admin1/NodeProject/FundooNotes/node_modules/winston-transport/node_modules/readable-stream/lib/_stream_writable.js:390:139)
    at writeOrBuffer (/home/admin1/NodeProject/FundooNotes/node_modules/winston-transport/node_modules/readable-stream/lib/_stream_writable.js:381:5)
    at Console.Writable.write (/home/admin1/NodeProject/FundooNotes/node_modules/winston-transport/node_modules/readable-stream/lib/_stream_writable.js:302:11)
    at DerivedLogger.ondata (/home/admin1/NodeProject/FundooNotes/node_modules/winston/node_modules/readable-stream/lib/_stream_readable.js:629:20)
    at DerivedLogger.emit (events.js:203:15)
    at DerivedLogger.EventEmitter.emit (domain.js:448:20)
    at addChunk (/home/admin1/NodeProject/FundooNotes/node_modules/winston/node_modules/readable-stream/lib/_stream_readable.js:279:12)
    at readableAddChunk (/home/admin1/NodeProject/FundooNotes/node_modules/winston/node_modules/readable-stream/lib/_stream_readable.js:262:11)
    at DerivedLogger.Readable.push (/home/admin1/NodeProject/FundooNotes/node_modules/winston/node_modules/readable-stream/lib/_stream_readable.js:228:10) {"date":"Fri Aug 25 2023 18:07:00 GMT+0530 (India Standard Time)","error":{"code":"EIO","errno":-5,"syscall":"write"},"exception":true,"os":{"loadavg":[0.83935546875,0.92431640625,1.40234375],"uptime":25738},"process":{"argv":["node","/home/admin1/NodeProject/FundooNotes/src/index.js"],"cwd":"/home/admin1/NodeProject/FundooNotes","execPath":"/usr/bin/node","gid":1000,"memoryUsage":{"external":19927925,"heapTotal":88887296,"heapUsed":67196696,"rss":129269760},"pid":29245,"uid":1000,"version":"v10.19.0"},"stack":"Error: EIO: i/o error, write\n    at writeSync (fs.js:573:3)\n    at SyncWriteStream._write (internal/fs/sync_write_stream.js:22:3)\n    at doWrite (_stream_writable.js:415:12)\n    at writeOrBuffer (_stream_writable.js:399:5)\n    at SyncWriteStream.Writable.write (_stream_writable.js:299:11)\n    at Console.log (/home/admin1/NodeProject/FundooNotes/node_modules/winston/lib/winston/transports/console.js:79:23)\n    at Console._write (/home/admin1/NodeProject/FundooNotes/node_modules/winston-transport/index.js:82:19)\n    at doWrite (/home/admin1/NodeProject/FundooNotes/node_modules/winston-transport/node_modules/readable-stream/lib/_stream_writable.js:390:139)\n    at writeOrBuffer (/home/admin1/NodeProject/FundooNotes/node_modules/winston-transport/node_modules/readable-stream/lib/_stream_writable.js:381:5)\n    at Console.Writable.write (/home/admin1/NodeProject/FundooNotes/node_modules/winston-transport/node_modules/readable-stream/lib/_stream_writable.js:302:11)\n    at DerivedLogger.ondata (/home/admin1/NodeProject/FundooNotes/node_modules/winston/node_modules/readable-stream/lib/_stream_readable.js:629:20)\n    at DerivedLogger.emit (events.js:203:15)\n    at DerivedLogger.EventEmitter.emit (domain.js:448:20)\n    at addChunk (/home/admin1/NodeProject/FundooNotes/node_modules/winston/node_modules/readable-stream/lib/_stream_readable.js:279:12)\n    at readableAddChunk (/home/admin1/NodeProject/FundooNotes/node_modules/winston/node_modules/readable-stream/lib/_stream_readable.js:262:11)\n    at DerivedLogger.Readable.push (/home/admin1/NodeProject/FundooNotes/node_modules/winston/node_modules/readable-stream/lib/_stream_readable.js:228:10)","timestamp":"2023-08-25T12:37:00.405Z","trace":[{"column":3,"file":"fs.js","function":"writeSync","line":573,"method":null,"native":false},{"column":3,"file":"internal/fs/sync_write_stream.js","function":"SyncWriteStream._write","line":22,"method":"_write","native":false},{"column":12,"file":"_stream_writable.js","function":"doWrite","line":415,"method":null,"native":false},{"column":5,"file":"_stream_writable.js","function":"writeOrBuffer","line":399,"method":null,"native":false},{"column":11,"file":"_stream_writable.js","function":"SyncWriteStream.Writable.write","line":299,"method":"write","native":false},{"column":23,"file":"/home/admin1/NodeProject/FundooNotes/node_modules/winston/lib/winston/transports/console.js","function":"Console.log","line":79,"method":"log","native":false},{"column":19,"file":"/home/admin1/NodeProject/FundooNotes/node_modules/winston-transport/index.js","function":"Console._write","line":82,"method":"_write","native":false},{"column":139,"file":"/home/admin1/NodeProject/FundooNotes/node_modules/winston-transport/node_modules/readable-stream/lib/_stream_writable.js","function":"doWrite","line":390,"method":null,"native":false},{"column":5,"file":"/home/admin1/NodeProject/FundooNotes/node_modules/winston-transport/node_modules/readable-stream/lib/_stream_writable.js","function":"writeOrBuffer","line":381,"method":null,"native":false},{"column":11,"file":"/home/admin1/NodeProject/FundooNotes/node_modules/winston-transport/node_modules/readable-stream/lib/_stream_writable.js","function":"Console.Writable.write","line":302,"method":"write","native":false},{"column":20,"file":"/home/admin1/NodeProject/FundooNotes/node_modules/winston/node_modules/readable-stream/lib/_stream_readable.js","function":"DerivedLogger.ondata","line":629,"method":"ondata","native":false},{"column":15,"file":"events.js","function":"DerivedLogger.emit","line":203,"method":"emit","native":false},{"column":20,"file":"domain.js","function":"DerivedLogger.EventEmitter.emit","line":448,"method":"emit","native":false},{"column":12,"file":"/home/admin1/NodeProject/FundooNotes/node_modules/winston/node_modules/readable-stream/lib/_stream_readable.js","function":"addChunk","line":279,"method":null,"native":false},{"column":11,"file":"/home/admin1/NodeProject/FundooNotes/node_modules/winston/node_modules/readable-stream/lib/_stream_readable.js","function":"readableAddChunk","line":262,"method":null,"native":false},{"column":10,"file":"/home/admin1/NodeProject/FundooNotes/node_modules/winston/node_modules/readable-stream/lib/_stream_readable.js","function":"DerivedLogger.Readable.push","line":228,"method":"push","native":false}]}
error: uncaughtException: EIO: i/o error, write
Error: EIO: i/o error, write
    at writeSync (fs.js:573:3)
    at SyncWriteStream._write (internal/fs/sync_write_stream.js:22:3)
    at doWrite (_stream_writable.js:415:12)
    at writeOrBuffer (_stream_writable.js:399:5)
    at SyncWriteStream.Writable.write (_stream_writable.js:299:11)
    at Console.log (/home/admin1/NodeProject/FundooNotes/node_modules/winston/lib/winston/transports/console.js:79:23)
    at Console._write (/home/admin1/NodeProject/FundooNotes/node_modules/winston-transport/index.js:82:19)
    at doWrite (/home/admin1/NodeProject/FundooNotes/node_modules/winston-transport/node_modules/readable-stream/lib/_stream_writable.js:390:139)
    at writeOrBuffer (/home/admin1/NodeProject/FundooNotes/node_modules/winston-transport/node_modules/readable-stream/lib/_stream_writable.js:381:5)
    at Console.Writable.write (/home/admin1/NodeProject/FundooNotes/node_modules/winston-transport/node_modules/readable-stream/lib/_stream_writable.js:302:11)
    at DerivedLogger.ondata (/home/admin1/NodeProject/FundooNotes/node_modules/winston/node_modules/readable-stream/lib/_stream_readable.js:629:20)
    at DerivedLogger.emit (events.js:203:15)
    at DerivedLogger.EventEmitter.emit (domain.js:448:20)
    at addChunk (/home/admin1/NodeProject/FundooNotes/node_modules/winston/node_modules/readable-stream/lib/_stream_readable.js:279:12)
    at readableAddChunk (/home/admin1/NodeProject/FundooNotes/node_modules/winston/node_modules/readable-stream/lib/_stream_readable.js:262:11)
    at DerivedLogger.Readable.push (/home/admin1/NodeProject/FundooNotes/node_modules/winston/node_modules/readable-stream/lib/_stream_readable.js:228:10) {"date":"Mon Aug 28 2023 17:54:41 GMT+0530 (India Standard Time)","error":{"code":"EIO","errno":-5,"syscall":"write"},"exception":true,"os":{"loadavg":[0.9609375,1.55810546875,1.72265625],"uptime":25933},"process":{"argv":["node","/home/admin1/NodeProject/FundooNotes/src/index.js"],"cwd":"/home/admin1/NodeProject/FundooNotes","execPath":"/usr/bin/node","gid":1000,"memoryUsage":{"external":19947375,"heapTotal":86306816,"heapUsed":64991784,"rss":125329408},"pid":23704,"uid":1000,"version":"v10.19.0"},"stack":"Error: EIO: i/o error, write\n    at writeSync (fs.js:573:3)\n    at SyncWriteStream._write (internal/fs/sync_write_stream.js:22:3)\n    at doWrite (_stream_writable.js:415:12)\n    at writeOrBuffer (_stream_writable.js:399:5)\n    at SyncWriteStream.Writable.write (_stream_writable.js:299:11)\n    at Console.log (/home/admin1/NodeProject/FundooNotes/node_modules/winston/lib/winston/transports/console.js:79:23)\n    at Console._write (/home/admin1/NodeProject/FundooNotes/node_modules/winston-transport/index.js:82:19)\n    at doWrite (/home/admin1/NodeProject/FundooNotes/node_modules/winston-transport/node_modules/readable-stream/lib/_stream_writable.js:390:139)\n    at writeOrBuffer (/home/admin1/NodeProject/FundooNotes/node_modules/winston-transport/node_modules/readable-stream/lib/_stream_writable.js:381:5)\n    at Console.Writable.write (/home/admin1/NodeProject/FundooNotes/node_modules/winston-transport/node_modules/readable-stream/lib/_stream_writable.js:302:11)\n    at DerivedLogger.ondata (/home/admin1/NodeProject/FundooNotes/node_modules/winston/node_modules/readable-stream/lib/_stream_readable.js:629:20)\n    at DerivedLogger.emit (events.js:203:15)\n    at DerivedLogger.EventEmitter.emit (domain.js:448:20)\n    at addChunk (/home/admin1/NodeProject/FundooNotes/node_modules/winston/node_modules/readable-stream/lib/_stream_readable.js:279:12)\n    at readableAddChunk (/home/admin1/NodeProject/FundooNotes/node_modules/winston/node_modules/readable-stream/lib/_stream_readable.js:262:11)\n    at DerivedLogger.Readable.push (/home/admin1/NodeProject/FundooNotes/node_modules/winston/node_modules/readable-stream/lib/_stream_readable.js:228:10)","timestamp":"2023-08-28T12:24:41.409Z","trace":[{"column":3,"file":"fs.js","function":"writeSync","line":573,"method":null,"native":false},{"column":3,"file":"internal/fs/sync_write_stream.js","function":"SyncWriteStream._write","line":22,"method":"_write","native":false},{"column":12,"file":"_stream_writable.js","function":"doWrite","line":415,"method":null,"native":false},{"column":5,"file":"_stream_writable.js","function":"writeOrBuffer","line":399,"method":null,"native":false},{"column":11,"file":"_stream_writable.js","function":"SyncWriteStream.Writable.write","line":299,"method":"write","native":false},{"column":23,"file":"/home/admin1/NodeProject/FundooNotes/node_modules/winston/lib/winston/transports/console.js","function":"Console.log","line":79,"method":"log","native":false},{"column":19,"file":"/home/admin1/NodeProject/FundooNotes/node_modules/winston-transport/index.js","function":"Console._write","line":82,"method":"_write","native":false},{"column":139,"file":"/home/admin1/NodeProject/FundooNotes/node_modules/winston-transport/node_modules/readable-stream/lib/_stream_writable.js","function":"doWrite","line":390,"method":null,"native":false},{"column":5,"file":"/home/admin1/NodeProject/FundooNotes/node_modules/winston-transport/node_modules/readable-stream/lib/_stream_writable.js","function":"writeOrBuffer","line":381,"method":null,"native":false},{"column":11,"file":"/home/admin1/NodeProject/FundooNotes/node_modules/winston-transport/node_modules/readable-stream/lib/_stream_writable.js","function":"Console.Writable.write","line":302,"method":"write","native":false},{"column":20,"file":"/home/admin1/NodeProject/FundooNotes/node_modules/winston/node_modules/readable-stream/lib/_stream_readable.js","function":"DerivedLogger.ondata","line":629,"method":"ondata","native":false},{"column":15,"file":"events.js","function":"DerivedLogger.emit","line":203,"method":"emit","native":false},{"column":20,"file":"domain.js","function":"DerivedLogger.EventEmitter.emit","line":448,"method":"emit","native":false},{"column":12,"file":"/home/admin1/NodeProject/FundooNotes/node_modules/winston/node_modules/readable-stream/lib/_stream_readable.js","function":"addChunk","line":279,"method":null,"native":false},{"column":11,"file":"/home/admin1/NodeProject/FundooNotes/node_modules/winston/node_modules/readable-stream/lib/_stream_readable.js","function":"readableAddChunk","line":262,"method":null,"native":false},{"column":10,"file":"/home/admin1/NodeProject/FundooNotes/node_modules/winston/node_modules/readable-stream/lib/_stream_readable.js","function":"DerivedLogger.Readable.push","line":228,"method":"push","native":false}]}
error: uncaughtException: EIO: i/o error, write
Error: EIO: i/o error, write
    at writeSync (fs.js:573:3)
    at SyncWriteStream._write (internal/fs/sync_write_stream.js:22:3)
    at doWrite (_stream_writable.js:415:12)
    at writeOrBuffer (_stream_writable.js:399:5)
    at SyncWriteStream.Writable.write (_stream_writable.js:299:11)
    at Console.log (/home/admin1/NodeProject/FundooNotes/node_modules/winston/lib/winston/transports/console.js:79:23)
    at Console._write (/home/admin1/NodeProject/FundooNotes/node_modules/winston-transport/index.js:82:19)
    at doWrite (/home/admin1/NodeProject/FundooNotes/node_modules/winston-transport/node_modules/readable-stream/lib/_stream_writable.js:390:139)
    at writeOrBuffer (/home/admin1/NodeProject/FundooNotes/node_modules/winston-transport/node_modules/readable-stream/lib/_stream_writable.js:381:5)
    at Console.Writable.write (/home/admin1/NodeProject/FundooNotes/node_modules/winston-transport/node_modules/readable-stream/lib/_stream_writable.js:302:11)
    at DerivedLogger.ondata (/home/admin1/NodeProject/FundooNotes/node_modules/winston/node_modules/readable-stream/lib/_stream_readable.js:629:20)
    at DerivedLogger.emit (events.js:203:15)
    at DerivedLogger.EventEmitter.emit (domain.js:448:20)
    at addChunk (/home/admin1/NodeProject/FundooNotes/node_modules/winston/node_modules/readable-stream/lib/_stream_readable.js:279:12)
    at readableAddChunk (/home/admin1/NodeProject/FundooNotes/node_modules/winston/node_modules/readable-stream/lib/_stream_readable.js:262:11)
    at DerivedLogger.Readable.push (/home/admin1/NodeProject/FundooNotes/node_modules/winston/node_modules/readable-stream/lib/_stream_readable.js:228:10) {"date":"Tue Aug 29 2023 18:37:51 GMT+0530 (India Standard Time)","error":{"code":"EIO","errno":-5,"syscall":"write"},"exception":true,"os":{"loadavg":[2.32763671875,1.40283203125,1.05859375],"uptime":25865},"process":{"argv":["node","/home/admin1/NodeProject/FundooNotes/src/index.js"],"cwd":"/home/admin1/NodeProject/FundooNotes","execPath":"/usr/bin/node","gid":1000,"memoryUsage":{"external":19981066,"heapTotal":85823488,"heapUsed":62125144,"rss":125296640},"pid":25538,"uid":1000,"version":"v10.19.0"},"stack":"Error: EIO: i/o error, write\n    at writeSync (fs.js:573:3)\n    at SyncWriteStream._write (internal/fs/sync_write_stream.js:22:3)\n    at doWrite (_stream_writable.js:415:12)\n    at writeOrBuffer (_stream_writable.js:399:5)\n    at SyncWriteStream.Writable.write (_stream_writable.js:299:11)\n    at Console.log (/home/admin1/NodeProject/FundooNotes/node_modules/winston/lib/winston/transports/console.js:79:23)\n    at Console._write (/home/admin1/NodeProject/FundooNotes/node_modules/winston-transport/index.js:82:19)\n    at doWrite (/home/admin1/NodeProject/FundooNotes/node_modules/winston-transport/node_modules/readable-stream/lib/_stream_writable.js:390:139)\n    at writeOrBuffer (/home/admin1/NodeProject/FundooNotes/node_modules/winston-transport/node_modules/readable-stream/lib/_stream_writable.js:381:5)\n    at Console.Writable.write (/home/admin1/NodeProject/FundooNotes/node_modules/winston-transport/node_modules/readable-stream/lib/_stream_writable.js:302:11)\n    at DerivedLogger.ondata (/home/admin1/NodeProject/FundooNotes/node_modules/winston/node_modules/readable-stream/lib/_stream_readable.js:629:20)\n    at DerivedLogger.emit (events.js:203:15)\n    at DerivedLogger.EventEmitter.emit (domain.js:448:20)\n    at addChunk (/home/admin1/NodeProject/FundooNotes/node_modules/winston/node_modules/readable-stream/lib/_stream_readable.js:279:12)\n    at readableAddChunk (/home/admin1/NodeProject/FundooNotes/node_modules/winston/node_modules/readable-stream/lib/_stream_readable.js:262:11)\n    at DerivedLogger.Readable.push (/home/admin1/NodeProject/FundooNotes/node_modules/winston/node_modules/readable-stream/lib/_stream_readable.js:228:10)","timestamp":"2023-08-29T13:07:51.789Z","trace":[{"column":3,"file":"fs.js","function":"writeSync","line":573,"method":null,"native":false},{"column":3,"file":"internal/fs/sync_write_stream.js","function":"SyncWriteStream._write","line":22,"method":"_write","native":false},{"column":12,"file":"_stream_writable.js","function":"doWrite","line":415,"method":null,"native":false},{"column":5,"file":"_stream_writable.js","function":"writeOrBuffer","line":399,"method":null,"native":false},{"column":11,"file":"_stream_writable.js","function":"SyncWriteStream.Writable.write","line":299,"method":"write","native":false},{"column":23,"file":"/home/admin1/NodeProject/FundooNotes/node_modules/winston/lib/winston/transports/console.js","function":"Console.log","line":79,"method":"log","native":false},{"column":19,"file":"/home/admin1/NodeProject/FundooNotes/node_modules/winston-transport/index.js","function":"Console._write","line":82,"method":"_write","native":false},{"column":139,"file":"/home/admin1/NodeProject/FundooNotes/node_modules/winston-transport/node_modules/readable-stream/lib/_stream_writable.js","function":"doWrite","line":390,"method":null,"native":false},{"column":5,"file":"/home/admin1/NodeProject/FundooNotes/node_modules/winston-transport/node_modules/readable-stream/lib/_stream_writable.js","function":"writeOrBuffer","line":381,"method":null,"native":false},{"column":11,"file":"/home/admin1/NodeProject/FundooNotes/node_modules/winston-transport/node_modules/readable-stream/lib/_stream_writable.js","function":"Console.Writable.write","line":302,"method":"write","native":false},{"column":20,"file":"/home/admin1/NodeProject/FundooNotes/node_modules/winston/node_modules/readable-stream/lib/_stream_readable.js","function":"DerivedLogger.ondata","line":629,"method":"ondata","native":false},{"column":15,"file":"events.js","function":"DerivedLogger.emit","line":203,"method":"emit","native":false},{"column":20,"file":"domain.js","function":"DerivedLogger.EventEmitter.emit","line":448,"method":"emit","native":false},{"column":12,"file":"/home/admin1/NodeProject/FundooNotes/node_modules/winston/node_modules/readable-stream/lib/_stream_readable.js","function":"addChunk","line":279,"method":null,"native":false},{"column":11,"file":"/home/admin1/NodeProject/FundooNotes/node_modules/winston/node_modules/readable-stream/lib/_stream_readable.js","function":"readableAddChunk","line":262,"method":null,"native":false},{"column":10,"file":"/home/admin1/NodeProject/FundooNotes/node_modules/winston/node_modules/readable-stream/lib/_stream_readable.js","function":"DerivedLogger.Readable.push","line":228,"method":"push","native":false}]}
error: 
    status - 500 
    message - SyntaxError: Unexpected token } in JSON at position 77
    at JSON.parse (<anonymous>)
    at parse (/home/admin1/NodeProject/FundooNotes/node_modules/body-parser/lib/types/json.js:89:19)
    at /home/admin1/NodeProject/FundooNotes/node_modules/body-parser/lib/read.js:128:18
    at AsyncResource.runInAsyncScope (async_hooks.js:188:21)
    at invokeCallback (/home/admin1/NodeProject/FundooNotes/node_modules/raw-body/index.js:231:16)
    at done (/home/admin1/NodeProject/FundooNotes/node_modules/raw-body/index.js:220:7)
    at IncomingMessage.onEnd (/home/admin1/NodeProject/FundooNotes/node_modules/raw-body/index.js:280:7)
    at IncomingMessage.emit (events.js:203:15)
    at IncomingMessage.EventEmitter.emit (domain.js:448:20)
    at endReadableNT (_stream_readable.js:1145:12)
    at process._tickCallback (internal/process/next_tick.js:63:19) 
    url - /api/v1/notes 
    method - POST 
    IP - ::1
   {"timestamp":"2023-08-30T13:12:10.886Z"}
error: 
    status - 500 
    message - SyntaxError: Unexpected token } in JSON at position 98
    at JSON.parse (<anonymous>)
    at parse (/home/admin1/NodeProject/FundooNotes/node_modules/body-parser/lib/types/json.js:89:19)
    at /home/admin1/NodeProject/FundooNotes/node_modules/body-parser/lib/read.js:128:18
    at AsyncResource.runInAsyncScope (async_hooks.js:188:21)
    at invokeCallback (/home/admin1/NodeProject/FundooNotes/node_modules/raw-body/index.js:231:16)
    at done (/home/admin1/NodeProject/FundooNotes/node_modules/raw-body/index.js:220:7)
    at IncomingMessage.onEnd (/home/admin1/NodeProject/FundooNotes/node_modules/raw-body/index.js:280:7)
    at IncomingMessage.emit (events.js:203:15)
    at IncomingMessage.EventEmitter.emit (domain.js:448:20)
    at endReadableNT (_stream_readable.js:1145:12)
    at process._tickCallback (internal/process/next_tick.js:63:19) 
    url - /api/v1/notes 
    method - POST 
    IP - ::1
   {"timestamp":"2023-08-30T13:22:42.437Z"}
error: uncaughtException: EIO: i/o error, write
Error: EIO: i/o error, write
    at writeSync (fs.js:573:3)
    at SyncWriteStream._write (internal/fs/sync_write_stream.js:22:3)
    at doWrite (_stream_writable.js:415:12)
    at writeOrBuffer (_stream_writable.js:399:5)
    at SyncWriteStream.Writable.write (_stream_writable.js:299:11)
    at Console.log (/home/admin1/NodeProject/FundooNotes/node_modules/winston/lib/winston/transports/console.js:79:23)
    at Console._write (/home/admin1/NodeProject/FundooNotes/node_modules/winston-transport/index.js:82:19)
    at doWrite (/home/admin1/NodeProject/FundooNotes/node_modules/winston-transport/node_modules/readable-stream/lib/_stream_writable.js:390:139)
    at writeOrBuffer (/home/admin1/NodeProject/FundooNotes/node_modules/winston-transport/node_modules/readable-stream/lib/_stream_writable.js:381:5)
    at Console.Writable.write (/home/admin1/NodeProject/FundooNotes/node_modules/winston-transport/node_modules/readable-stream/lib/_stream_writable.js:302:11)
    at DerivedLogger.ondata (/home/admin1/NodeProject/FundooNotes/node_modules/winston/node_modules/readable-stream/lib/_stream_readable.js:629:20)
    at DerivedLogger.emit (events.js:203:15)
    at DerivedLogger.EventEmitter.emit (domain.js:448:20)
    at addChunk (/home/admin1/NodeProject/FundooNotes/node_modules/winston/node_modules/readable-stream/lib/_stream_readable.js:279:12)
    at readableAddChunk (/home/admin1/NodeProject/FundooNotes/node_modules/winston/node_modules/readable-stream/lib/_stream_readable.js:262:11)
    at DerivedLogger.Readable.push (/home/admin1/NodeProject/FundooNotes/node_modules/winston/node_modules/readable-stream/lib/_stream_readable.js:228:10) {"date":"Wed Aug 30 2023 18:59:11 GMT+0530 (India Standard Time)","error":{"code":"EIO","errno":-5,"syscall":"write"},"exception":true,"os":{"loadavg":[1.16162109375,0.9150390625,1.21630859375],"uptime":30316},"process":{"argv":["node","/home/admin1/NodeProject/FundooNotes/src/index.js"],"cwd":"/home/admin1/NodeProject/FundooNotes","execPath":"/usr/bin/node","gid":1000,"memoryUsage":{"external":20067205,"heapTotal":86388736,"heapUsed":61464360,"rss":125665280},"pid":56861,"uid":1000,"version":"v10.19.0"},"stack":"Error: EIO: i/o error, write\n    at writeSync (fs.js:573:3)\n    at SyncWriteStream._write (internal/fs/sync_write_stream.js:22:3)\n    at doWrite (_stream_writable.js:415:12)\n    at writeOrBuffer (_stream_writable.js:399:5)\n    at SyncWriteStream.Writable.write (_stream_writable.js:299:11)\n    at Console.log (/home/admin1/NodeProject/FundooNotes/node_modules/winston/lib/winston/transports/console.js:79:23)\n    at Console._write (/home/admin1/NodeProject/FundooNotes/node_modules/winston-transport/index.js:82:19)\n    at doWrite (/home/admin1/NodeProject/FundooNotes/node_modules/winston-transport/node_modules/readable-stream/lib/_stream_writable.js:390:139)\n    at writeOrBuffer (/home/admin1/NodeProject/FundooNotes/node_modules/winston-transport/node_modules/readable-stream/lib/_stream_writable.js:381:5)\n    at Console.Writable.write (/home/admin1/NodeProject/FundooNotes/node_modules/winston-transport/node_modules/readable-stream/lib/_stream_writable.js:302:11)\n    at DerivedLogger.ondata (/home/admin1/NodeProject/FundooNotes/node_modules/winston/node_modules/readable-stream/lib/_stream_readable.js:629:20)\n    at DerivedLogger.emit (events.js:203:15)\n    at DerivedLogger.EventEmitter.emit (domain.js:448:20)\n    at addChunk (/home/admin1/NodeProject/FundooNotes/node_modules/winston/node_modules/readable-stream/lib/_stream_readable.js:279:12)\n    at readableAddChunk (/home/admin1/NodeProject/FundooNotes/node_modules/winston/node_modules/readable-stream/lib/_stream_readable.js:262:11)\n    at DerivedLogger.Readable.push (/home/admin1/NodeProject/FundooNotes/node_modules/winston/node_modules/readable-stream/lib/_stream_readable.js:228:10)","timestamp":"2023-08-30T13:29:11.792Z","trace":[{"column":3,"file":"fs.js","function":"writeSync","line":573,"method":null,"native":false},{"column":3,"file":"internal/fs/sync_write_stream.js","function":"SyncWriteStream._write","line":22,"method":"_write","native":false},{"column":12,"file":"_stream_writable.js","function":"doWrite","line":415,"method":null,"native":false},{"column":5,"file":"_stream_writable.js","function":"writeOrBuffer","line":399,"method":null,"native":false},{"column":11,"file":"_stream_writable.js","function":"SyncWriteStream.Writable.write","line":299,"method":"write","native":false},{"column":23,"file":"/home/admin1/NodeProject/FundooNotes/node_modules/winston/lib/winston/transports/console.js","function":"Console.log","line":79,"method":"log","native":false},{"column":19,"file":"/home/admin1/NodeProject/FundooNotes/node_modules/winston-transport/index.js","function":"Console._write","line":82,"method":"_write","native":false},{"column":139,"file":"/home/admin1/NodeProject/FundooNotes/node_modules/winston-transport/node_modules/readable-stream/lib/_stream_writable.js","function":"doWrite","line":390,"method":null,"native":false},{"column":5,"file":"/home/admin1/NodeProject/FundooNotes/node_modules/winston-transport/node_modules/readable-stream/lib/_stream_writable.js","function":"writeOrBuffer","line":381,"method":null,"native":false},{"column":11,"file":"/home/admin1/NodeProject/FundooNotes/node_modules/winston-transport/node_modules/readable-stream/lib/_stream_writable.js","function":"Console.Writable.write","line":302,"method":"write","native":false},{"column":20,"file":"/home/admin1/NodeProject/FundooNotes/node_modules/winston/node_modules/readable-stream/lib/_stream_readable.js","function":"DerivedLogger.ondata","line":629,"method":"ondata","native":false},{"column":15,"file":"events.js","function":"DerivedLogger.emit","line":203,"method":"emit","native":false},{"column":20,"file":"domain.js","function":"DerivedLogger.EventEmitter.emit","line":448,"method":"emit","native":false},{"column":12,"file":"/home/admin1/NodeProject/FundooNotes/node_modules/winston/node_modules/readable-stream/lib/_stream_readable.js","function":"addChunk","line":279,"method":null,"native":false},{"column":11,"file":"/home/admin1/NodeProject/FundooNotes/node_modules/winston/node_modules/readable-stream/lib/_stream_readable.js","function":"readableAddChunk","line":262,"method":null,"native":false},{"column":10,"file":"/home/admin1/NodeProject/FundooNotes/node_modules/winston/node_modules/readable-stream/lib/_stream_readable.js","function":"DerivedLogger.Readable.push","line":228,"method":"push","native":false}]}
error: 
    status - 500 
    message - SyntaxError: Unexpected token } in JSON at position 150
    at JSON.parse (<anonymous>)
    at parse (/home/admin1/NodeProject/FundooNotes/node_modules/body-parser/lib/types/json.js:89:19)
    at /home/admin1/NodeProject/FundooNotes/node_modules/body-parser/lib/read.js:128:18
    at AsyncResource.runInAsyncScope (async_hooks.js:188:21)
    at invokeCallback (/home/admin1/NodeProject/FundooNotes/node_modules/raw-body/index.js:231:16)
    at done (/home/admin1/NodeProject/FundooNotes/node_modules/raw-body/index.js:220:7)
    at IncomingMessage.onEnd (/home/admin1/NodeProject/FundooNotes/node_modules/raw-body/index.js:280:7)
    at IncomingMessage.emit (events.js:203:15)
    at IncomingMessage.EventEmitter.emit (domain.js:448:20)
    at endReadableNT (_stream_readable.js:1145:12)
    at process._tickCallback (internal/process/next_tick.js:63:19) 
    url - /api/v1/users 
    method - POST 
    IP - ::1
   {"timestamp":"2023-08-31T12:01:32.658Z"}
error: 
    status - 500 
    message - TypeError: _joi.default.string(...).minOfSpecialCharacters is not a function
    at newUserValidator (/home/admin1/NodeProject/FundooNotes/src/validators/user.validator.js:13:8)
    at Layer.handle [as handle_request] (/home/admin1/NodeProject/FundooNotes/node_modules/express/lib/router/layer.js:95:5)
    at next (/home/admin1/NodeProject/FundooNotes/node_modules/express/lib/router/route.js:144:13)
    at Route.dispatch (/home/admin1/NodeProject/FundooNotes/node_modules/express/lib/router/route.js:114:3)
    at Layer.handle [as handle_request] (/home/admin1/NodeProject/FundooNotes/node_modules/express/lib/router/layer.js:95:5)
    at /home/admin1/NodeProject/FundooNotes/node_modules/express/lib/router/index.js:284:15
    at Function.process_params (/home/admin1/NodeProject/FundooNotes/node_modules/express/lib/router/index.js:346:12)
    at next (/home/admin1/NodeProject/FundooNotes/node_modules/express/lib/router/index.js:280:10)
    at Function.handle (/home/admin1/NodeProject/FundooNotes/node_modules/express/lib/router/index.js:175:3)
    at router (/home/admin1/NodeProject/FundooNotes/node_modules/express/lib/router/index.js:47:12)
    at Layer.handle [as handle_request] (/home/admin1/NodeProject/FundooNotes/node_modules/express/lib/router/layer.js:95:5)
    at trim_prefix (/home/admin1/NodeProject/FundooNotes/node_modules/express/lib/router/index.js:328:13)
    at /home/admin1/NodeProject/FundooNotes/node_modules/express/lib/router/index.js:286:9
    at Function.process_params (/home/admin1/NodeProject/FundooNotes/node_modules/express/lib/router/index.js:346:12)
    at next (/home/admin1/NodeProject/FundooNotes/node_modules/express/lib/router/index.js:280:10)
    at Function.handle (/home/admin1/NodeProject/FundooNotes/node_modules/express/lib/router/index.js:175:3) 
    url - /api/v1/users 
    method - POST 
    IP - ::1
   {"timestamp":"2023-08-31T12:01:41.697Z"}
error: 
    status - 500 
    message - TypeError: _joi.default.string(...).minOfLowercase is not a function
    at newUserValidator (/home/admin1/NodeProject/FundooNotes/src/validators/user.validator.js:13:8)
    at Layer.handle [as handle_request] (/home/admin1/NodeProject/FundooNotes/node_modules/express/lib/router/layer.js:95:5)
    at next (/home/admin1/NodeProject/FundooNotes/node_modules/express/lib/router/route.js:144:13)
    at Route.dispatch (/home/admin1/NodeProject/FundooNotes/node_modules/express/lib/router/route.js:114:3)
    at Layer.handle [as handle_request] (/home/admin1/NodeProject/FundooNotes/node_modules/express/lib/router/layer.js:95:5)
    at /home/admin1/NodeProject/FundooNotes/node_modules/express/lib/router/index.js:284:15
    at Function.process_params (/home/admin1/NodeProject/FundooNotes/node_modules/express/lib/router/index.js:346:12)
    at next (/home/admin1/NodeProject/FundooNotes/node_modules/express/lib/router/index.js:280:10)
    at Function.handle (/home/admin1/NodeProject/FundooNotes/node_modules/express/lib/router/index.js:175:3)
    at router (/home/admin1/NodeProject/FundooNotes/node_modules/express/lib/router/index.js:47:12)
    at Layer.handle [as handle_request] (/home/admin1/NodeProject/FundooNotes/node_modules/express/lib/router/layer.js:95:5)
    at trim_prefix (/home/admin1/NodeProject/FundooNotes/node_modules/express/lib/router/index.js:328:13)
    at /home/admin1/NodeProject/FundooNotes/node_modules/express/lib/router/index.js:286:9
    at Function.process_params (/home/admin1/NodeProject/FundooNotes/node_modules/express/lib/router/index.js:346:12)
    at next (/home/admin1/NodeProject/FundooNotes/node_modules/express/lib/router/index.js:280:10)
    at Function.handle (/home/admin1/NodeProject/FundooNotes/node_modules/express/lib/router/index.js:175:3) 
    url - /api/v1/users 
    method - POST 
    IP - ::1
   {"timestamp":"2023-08-31T12:05:06.485Z"}
error: 
    status - 500 
    message - SyntaxError: Unexpected token } in JSON at position 76
    at JSON.parse (<anonymous>)
    at parse (/home/admin1/NodeProject/FundooNotes/node_modules/body-parser/lib/types/json.js:89:19)
    at /home/admin1/NodeProject/FundooNotes/node_modules/body-parser/lib/read.js:128:18
    at AsyncResource.runInAsyncScope (async_hooks.js:188:21)
    at invokeCallback (/home/admin1/NodeProject/FundooNotes/node_modules/raw-body/index.js:231:16)
    at done (/home/admin1/NodeProject/FundooNotes/node_modules/raw-body/index.js:220:7)
    at IncomingMessage.onEnd (/home/admin1/NodeProject/FundooNotes/node_modules/raw-body/index.js:280:7)
    at IncomingMessage.emit (events.js:203:15)
    at IncomingMessage.EventEmitter.emit (domain.js:448:20)
    at endReadableNT (_stream_readable.js:1145:12)
    at process._tickCallback (internal/process/next_tick.js:63:19) 
    url - /api/v1/users/login 
    method - POST 
    IP - ::1
   {"timestamp":"2023-08-31T12:47:33.853Z"}
error: uncaughtException: EIO: i/o error, write
Error: EIO: i/o error, write
    at writeSync (fs.js:573:3)
    at SyncWriteStream._write (internal/fs/sync_write_stream.js:22:3)
    at doWrite (_stream_writable.js:415:12)
    at writeOrBuffer (_stream_writable.js:399:5)
    at SyncWriteStream.Writable.write (_stream_writable.js:299:11)
    at Console.log (/home/admin1/NodeProject/FundooNotes/node_modules/winston/lib/winston/transports/console.js:79:23)
    at Console._write (/home/admin1/NodeProject/FundooNotes/node_modules/winston-transport/index.js:82:19)
    at doWrite (/home/admin1/NodeProject/FundooNotes/node_modules/winston-transport/node_modules/readable-stream/lib/_stream_writable.js:390:139)
    at writeOrBuffer (/home/admin1/NodeProject/FundooNotes/node_modules/winston-transport/node_modules/readable-stream/lib/_stream_writable.js:381:5)
    at Console.Writable.write (/home/admin1/NodeProject/FundooNotes/node_modules/winston-transport/node_modules/readable-stream/lib/_stream_writable.js:302:11)
    at DerivedLogger.ondata (/home/admin1/NodeProject/FundooNotes/node_modules/winston/node_modules/readable-stream/lib/_stream_readable.js:629:20)
    at DerivedLogger.emit (events.js:203:15)
    at DerivedLogger.EventEmitter.emit (domain.js:448:20)
    at addChunk (/home/admin1/NodeProject/FundooNotes/node_modules/winston/node_modules/readable-stream/lib/_stream_readable.js:279:12)
    at readableAddChunk (/home/admin1/NodeProject/FundooNotes/node_modules/winston/node_modules/readable-stream/lib/_stream_readable.js:262:11)
    at DerivedLogger.Readable.push (/home/admin1/NodeProject/FundooNotes/node_modules/winston/node_modules/readable-stream/lib/_stream_readable.js:228:10) {"date":"Thu Aug 31 2023 19:06:15 GMT+0530 (India Standard Time)","error":{"code":"EIO","errno":-5,"syscall":"write"},"exception":true,"os":{"loadavg":[0.83935546875,1.3623046875,0.87548828125],"uptime":517},"process":{"argv":["node","/home/admin1/NodeProject/FundooNotes/src/index.js"],"cwd":"/home/admin1/NodeProject/FundooNotes","execPath":"/usr/bin/node","gid":1000,"memoryUsage":{"external":20021648,"heapTotal":86388736,"heapUsed":62140432,"rss":125734912},"pid":4777,"uid":1000,"version":"v10.19.0"},"stack":"Error: EIO: i/o error, write\n    at writeSync (fs.js:573:3)\n    at SyncWriteStream._write (internal/fs/sync_write_stream.js:22:3)\n    at doWrite (_stream_writable.js:415:12)\n    at writeOrBuffer (_stream_writable.js:399:5)\n    at SyncWriteStream.Writable.write (_stream_writable.js:299:11)\n    at Console.log (/home/admin1/NodeProject/FundooNotes/node_modules/winston/lib/winston/transports/console.js:79:23)\n    at Console._write (/home/admin1/NodeProject/FundooNotes/node_modules/winston-transport/index.js:82:19)\n    at doWrite (/home/admin1/NodeProject/FundooNotes/node_modules/winston-transport/node_modules/readable-stream/lib/_stream_writable.js:390:139)\n    at writeOrBuffer (/home/admin1/NodeProject/FundooNotes/node_modules/winston-transport/node_modules/readable-stream/lib/_stream_writable.js:381:5)\n    at Console.Writable.write (/home/admin1/NodeProject/FundooNotes/node_modules/winston-transport/node_modules/readable-stream/lib/_stream_writable.js:302:11)\n    at DerivedLogger.ondata (/home/admin1/NodeProject/FundooNotes/node_modules/winston/node_modules/readable-stream/lib/_stream_readable.js:629:20)\n    at DerivedLogger.emit (events.js:203:15)\n    at DerivedLogger.EventEmitter.emit (domain.js:448:20)\n    at addChunk (/home/admin1/NodeProject/FundooNotes/node_modules/winston/node_modules/readable-stream/lib/_stream_readable.js:279:12)\n    at readableAddChunk (/home/admin1/NodeProject/FundooNotes/node_modules/winston/node_modules/readable-stream/lib/_stream_readable.js:262:11)\n    at DerivedLogger.Readable.push (/home/admin1/NodeProject/FundooNotes/node_modules/winston/node_modules/readable-stream/lib/_stream_readable.js:228:10)","timestamp":"2023-08-31T13:36:15.163Z","trace":[{"column":3,"file":"fs.js","function":"writeSync","line":573,"method":null,"native":false},{"column":3,"file":"internal/fs/sync_write_stream.js","function":"SyncWriteStream._write","line":22,"method":"_write","native":false},{"column":12,"file":"_stream_writable.js","function":"doWrite","line":415,"method":null,"native":false},{"column":5,"file":"_stream_writable.js","function":"writeOrBuffer","line":399,"method":null,"native":false},{"column":11,"file":"_stream_writable.js","function":"SyncWriteStream.Writable.write","line":299,"method":"write","native":false},{"column":23,"file":"/home/admin1/NodeProject/FundooNotes/node_modules/winston/lib/winston/transports/console.js","function":"Console.log","line":79,"method":"log","native":false},{"column":19,"file":"/home/admin1/NodeProject/FundooNotes/node_modules/winston-transport/index.js","function":"Console._write","line":82,"method":"_write","native":false},{"column":139,"file":"/home/admin1/NodeProject/FundooNotes/node_modules/winston-transport/node_modules/readable-stream/lib/_stream_writable.js","function":"doWrite","line":390,"method":null,"native":false},{"column":5,"file":"/home/admin1/NodeProject/FundooNotes/node_modules/winston-transport/node_modules/readable-stream/lib/_stream_writable.js","function":"writeOrBuffer","line":381,"method":null,"native":false},{"column":11,"file":"/home/admin1/NodeProject/FundooNotes/node_modules/winston-transport/node_modules/readable-stream/lib/_stream_writable.js","function":"Console.Writable.write","line":302,"method":"write","native":false},{"column":20,"file":"/home/admin1/NodeProject/FundooNotes/node_modules/winston/node_modules/readable-stream/lib/_stream_readable.js","function":"DerivedLogger.ondata","line":629,"method":"ondata","native":false},{"column":15,"file":"events.js","function":"DerivedLogger.emit","line":203,"method":"emit","native":false},{"column":20,"file":"domain.js","function":"DerivedLogger.EventEmitter.emit","line":448,"method":"emit","native":false},{"column":12,"file":"/home/admin1/NodeProject/FundooNotes/node_modules/winston/node_modules/readable-stream/lib/_stream_readable.js","function":"addChunk","line":279,"method":null,"native":false},{"column":11,"file":"/home/admin1/NodeProject/FundooNotes/node_modules/winston/node_modules/readable-stream/lib/_stream_readable.js","function":"readableAddChunk","line":262,"method":null,"native":false},{"column":10,"file":"/home/admin1/NodeProject/FundooNotes/node_modules/winston/node_modules/readable-stream/lib/_stream_readable.js","function":"DerivedLogger.Readable.push","line":228,"method":"push","native":false}]}
error: uncaughtException: listen EADDRINUSE: address already in use :::4010
Error: listen EADDRINUSE: address already in use :::4010
    at Server.setupListenHandle [as _listen2] (net.js:1280:14)
    at listenInCluster (net.js:1328:12)
    at Server.listen (net.js:1415:7)
    at Function.listen (/home/admin1/NodeProject/FundooNotes/node_modules/express/lib/application.js:635:24)
    at Object.<anonymous> (/home/admin1/NodeProject/FundooNotes/src/index.js:37:5)
    at Module._compile (internal/modules/cjs/loader.js:778:30)
    at Module._compile (/home/admin1/NodeProject/FundooNotes/node_modules/pirates/lib/index.js:117:24)
    at Module._extensions..js (internal/modules/cjs/loader.js:789:10)
    at Object.newLoader [as .js] (/home/admin1/NodeProject/FundooNotes/node_modules/pirates/lib/index.js:121:7)
    at Module.load (internal/modules/cjs/loader.js:653:32)
    at tryModuleLoad (internal/modules/cjs/loader.js:593:12)
    at Function.Module._load (internal/modules/cjs/loader.js:585:3)
    at Function.runMain (internal/modules/cjs/loader.js:831:12)
    at Object.<anonymous> (/home/admin1/NodeProject/FundooNotes/node_modules/@babel/node/src/_babel-node.ts:222:12)
    at Module._compile (internal/modules/cjs/loader.js:778:30)
    at Object.Module._extensions..js (internal/modules/cjs/loader.js:789:10) {"date":"Fri Sep 01 2023 15:21:43 GMT+0530 (India Standard Time)","error":{"address":"::","code":"EADDRINUSE","errno":"EADDRINUSE","port":4010,"syscall":"listen"},"exception":true,"os":{"loadavg":[1.42919921875,1.1259765625,1.0009765625],"uptime":13350},"process":{"argv":["node","/home/admin1/NodeProject/FundooNotes/src/index.js"],"cwd":"/home/admin1/NodeProject/FundooNotes","execPath":"/usr/bin/node","gid":1000,"memoryUsage":{"external":20104157,"heapTotal":85868544,"heapUsed":63193288,"rss":124157952},"pid":18260,"uid":1000,"version":"v10.19.0"},"stack":"Error: listen EADDRINUSE: address already in use :::4010\n    at Server.setupListenHandle [as _listen2] (net.js:1280:14)\n    at listenInCluster (net.js:1328:12)\n    at Server.listen (net.js:1415:7)\n    at Function.listen (/home/admin1/NodeProject/FundooNotes/node_modules/express/lib/application.js:635:24)\n    at Object.<anonymous> (/home/admin1/NodeProject/FundooNotes/src/index.js:37:5)\n    at Module._compile (internal/modules/cjs/loader.js:778:30)\n    at Module._compile (/home/admin1/NodeProject/FundooNotes/node_modules/pirates/lib/index.js:117:24)\n    at Module._extensions..js (internal/modules/cjs/loader.js:789:10)\n    at Object.newLoader [as .js] (/home/admin1/NodeProject/FundooNotes/node_modules/pirates/lib/index.js:121:7)\n    at Module.load (internal/modules/cjs/loader.js:653:32)\n    at tryModuleLoad (internal/modules/cjs/loader.js:593:12)\n    at Function.Module._load (internal/modules/cjs/loader.js:585:3)\n    at Function.runMain (internal/modules/cjs/loader.js:831:12)\n    at Object.<anonymous> (/home/admin1/NodeProject/FundooNotes/node_modules/@babel/node/src/_babel-node.ts:222:12)\n    at Module._compile (internal/modules/cjs/loader.js:778:30)\n    at Object.Module._extensions..js (internal/modules/cjs/loader.js:789:10)","timestamp":"2023-09-01T09:51:43.693Z","trace":[{"column":14,"file":"net.js","function":"Server.setupListenHandle [as _listen2]","line":1280,"method":"setupListenHandle [as _listen2]","native":false},{"column":12,"file":"net.js","function":"listenInCluster","line":1328,"method":null,"native":false},{"column":7,"file":"net.js","function":"Server.listen","line":1415,"method":"listen","native":false},{"column":24,"file":"/home/admin1/NodeProject/FundooNotes/node_modules/express/lib/application.js","function":"Function.listen","line":635,"method":"listen","native":false},{"column":5,"file":"/home/admin1/NodeProject/FundooNotes/src/index.js","function":null,"line":37,"method":null,"native":false},{"column":30,"file":"internal/modules/cjs/loader.js","function":"Module._compile","line":778,"method":"_compile","native":false},{"column":24,"file":"/home/admin1/NodeProject/FundooNotes/node_modules/pirates/lib/index.js","function":"Module._compile","line":117,"method":"_compile","native":false},{"column":10,"file":"internal/modules/cjs/loader.js","function":"Module._extensions..js","line":789,"method":".js","native":false},{"column":7,"file":"/home/admin1/NodeProject/FundooNotes/node_modules/pirates/lib/index.js","function":"Object.newLoader [as .js]","line":121,"method":"js]","native":false},{"column":32,"file":"internal/modules/cjs/loader.js","function":"Module.load","line":653,"method":"load","native":false},{"column":12,"file":"internal/modules/cjs/loader.js","function":"tryModuleLoad","line":593,"method":null,"native":false},{"column":3,"file":"internal/modules/cjs/loader.js","function":"Module._load","line":585,"method":"_load","native":false},{"column":12,"file":"internal/modules/cjs/loader.js","function":"Function.runMain","line":831,"method":"runMain","native":false},{"column":12,"file":"/home/admin1/NodeProject/FundooNotes/node_modules/@babel/node/src/_babel-node.ts","function":null,"line":222,"method":null,"native":false},{"column":30,"file":"internal/modules/cjs/loader.js","function":"Module._compile","line":778,"method":"_compile","native":false},{"column":10,"file":"internal/modules/cjs/loader.js","function":"Module._extensions..js","line":789,"method":".js","native":false}]}
error: 
    status - 500 
    message - SyntaxError: Unexpected token } in JSON at position 89
    at JSON.parse (<anonymous>)
    at parse (/home/admin1/NodeProject/FundooNotes/node_modules/body-parser/lib/types/json.js:89:19)
    at /home/admin1/NodeProject/FundooNotes/node_modules/body-parser/lib/read.js:128:18
    at AsyncResource.runInAsyncScope (async_hooks.js:188:21)
    at invokeCallback (/home/admin1/NodeProject/FundooNotes/node_modules/raw-body/index.js:231:16)
    at done (/home/admin1/NodeProject/FundooNotes/node_modules/raw-body/index.js:220:7)
    at IncomingMessage.onEnd (/home/admin1/NodeProject/FundooNotes/node_modules/raw-body/index.js:280:7)
    at IncomingMessage.emit (events.js:203:15)
    at IncomingMessage.EventEmitter.emit (domain.js:448:20)
    at endReadableNT (_stream_readable.js:1145:12)
    at process._tickCallback (internal/process/next_tick.js:63:19) 
    url - /api/v1/users/login 
    method - POST 
    IP - ::1
   {"timestamp":"2023-09-01T11:07:35.138Z"}
error: uncaughtException: EIO: i/o error, write
Error: EIO: i/o error, write
    at writeSync (fs.js:573:3)
    at SyncWriteStream._write (internal/fs/sync_write_stream.js:22:3)
    at doWrite (_stream_writable.js:415:12)
    at writeOrBuffer (_stream_writable.js:399:5)
    at SyncWriteStream.Writable.write (_stream_writable.js:299:11)
    at Console.log (/home/admin1/NodeProject/FundooNotes/node_modules/winston/lib/winston/transports/console.js:79:23)
    at Console._write (/home/admin1/NodeProject/FundooNotes/node_modules/winston-transport/index.js:82:19)
    at doWrite (/home/admin1/NodeProject/FundooNotes/node_modules/winston-transport/node_modules/readable-stream/lib/_stream_writable.js:390:139)
    at writeOrBuffer (/home/admin1/NodeProject/FundooNotes/node_modules/winston-transport/node_modules/readable-stream/lib/_stream_writable.js:381:5)
    at Console.Writable.write (/home/admin1/NodeProject/FundooNotes/node_modules/winston-transport/node_modules/readable-stream/lib/_stream_writable.js:302:11)
    at DerivedLogger.ondata (/home/admin1/NodeProject/FundooNotes/node_modules/winston/node_modules/readable-stream/lib/_stream_readable.js:629:20)
    at DerivedLogger.emit (events.js:203:15)
    at DerivedLogger.EventEmitter.emit (domain.js:448:20)
    at addChunk (/home/admin1/NodeProject/FundooNotes/node_modules/winston/node_modules/readable-stream/lib/_stream_readable.js:279:12)
    at readableAddChunk (/home/admin1/NodeProject/FundooNotes/node_modules/winston/node_modules/readable-stream/lib/_stream_readable.js:262:11)
    at DerivedLogger.Readable.push (/home/admin1/NodeProject/FundooNotes/node_modules/winston/node_modules/readable-stream/lib/_stream_readable.js:228:10) {"date":"Fri Sep 01 2023 18:14:14 GMT+0530 (India Standard Time)","error":{"code":"EIO","errno":-5,"syscall":"write"},"exception":true,"os":{"loadavg":[1.486328125,1.17138671875,1.25],"uptime":23701},"process":{"argv":["node","/home/admin1/NodeProject/FundooNotes/src/index.js"],"cwd":"/home/admin1/NodeProject/FundooNotes","execPath":"/usr/bin/node","gid":1000,"memoryUsage":{"external":18899334,"heapTotal":83898368,"heapUsed":52521032,"rss":121634816},"pid":30613,"uid":1000,"version":"v10.19.0"},"stack":"Error: EIO: i/o error, write\n    at writeSync (fs.js:573:3)\n    at SyncWriteStream._write (internal/fs/sync_write_stream.js:22:3)\n    at doWrite (_stream_writable.js:415:12)\n    at writeOrBuffer (_stream_writable.js:399:5)\n    at SyncWriteStream.Writable.write (_stream_writable.js:299:11)\n    at Console.log (/home/admin1/NodeProject/FundooNotes/node_modules/winston/lib/winston/transports/console.js:79:23)\n    at Console._write (/home/admin1/NodeProject/FundooNotes/node_modules/winston-transport/index.js:82:19)\n    at doWrite (/home/admin1/NodeProject/FundooNotes/node_modules/winston-transport/node_modules/readable-stream/lib/_stream_writable.js:390:139)\n    at writeOrBuffer (/home/admin1/NodeProject/FundooNotes/node_modules/winston-transport/node_modules/readable-stream/lib/_stream_writable.js:381:5)\n    at Console.Writable.write (/home/admin1/NodeProject/FundooNotes/node_modules/winston-transport/node_modules/readable-stream/lib/_stream_writable.js:302:11)\n    at DerivedLogger.ondata (/home/admin1/NodeProject/FundooNotes/node_modules/winston/node_modules/readable-stream/lib/_stream_readable.js:629:20)\n    at DerivedLogger.emit (events.js:203:15)\n    at DerivedLogger.EventEmitter.emit (domain.js:448:20)\n    at addChunk (/home/admin1/NodeProject/FundooNotes/node_modules/winston/node_modules/readable-stream/lib/_stream_readable.js:279:12)\n    at readableAddChunk (/home/admin1/NodeProject/FundooNotes/node_modules/winston/node_modules/readable-stream/lib/_stream_readable.js:262:11)\n    at DerivedLogger.Readable.push (/home/admin1/NodeProject/FundooNotes/node_modules/winston/node_modules/readable-stream/lib/_stream_readable.js:228:10)","timestamp":"2023-09-01T12:44:14.158Z","trace":[{"column":3,"file":"fs.js","function":"writeSync","line":573,"method":null,"native":false},{"column":3,"file":"internal/fs/sync_write_stream.js","function":"SyncWriteStream._write","line":22,"method":"_write","native":false},{"column":12,"file":"_stream_writable.js","function":"doWrite","line":415,"method":null,"native":false},{"column":5,"file":"_stream_writable.js","function":"writeOrBuffer","line":399,"method":null,"native":false},{"column":11,"file":"_stream_writable.js","function":"SyncWriteStream.Writable.write","line":299,"method":"write","native":false},{"column":23,"file":"/home/admin1/NodeProject/FundooNotes/node_modules/winston/lib/winston/transports/console.js","function":"Console.log","line":79,"method":"log","native":false},{"column":19,"file":"/home/admin1/NodeProject/FundooNotes/node_modules/winston-transport/index.js","function":"Console._write","line":82,"method":"_write","native":false},{"column":139,"file":"/home/admin1/NodeProject/FundooNotes/node_modules/winston-transport/node_modules/readable-stream/lib/_stream_writable.js","function":"doWrite","line":390,"method":null,"native":false},{"column":5,"file":"/home/admin1/NodeProject/FundooNotes/node_modules/winston-transport/node_modules/readable-stream/lib/_stream_writable.js","function":"writeOrBuffer","line":381,"method":null,"native":false},{"column":11,"file":"/home/admin1/NodeProject/FundooNotes/node_modules/winston-transport/node_modules/readable-stream/lib/_stream_writable.js","function":"Console.Writable.write","line":302,"method":"write","native":false},{"column":20,"file":"/home/admin1/NodeProject/FundooNotes/node_modules/winston/node_modules/readable-stream/lib/_stream_readable.js","function":"DerivedLogger.ondata","line":629,"method":"ondata","native":false},{"column":15,"file":"events.js","function":"DerivedLogger.emit","line":203,"method":"emit","native":false},{"column":20,"file":"domain.js","function":"DerivedLogger.EventEmitter.emit","line":448,"method":"emit","native":false},{"column":12,"file":"/home/admin1/NodeProject/FundooNotes/node_modules/winston/node_modules/readable-stream/lib/_stream_readable.js","function":"addChunk","line":279,"method":null,"native":false},{"column":11,"file":"/home/admin1/NodeProject/FundooNotes/node_modules/winston/node_modules/readable-stream/lib/_stream_readable.js","function":"readableAddChunk","line":262,"method":null,"native":false},{"column":10,"file":"/home/admin1/NodeProject/FundooNotes/node_modules/winston/node_modules/readable-stream/lib/_stream_readable.js","function":"DerivedLogger.Readable.push","line":228,"method":"push","native":false}]}
error: uncaughtException: listen EADDRINUSE: address already in use :::4011
Error: listen EADDRINUSE: address already in use :::4011
    at Server.setupListenHandle [as _listen2] (net.js:1280:14)
    at listenInCluster (net.js:1328:12)
    at Server.listen (net.js:1415:7)
    at Function.listen (/home/admin1/NodeProject/FundooNotes/node_modules/express/lib/application.js:635:24)
    at Object.<anonymous> (/home/admin1/NodeProject/FundooNotes/src/index.js:37:5)
    at Module._compile (internal/modules/cjs/loader.js:778:30)
    at Module._compile (/home/admin1/NodeProject/FundooNotes/node_modules/pirates/lib/index.js:117:24)
    at Module._extensions..js (internal/modules/cjs/loader.js:789:10)
    at Object.newLoader [as .js] (/home/admin1/NodeProject/FundooNotes/node_modules/pirates/lib/index.js:121:7)
    at Module.load (internal/modules/cjs/loader.js:653:32)
    at tryModuleLoad (internal/modules/cjs/loader.js:593:12)
    at Function.Module._load (internal/modules/cjs/loader.js:585:3)
    at Function.runMain (internal/modules/cjs/loader.js:831:12)
    at Object.<anonymous> (/home/admin1/NodeProject/FundooNotes/node_modules/@babel/node/src/_babel-node.ts:222:12)
    at Module._compile (internal/modules/cjs/loader.js:778:30)
    at Object.Module._extensions..js (internal/modules/cjs/loader.js:789:10) {"date":"Mon Sep 04 2023 16:27:59 GMT+0530 (India Standard Time)","error":{"address":"::","code":"EADDRINUSE","errno":"EADDRINUSE","port":4011,"syscall":"listen"},"exception":true,"os":{"loadavg":[2.01611328125,1.2294921875,1.00439453125],"uptime":18772},"process":{"argv":["node","/home/admin1/NodeProject/FundooNotes/src/index.js"],"cwd":"/home/admin1/NodeProject/FundooNotes","execPath":"/usr/bin/node","gid":1000,"memoryUsage":{"external":18827650,"heapTotal":84946944,"heapUsed":52980392,"rss":122257408},"pid":19685,"uid":1000,"version":"v10.19.0"},"stack":"Error: listen EADDRINUSE: address already in use :::4011\n    at Server.setupListenHandle [as _listen2] (net.js:1280:14)\n    at listenInCluster (net.js:1328:12)\n    at Server.listen (net.js:1415:7)\n    at Function.listen (/home/admin1/NodeProject/FundooNotes/node_modules/express/lib/application.js:635:24)\n    at Object.<anonymous> (/home/admin1/NodeProject/FundooNotes/src/index.js:37:5)\n    at Module._compile (internal/modules/cjs/loader.js:778:30)\n    at Module._compile (/home/admin1/NodeProject/FundooNotes/node_modules/pirates/lib/index.js:117:24)\n    at Module._extensions..js (internal/modules/cjs/loader.js:789:10)\n    at Object.newLoader [as .js] (/home/admin1/NodeProject/FundooNotes/node_modules/pirates/lib/index.js:121:7)\n    at Module.load (internal/modules/cjs/loader.js:653:32)\n    at tryModuleLoad (internal/modules/cjs/loader.js:593:12)\n    at Function.Module._load (internal/modules/cjs/loader.js:585:3)\n    at Function.runMain (internal/modules/cjs/loader.js:831:12)\n    at Object.<anonymous> (/home/admin1/NodeProject/FundooNotes/node_modules/@babel/node/src/_babel-node.ts:222:12)\n    at Module._compile (internal/modules/cjs/loader.js:778:30)\n    at Object.Module._extensions..js (internal/modules/cjs/loader.js:789:10)","timestamp":"2023-09-04T10:57:59.121Z","trace":[{"column":14,"file":"net.js","function":"Server.setupListenHandle [as _listen2]","line":1280,"method":"setupListenHandle [as _listen2]","native":false},{"column":12,"file":"net.js","function":"listenInCluster","line":1328,"method":null,"native":false},{"column":7,"file":"net.js","function":"Server.listen","line":1415,"method":"listen","native":false},{"column":24,"file":"/home/admin1/NodeProject/FundooNotes/node_modules/express/lib/application.js","function":"Function.listen","line":635,"method":"listen","native":false},{"column":5,"file":"/home/admin1/NodeProject/FundooNotes/src/index.js","function":null,"line":37,"method":null,"native":false},{"column":30,"file":"internal/modules/cjs/loader.js","function":"Module._compile","line":778,"method":"_compile","native":false},{"column":24,"file":"/home/admin1/NodeProject/FundooNotes/node_modules/pirates/lib/index.js","function":"Module._compile","line":117,"method":"_compile","native":false},{"column":10,"file":"internal/modules/cjs/loader.js","function":"Module._extensions..js","line":789,"method":".js","native":false},{"column":7,"file":"/home/admin1/NodeProject/FundooNotes/node_modules/pirates/lib/index.js","function":"Object.newLoader [as .js]","line":121,"method":"js]","native":false},{"column":32,"file":"internal/modules/cjs/loader.js","function":"Module.load","line":653,"method":"load","native":false},{"column":12,"file":"internal/modules/cjs/loader.js","function":"tryModuleLoad","line":593,"method":null,"native":false},{"column":3,"file":"internal/modules/cjs/loader.js","function":"Module._load","line":585,"method":"_load","native":false},{"column":12,"file":"internal/modules/cjs/loader.js","function":"Function.runMain","line":831,"method":"runMain","native":false},{"column":12,"file":"/home/admin1/NodeProject/FundooNotes/node_modules/@babel/node/src/_babel-node.ts","function":null,"line":222,"method":null,"native":false},{"column":30,"file":"internal/modules/cjs/loader.js","function":"Module._compile","line":778,"method":"_compile","native":false},{"column":10,"file":"internal/modules/cjs/loader.js","function":"Module._extensions..js","line":789,"method":".js","native":false}]}
error: uncaughtException: listen EADDRINUSE: address already in use :::4012
Error: listen EADDRINUSE: address already in use :::4012
    at Server.setupListenHandle [as _listen2] (net.js:1280:14)
    at listenInCluster (net.js:1328:12)
    at Server.listen (net.js:1415:7)
    at Function.listen (/home/admin1/NodeProject/FundooNotes/node_modules/express/lib/application.js:635:24)
    at Object.<anonymous> (/home/admin1/NodeProject/FundooNotes/src/index.js:37:5)
    at Module._compile (internal/modules/cjs/loader.js:778:30)
    at Module._compile (/home/admin1/NodeProject/FundooNotes/node_modules/pirates/lib/index.js:117:24)
    at Module._extensions..js (internal/modules/cjs/loader.js:789:10)
    at Object.newLoader [as .js] (/home/admin1/NodeProject/FundooNotes/node_modules/pirates/lib/index.js:121:7)
    at Module.load (internal/modules/cjs/loader.js:653:32)
    at tryModuleLoad (internal/modules/cjs/loader.js:593:12)
    at Function.Module._load (internal/modules/cjs/loader.js:585:3)
    at Function.runMain (internal/modules/cjs/loader.js:831:12)
    at Object.<anonymous> (/home/admin1/NodeProject/FundooNotes/node_modules/@babel/node/src/_babel-node.ts:222:12)
    at Module._compile (internal/modules/cjs/loader.js:778:30)
    at Object.Module._extensions..js (internal/modules/cjs/loader.js:789:10) {"date":"Mon Sep 04 2023 16:32:48 GMT+0530 (India Standard Time)","error":{"address":"::","code":"EADDRINUSE","errno":"EADDRINUSE","port":4012,"syscall":"listen"},"exception":true,"os":{"loadavg":[2.7568359375,1.541015625,1.15673828125],"uptime":19061},"process":{"argv":["node","/home/admin1/NodeProject/FundooNotes/src/index.js"],"cwd":"/home/admin1/NodeProject/FundooNotes","execPath":"/usr/bin/node","gid":1000,"memoryUsage":{"external":19755501,"heapTotal":88489984,"heapUsed":59397328,"rss":130215936},"pid":20152,"uid":1000,"version":"v10.19.0"},"stack":"Error: listen EADDRINUSE: address already in use :::4012\n    at Server.setupListenHandle [as _listen2] (net.js:1280:14)\n    at listenInCluster (net.js:1328:12)\n    at Server.listen (net.js:1415:7)\n    at Function.listen (/home/admin1/NodeProject/FundooNotes/node_modules/express/lib/application.js:635:24)\n    at Object.<anonymous> (/home/admin1/NodeProject/FundooNotes/src/index.js:37:5)\n    at Module._compile (internal/modules/cjs/loader.js:778:30)\n    at Module._compile (/home/admin1/NodeProject/FundooNotes/node_modules/pirates/lib/index.js:117:24)\n    at Module._extensions..js (internal/modules/cjs/loader.js:789:10)\n    at Object.newLoader [as .js] (/home/admin1/NodeProject/FundooNotes/node_modules/pirates/lib/index.js:121:7)\n    at Module.load (internal/modules/cjs/loader.js:653:32)\n    at tryModuleLoad (internal/modules/cjs/loader.js:593:12)\n    at Function.Module._load (internal/modules/cjs/loader.js:585:3)\n    at Function.runMain (internal/modules/cjs/loader.js:831:12)\n    at Object.<anonymous> (/home/admin1/NodeProject/FundooNotes/node_modules/@babel/node/src/_babel-node.ts:222:12)\n    at Module._compile (internal/modules/cjs/loader.js:778:30)\n    at Object.Module._extensions..js (internal/modules/cjs/loader.js:789:10)","timestamp":"2023-09-04T11:02:48.372Z","trace":[{"column":14,"file":"net.js","function":"Server.setupListenHandle [as _listen2]","line":1280,"method":"setupListenHandle [as _listen2]","native":false},{"column":12,"file":"net.js","function":"listenInCluster","line":1328,"method":null,"native":false},{"column":7,"file":"net.js","function":"Server.listen","line":1415,"method":"listen","native":false},{"column":24,"file":"/home/admin1/NodeProject/FundooNotes/node_modules/express/lib/application.js","function":"Function.listen","line":635,"method":"listen","native":false},{"column":5,"file":"/home/admin1/NodeProject/FundooNotes/src/index.js","function":null,"line":37,"method":null,"native":false},{"column":30,"file":"internal/modules/cjs/loader.js","function":"Module._compile","line":778,"method":"_compile","native":false},{"column":24,"file":"/home/admin1/NodeProject/FundooNotes/node_modules/pirates/lib/index.js","function":"Module._compile","line":117,"method":"_compile","native":false},{"column":10,"file":"internal/modules/cjs/loader.js","function":"Module._extensions..js","line":789,"method":".js","native":false},{"column":7,"file":"/home/admin1/NodeProject/FundooNotes/node_modules/pirates/lib/index.js","function":"Object.newLoader [as .js]","line":121,"method":"js]","native":false},{"column":32,"file":"internal/modules/cjs/loader.js","function":"Module.load","line":653,"method":"load","native":false},{"column":12,"file":"internal/modules/cjs/loader.js","function":"tryModuleLoad","line":593,"method":null,"native":false},{"column":3,"file":"internal/modules/cjs/loader.js","function":"Module._load","line":585,"method":"_load","native":false},{"column":12,"file":"internal/modules/cjs/loader.js","function":"Function.runMain","line":831,"method":"runMain","native":false},{"column":12,"file":"/home/admin1/NodeProject/FundooNotes/node_modules/@babel/node/src/_babel-node.ts","function":null,"line":222,"method":null,"native":false},{"column":30,"file":"internal/modules/cjs/loader.js","function":"Module._compile","line":778,"method":"_compile","native":false},{"column":10,"file":"internal/modules/cjs/loader.js","function":"Module._extensions..js","line":789,"method":".js","native":false}]}
error: uncaughtException: listen EADDRINUSE: address already in use :::4101
Error: listen EADDRINUSE: address already in use :::4101
    at Server.setupListenHandle [as _listen2] (net.js:1280:14)
    at listenInCluster (net.js:1328:12)
    at Server.listen (net.js:1415:7)
    at Function.listen (/home/admin1/NodeProject/FundooNotes/node_modules/express/lib/application.js:635:24)
    at Object.<anonymous> (/home/admin1/NodeProject/FundooNotes/src/index.js:37:5)
    at Module._compile (internal/modules/cjs/loader.js:778:30)
    at Module._compile (/home/admin1/NodeProject/FundooNotes/node_modules/pirates/lib/index.js:117:24)
    at Module._extensions..js (internal/modules/cjs/loader.js:789:10)
    at Object.newLoader [as .js] (/home/admin1/NodeProject/FundooNotes/node_modules/pirates/lib/index.js:121:7)
    at Module.load (internal/modules/cjs/loader.js:653:32)
    at tryModuleLoad (internal/modules/cjs/loader.js:593:12)
    at Function.Module._load (internal/modules/cjs/loader.js:585:3)
    at Function.runMain (internal/modules/cjs/loader.js:831:12)
    at Object.<anonymous> (/home/admin1/NodeProject/FundooNotes/node_modules/@babel/node/src/_babel-node.ts:222:12)
    at Module._compile (internal/modules/cjs/loader.js:778:30)
    at Object.Module._extensions..js (internal/modules/cjs/loader.js:789:10) {"date":"Mon Sep 04 2023 16:50:02 GMT+0530 (India Standard Time)","error":{"address":"::","code":"EADDRINUSE","errno":"EADDRINUSE","port":4101,"syscall":"listen"},"exception":true,"os":{"loadavg":[1.39990234375,1.2275390625,1.16650390625],"uptime":20096},"process":{"argv":["node","/home/admin1/NodeProject/FundooNotes/src/index.js"],"cwd":"/home/admin1/NodeProject/FundooNotes","execPath":"/usr/bin/node","gid":1000,"memoryUsage":{"external":19804765,"heapTotal":88489984,"heapUsed":59797696,"rss":130355200},"pid":21117,"uid":1000,"version":"v10.19.0"},"stack":"Error: listen EADDRINUSE: address already in use :::4101\n    at Server.setupListenHandle [as _listen2] (net.js:1280:14)\n    at listenInCluster (net.js:1328:12)\n    at Server.listen (net.js:1415:7)\n    at Function.listen (/home/admin1/NodeProject/FundooNotes/node_modules/express/lib/application.js:635:24)\n    at Object.<anonymous> (/home/admin1/NodeProject/FundooNotes/src/index.js:37:5)\n    at Module._compile (internal/modules/cjs/loader.js:778:30)\n    at Module._compile (/home/admin1/NodeProject/FundooNotes/node_modules/pirates/lib/index.js:117:24)\n    at Module._extensions..js (internal/modules/cjs/loader.js:789:10)\n    at Object.newLoader [as .js] (/home/admin1/NodeProject/FundooNotes/node_modules/pirates/lib/index.js:121:7)\n    at Module.load (internal/modules/cjs/loader.js:653:32)\n    at tryModuleLoad (internal/modules/cjs/loader.js:593:12)\n    at Function.Module._load (internal/modules/cjs/loader.js:585:3)\n    at Function.runMain (internal/modules/cjs/loader.js:831:12)\n    at Object.<anonymous> (/home/admin1/NodeProject/FundooNotes/node_modules/@babel/node/src/_babel-node.ts:222:12)\n    at Module._compile (internal/modules/cjs/loader.js:778:30)\n    at Object.Module._extensions..js (internal/modules/cjs/loader.js:789:10)","timestamp":"2023-09-04T11:20:02.942Z","trace":[{"column":14,"file":"net.js","function":"Server.setupListenHandle [as _listen2]","line":1280,"method":"setupListenHandle [as _listen2]","native":false},{"column":12,"file":"net.js","function":"listenInCluster","line":1328,"method":null,"native":false},{"column":7,"file":"net.js","function":"Server.listen","line":1415,"method":"listen","native":false},{"column":24,"file":"/home/admin1/NodeProject/FundooNotes/node_modules/express/lib/application.js","function":"Function.listen","line":635,"method":"listen","native":false},{"column":5,"file":"/home/admin1/NodeProject/FundooNotes/src/index.js","function":null,"line":37,"method":null,"native":false},{"column":30,"file":"internal/modules/cjs/loader.js","function":"Module._compile","line":778,"method":"_compile","native":false},{"column":24,"file":"/home/admin1/NodeProject/FundooNotes/node_modules/pirates/lib/index.js","function":"Module._compile","line":117,"method":"_compile","native":false},{"column":10,"file":"internal/modules/cjs/loader.js","function":"Module._extensions..js","line":789,"method":".js","native":false},{"column":7,"file":"/home/admin1/NodeProject/FundooNotes/node_modules/pirates/lib/index.js","function":"Object.newLoader [as .js]","line":121,"method":"js]","native":false},{"column":32,"file":"internal/modules/cjs/loader.js","function":"Module.load","line":653,"method":"load","native":false},{"column":12,"file":"internal/modules/cjs/loader.js","function":"tryModuleLoad","line":593,"method":null,"native":false},{"column":3,"file":"internal/modules/cjs/loader.js","function":"Module._load","line":585,"method":"_load","native":false},{"column":12,"file":"internal/modules/cjs/loader.js","function":"Function.runMain","line":831,"method":"runMain","native":false},{"column":12,"file":"/home/admin1/NodeProject/FundooNotes/node_modules/@babel/node/src/_babel-node.ts","function":null,"line":222,"method":null,"native":false},{"column":30,"file":"internal/modules/cjs/loader.js","function":"Module._compile","line":778,"method":"_compile","native":false},{"column":10,"file":"internal/modules/cjs/loader.js","function":"Module._extensions..js","line":789,"method":".js","native":false}]}
error: uncaughtException: listen EADDRINUSE: address already in use :::4101
Error: listen EADDRINUSE: address already in use :::4101
    at Server.setupListenHandle [as _listen2] (net.js:1280:14)
    at listenInCluster (net.js:1328:12)
    at Server.listen (net.js:1415:7)
    at Function.listen (/home/admin1/NodeProject/FundooNotes/node_modules/express/lib/application.js:635:24)
    at Object.<anonymous> (/home/admin1/NodeProject/FundooNotes/src/index.js:37:5)
    at Module._compile (internal/modules/cjs/loader.js:778:30)
    at Module._compile (/home/admin1/NodeProject/FundooNotes/node_modules/pirates/lib/index.js:117:24)
    at Module._extensions..js (internal/modules/cjs/loader.js:789:10)
    at Object.newLoader [as .js] (/home/admin1/NodeProject/FundooNotes/node_modules/pirates/lib/index.js:121:7)
    at Module.load (internal/modules/cjs/loader.js:653:32)
    at tryModuleLoad (internal/modules/cjs/loader.js:593:12)
    at Function.Module._load (internal/modules/cjs/loader.js:585:3)
    at Function.runMain (internal/modules/cjs/loader.js:831:12)
    at Object.<anonymous> (/home/admin1/NodeProject/FundooNotes/node_modules/@babel/node/src/_babel-node.ts:222:12)
    at Module._compile (internal/modules/cjs/loader.js:778:30)
    at Object.Module._extensions..js (internal/modules/cjs/loader.js:789:10) {"date":"Mon Sep 04 2023 16:52:10 GMT+0530 (India Standard Time)","error":{"address":"::","code":"EADDRINUSE","errno":"EADDRINUSE","port":4101,"syscall":"listen"},"exception":true,"os":{"loadavg":[2.0419921875,1.55810546875,1.29833984375],"uptime":20224},"process":{"argv":["node","/home/admin1/NodeProject/FundooNotes/src/index.js"],"cwd":"/home/admin1/NodeProject/FundooNotes","execPath":"/usr/bin/node","gid":1000,"memoryUsage":{"external":20037645,"heapTotal":86917120,"heapUsed":62208336,"rss":125292544},"pid":21358,"uid":1000,"version":"v10.19.0"},"stack":"Error: listen EADDRINUSE: address already in use :::4101\n    at Server.setupListenHandle [as _listen2] (net.js:1280:14)\n    at listenInCluster (net.js:1328:12)\n    at Server.listen (net.js:1415:7)\n    at Function.listen (/home/admin1/NodeProject/FundooNotes/node_modules/express/lib/application.js:635:24)\n    at Object.<anonymous> (/home/admin1/NodeProject/FundooNotes/src/index.js:37:5)\n    at Module._compile (internal/modules/cjs/loader.js:778:30)\n    at Module._compile (/home/admin1/NodeProject/FundooNotes/node_modules/pirates/lib/index.js:117:24)\n    at Module._extensions..js (internal/modules/cjs/loader.js:789:10)\n    at Object.newLoader [as .js] (/home/admin1/NodeProject/FundooNotes/node_modules/pirates/lib/index.js:121:7)\n    at Module.load (internal/modules/cjs/loader.js:653:32)\n    at tryModuleLoad (internal/modules/cjs/loader.js:593:12)\n    at Function.Module._load (internal/modules/cjs/loader.js:585:3)\n    at Function.runMain (internal/modules/cjs/loader.js:831:12)\n    at Object.<anonymous> (/home/admin1/NodeProject/FundooNotes/node_modules/@babel/node/src/_babel-node.ts:222:12)\n    at Module._compile (internal/modules/cjs/loader.js:778:30)\n    at Object.Module._extensions..js (internal/modules/cjs/loader.js:789:10)","timestamp":"2023-09-04T11:22:10.780Z","trace":[{"column":14,"file":"net.js","function":"Server.setupListenHandle [as _listen2]","line":1280,"method":"setupListenHandle [as _listen2]","native":false},{"column":12,"file":"net.js","function":"listenInCluster","line":1328,"method":null,"native":false},{"column":7,"file":"net.js","function":"Server.listen","line":1415,"method":"listen","native":false},{"column":24,"file":"/home/admin1/NodeProject/FundooNotes/node_modules/express/lib/application.js","function":"Function.listen","line":635,"method":"listen","native":false},{"column":5,"file":"/home/admin1/NodeProject/FundooNotes/src/index.js","function":null,"line":37,"method":null,"native":false},{"column":30,"file":"internal/modules/cjs/loader.js","function":"Module._compile","line":778,"method":"_compile","native":false},{"column":24,"file":"/home/admin1/NodeProject/FundooNotes/node_modules/pirates/lib/index.js","function":"Module._compile","line":117,"method":"_compile","native":false},{"column":10,"file":"internal/modules/cjs/loader.js","function":"Module._extensions..js","line":789,"method":".js","native":false},{"column":7,"file":"/home/admin1/NodeProject/FundooNotes/node_modules/pirates/lib/index.js","function":"Object.newLoader [as .js]","line":121,"method":"js]","native":false},{"column":32,"file":"internal/modules/cjs/loader.js","function":"Module.load","line":653,"method":"load","native":false},{"column":12,"file":"internal/modules/cjs/loader.js","function":"tryModuleLoad","line":593,"method":null,"native":false},{"column":3,"file":"internal/modules/cjs/loader.js","function":"Module._load","line":585,"method":"_load","native":false},{"column":12,"file":"internal/modules/cjs/loader.js","function":"Function.runMain","line":831,"method":"runMain","native":false},{"column":12,"file":"/home/admin1/NodeProject/FundooNotes/node_modules/@babel/node/src/_babel-node.ts","function":null,"line":222,"method":null,"native":false},{"column":30,"file":"internal/modules/cjs/loader.js","function":"Module._compile","line":778,"method":"_compile","native":false},{"column":10,"file":"internal/modules/cjs/loader.js","function":"Module._extensions..js","line":789,"method":".js","native":false}]}
error: 
    status - 500 
    message - SyntaxError: Unexpected token { in JSON at position 7
    at JSON.parse (<anonymous>)
    at parse (/home/admin1/NodeProject/FundooNotes/node_modules/body-parser/lib/types/json.js:89:19)
    at /home/admin1/NodeProject/FundooNotes/node_modules/body-parser/lib/read.js:128:18
    at AsyncResource.runInAsyncScope (async_hooks.js:188:21)
    at invokeCallback (/home/admin1/NodeProject/FundooNotes/node_modules/raw-body/index.js:231:16)
    at done (/home/admin1/NodeProject/FundooNotes/node_modules/raw-body/index.js:220:7)
    at IncomingMessage.onEnd (/home/admin1/NodeProject/FundooNotes/node_modules/raw-body/index.js:280:7)
    at IncomingMessage.emit (events.js:203:15)
    at IncomingMessage.EventEmitter.emit (domain.js:448:20)
    at endReadableNT (_stream_readable.js:1145:12)
    at process._tickCallback (internal/process/next_tick.js:63:19) 
    url - /api/v1/users 
    method - POST 
    IP - ::1
   {"timestamp":"2023-09-04T11:26:30.702Z"}
error: 
    status - 500 
    message - SyntaxError: Unexpected token } in JSON at position 163
    at JSON.parse (<anonymous>)
    at parse (/home/admin1/NodeProject/FundooNotes/node_modules/body-parser/lib/types/json.js:89:19)
    at /home/admin1/NodeProject/FundooNotes/node_modules/body-parser/lib/read.js:128:18
    at AsyncResource.runInAsyncScope (async_hooks.js:188:21)
    at invokeCallback (/home/admin1/NodeProject/FundooNotes/node_modules/raw-body/index.js:231:16)
    at done (/home/admin1/NodeProject/FundooNotes/node_modules/raw-body/index.js:220:7)
    at IncomingMessage.onEnd (/home/admin1/NodeProject/FundooNotes/node_modules/raw-body/index.js:280:7)
    at IncomingMessage.emit (events.js:203:15)
    at IncomingMessage.EventEmitter.emit (domain.js:448:20)
    at endReadableNT (_stream_readable.js:1145:12)
    at process._tickCallback (internal/process/next_tick.js:63:19) 
    url - /api/v1/users 
    method - POST 
    IP - ::1
   {"timestamp":"2023-09-04T11:26:40.957Z"}
error: uncaughtException: EIO: i/o error, write
Error: EIO: i/o error, write
    at writeSync (node:fs:884:3)
    at SyncWriteStream._write (node:internal/fs/sync_write_stream:25:3)
    at writeOrBuffer (node:internal/streams/writable:389:12)
    at _write (node:internal/streams/writable:330:10)
    at SyncWriteStream.Writable.write (node:internal/streams/writable:334:10)
    at Console.log (/home/admin1/NodeProject/FundooNotes/node_modules/winston/lib/winston/transports/console.js:79:23)
    at Console._write (/home/admin1/NodeProject/FundooNotes/node_modules/winston-transport/index.js:82:19)
    at doWrite (/home/admin1/NodeProject/FundooNotes/node_modules/winston-transport/node_modules/readable-stream/lib/_stream_writable.js:390:139)
    at writeOrBuffer (/home/admin1/NodeProject/FundooNotes/node_modules/winston-transport/node_modules/readable-stream/lib/_stream_writable.js:381:5)
    at Console.Writable.write (/home/admin1/NodeProject/FundooNotes/node_modules/winston-transport/node_modules/readable-stream/lib/_stream_writable.js:302:11)
    at DerivedLogger.ondata (/home/admin1/NodeProject/FundooNotes/node_modules/winston/node_modules/readable-stream/lib/_stream_readable.js:629:20)
    at DerivedLogger.emit (node:events:532:35)
    at DerivedLogger.emit (node:domain:475:12)
    at addChunk (/home/admin1/NodeProject/FundooNotes/node_modules/winston/node_modules/readable-stream/lib/_stream_readable.js:279:12)
    at readableAddChunk (/home/admin1/NodeProject/FundooNotes/node_modules/winston/node_modules/readable-stream/lib/_stream_readable.js:262:11)
    at DerivedLogger.Readable.push (/home/admin1/NodeProject/FundooNotes/node_modules/winston/node_modules/readable-stream/lib/_stream_readable.js:228:10) {"date":"Mon Sep 04 2023 18:00:22 GMT+0530 (India Standard Time)","error":{"code":"EIO","errno":-5,"syscall":"write"},"exception":true,"os":{"loadavg":[5.82,3.27,2.89],"uptime":24315.33},"process":{"argv":["node","/home/admin1/NodeProject/FundooNotes/src/index.js"],"cwd":"/home/admin1/NodeProject/FundooNotes","execPath":"/usr/local/bin/node","gid":1000,"memoryUsage":{"arrayBuffers":19021930,"external":26228252,"heapTotal":84398080,"heapUsed":51872584,"rss":137191424},"pid":30539,"uid":1000,"version":"v16.14.0"},"stack":"Error: EIO: i/o error, write\n    at writeSync (node:fs:884:3)\n    at SyncWriteStream._write (node:internal/fs/sync_write_stream:25:3)\n    at writeOrBuffer (node:internal/streams/writable:389:12)\n    at _write (node:internal/streams/writable:330:10)\n    at SyncWriteStream.Writable.write (node:internal/streams/writable:334:10)\n    at Console.log (/home/admin1/NodeProject/FundooNotes/node_modules/winston/lib/winston/transports/console.js:79:23)\n    at Console._write (/home/admin1/NodeProject/FundooNotes/node_modules/winston-transport/index.js:82:19)\n    at doWrite (/home/admin1/NodeProject/FundooNotes/node_modules/winston-transport/node_modules/readable-stream/lib/_stream_writable.js:390:139)\n    at writeOrBuffer (/home/admin1/NodeProject/FundooNotes/node_modules/winston-transport/node_modules/readable-stream/lib/_stream_writable.js:381:5)\n    at Console.Writable.write (/home/admin1/NodeProject/FundooNotes/node_modules/winston-transport/node_modules/readable-stream/lib/_stream_writable.js:302:11)\n    at DerivedLogger.ondata (/home/admin1/NodeProject/FundooNotes/node_modules/winston/node_modules/readable-stream/lib/_stream_readable.js:629:20)\n    at DerivedLogger.emit (node:events:532:35)\n    at DerivedLogger.emit (node:domain:475:12)\n    at addChunk (/home/admin1/NodeProject/FundooNotes/node_modules/winston/node_modules/readable-stream/lib/_stream_readable.js:279:12)\n    at readableAddChunk (/home/admin1/NodeProject/FundooNotes/node_modules/winston/node_modules/readable-stream/lib/_stream_readable.js:262:11)\n    at DerivedLogger.Readable.push (/home/admin1/NodeProject/FundooNotes/node_modules/winston/node_modules/readable-stream/lib/_stream_readable.js:228:10)","timestamp":"2023-09-04T12:30:22.064Z","trace":[{"column":3,"file":"node:fs","function":"writeSync","line":884,"method":null,"native":false},{"column":3,"file":"node:internal/fs/sync_write_stream","function":"SyncWriteStream._write","line":25,"method":"_write","native":false},{"column":12,"file":"node:internal/streams/writable","function":"writeOrBuffer","line":389,"method":null,"native":false},{"column":10,"file":"node:internal/streams/writable","function":"_write","line":330,"method":null,"native":false},{"column":10,"file":"node:internal/streams/writable","function":"SyncWriteStream.Writable.write","line":334,"method":"write","native":false},{"column":23,"file":"/home/admin1/NodeProject/FundooNotes/node_modules/winston/lib/winston/transports/console.js","function":"Console.log","line":79,"method":"log","native":false},{"column":19,"file":"/home/admin1/NodeProject/FundooNotes/node_modules/winston-transport/index.js","function":"Console._write","line":82,"method":"_write","native":false},{"column":139,"file":"/home/admin1/NodeProject/FundooNotes/node_modules/winston-transport/node_modules/readable-stream/lib/_stream_writable.js","function":"doWrite","line":390,"method":null,"native":false},{"column":5,"file":"/home/admin1/NodeProject/FundooNotes/node_modules/winston-transport/node_modules/readable-stream/lib/_stream_writable.js","function":"writeOrBuffer","line":381,"method":null,"native":false},{"column":11,"file":"/home/admin1/NodeProject/FundooNotes/node_modules/winston-transport/node_modules/readable-stream/lib/_stream_writable.js","function":"Console.Writable.write","line":302,"method":"write","native":false},{"column":20,"file":"/home/admin1/NodeProject/FundooNotes/node_modules/winston/node_modules/readable-stream/lib/_stream_readable.js","function":"DerivedLogger.ondata","line":629,"method":"ondata","native":false},{"column":35,"file":"node:events","function":"DerivedLogger.emit","line":532,"method":"emit","native":false},{"column":12,"file":"node:domain","function":"DerivedLogger.emit","line":475,"method":"emit","native":false},{"column":12,"file":"/home/admin1/NodeProject/FundooNotes/node_modules/winston/node_modules/readable-stream/lib/_stream_readable.js","function":"addChunk","line":279,"method":null,"native":false},{"column":11,"file":"/home/admin1/NodeProject/FundooNotes/node_modules/winston/node_modules/readable-stream/lib/_stream_readable.js","function":"readableAddChunk","line":262,"method":null,"native":false},{"column":10,"file":"/home/admin1/NodeProject/FundooNotes/node_modules/winston/node_modules/readable-stream/lib/_stream_readable.js","function":"DerivedLogger.Readable.push","line":228,"method":"push","native":false}]}
