info: ::ffff:127.0.0.1 - - [21/Aug/2023:07:18:47 +0000] "GET /api/v1/ HTTP/1.1" 200 9 "-" "Mozilla/5.0 (X11; Ubuntu; Linux x86_64; rv:109.0) Gecko/20100101 Firefox/116.0"

info: ::1 - - [21/Aug/2023:07:34:58 +0000] "POST /api/v1/users HTTP/1.1" 201 193 "-" "PostmanRuntime/7.32.3"

info: ::ffff:127.0.0.1 - - [21/Aug/2023:07:38:53 +0000] "GET /api/v1/ HTTP/1.1" 200 9 "-" "Mozilla/5.0 (X11; Ubuntu; Linux x86_64; rv:109.0) Gecko/20100101 Firefox/116.0"

info: ::1 - - [21/Aug/2023:07:42:48 +0000] "POST /api/v1/users HTTP/1.1" 201 234 "-" "PostmanRuntime/7.32.3"

info: ::1 - - [21/Aug/2023:07:44:42 +0000] "POST /api/v1/users HTTP/1.1" 201 82 "-" "PostmanRuntime/7.32.3"

info: ::1 - - [21/Aug/2023:08:06:51 +0000] "POST /api/v1/login HTTP/1.1" 404 47 "-" "PostmanRuntime/7.32.3"

info: ::1 - - [21/Aug/2023:08:07:49 +0000] "POST /api/v1/users/login HTTP/1.1" 200 47 "-" "PostmanRuntime/7.32.3"

info: ::1 - - [21/Aug/2023:08:32:38 +0000] "POST /api/v1/users HTTP/1.1" 201 82 "-" "PostmanRuntime/7.32.3"

info: ::1 - - [21/Aug/2023:09:07:41 +0000] "POST /api/v1/users HTTP/1.1" 201 82 "-" "PostmanRuntime/7.32.3"

info: ::1 - - [21/Aug/2023:09:12:00 +0000] "POST /api/v1/users HTTP/1.1" 201 82 "-" "PostmanRuntime/7.32.3"

info: ::1 - - [21/Aug/2023:09:14:58 +0000] "POST /api/v1/users HTTP/1.1" 201 82 "-" "PostmanRuntime/7.32.3"

info: ::1 - - [21/Aug/2023:09:15:10 +0000] "GET /api/v1/users HTTP/1.1" 200 1262 "-" "PostmanRuntime/7.32.3"

info: ::1 - - [21/Aug/2023:09:18:20 +0000] "GET /api/v1/users HTTP/1.1" 200 1262 "-" "PostmanRuntime/7.32.3"

info: ::1 - - [21/Aug/2023:09:29:25 +0000] "GET /api/v1/users HTTP/1.1" 500 76 "-" "PostmanRuntime/7.32.3"

info: ::1 - - [21/Aug/2023:09:29:31 +0000] "POST /api/v1/users HTTP/1.1" 201 82 "-" "PostmanRuntime/7.32.3"

info: ::1 - - [21/Aug/2023:09:30:16 +0000] "POST /api/v1/users HTTP/1.1" 201 82 "-" "PostmanRuntime/7.32.3"

info: ::1 - - [21/Aug/2023:09:33:11 +0000] "POST /api/v1/users HTTP/1.1" 201 82 "-" "PostmanRuntime/7.32.3"

info: ::1 - - [21/Aug/2023:09:35:27 +0000] "POST /api/v1/users HTTP/1.1" 201 73 "-" "PostmanRuntime/7.32.3"

info: ::1 - - [21/Aug/2023:09:38:27 +0000] "POST /api/v1/users HTTP/1.1" 201 73 "-" "PostmanRuntime/7.32.3"

info: ::1 - - [21/Aug/2023:09:38:58 +0000] "POST /api/v1/users HTTP/1.1" 201 73 "-" "PostmanRuntime/7.32.3"

info: ::1 - - [21/Aug/2023:09:40:55 +0000] "POST /api/v1/users HTTP/1.1" 500 54 "-" "PostmanRuntime/7.32.3"

info: ::1 - - [21/Aug/2023:09:42:22 +0000] "POST /api/v1/users HTTP/1.1" 500 76 "-" "PostmanRuntime/7.32.3"

info: ::1 - - [21/Aug/2023:09:43:48 +0000] "POST /api/v1/users HTTP/1.1" 500 76 "-" "PostmanRuntime/7.32.3"

info: ::1 - - [21/Aug/2023:09:45:51 +0000] "POST /api/v1/users HTTP/1.1" 201 50 "-" "PostmanRuntime/7.32.3"

info: ::1 - - [21/Aug/2023:09:49:15 +0000] "POST /api/v1/users HTTP/1.1" 201 231 "-" "PostmanRuntime/7.32.3"

info: ::1 - - [21/Aug/2023:09:49:32 +0000] "POST /api/v1/users HTTP/1.1" 201 50 "-" "PostmanRuntime/7.32.3"

info: ::1 - - [21/Aug/2023:10:02:41 +0000] "POST /api/v1/users HTTP/1.1" 201 234 "-" "PostmanRuntime/7.32.3"

info: ::1 - - [21/Aug/2023:10:03:50 +0000] "POST /api/v1/users HTTP/1.1" 201 230 "-" "PostmanRuntime/7.32.3"

info: ::1 - - [21/Aug/2023:10:04:36 +0000] "POST /api/v1/users HTTP/1.1" 500 53 "-" "PostmanRuntime/7.32.3"

info: ::1 - - [21/Aug/2023:10:05:51 +0000] "POST /api/v1/users HTTP/1.1" 201 51 "-" "PostmanRuntime/7.32.3"

info: ::1 - - [21/Aug/2023:10:06:02 +0000] "POST /api/v1/users HTTP/1.1" 201 51 "-" "PostmanRuntime/7.32.3"

info: ::1 - - [21/Aug/2023:10:06:04 +0000] "POST /api/v1/users HTTP/1.1" 201 51 "-" "PostmanRuntime/7.32.3"

info: ::1 - - [21/Aug/2023:10:08:13 +0000] "POST /api/v1/users HTTP/1.1" 201 51 "-" "PostmanRuntime/7.32.3"

info: ::1 - - [21/Aug/2023:10:10:15 +0000] "POST /api/v1/users HTTP/1.1" 201 83 "-" "PostmanRuntime/7.32.3"

info: ::1 - - [21/Aug/2023:10:18:15 +0000] "POST /api/v1/users HTTP/1.1" 201 112 "-" "PostmanRuntime/7.32.3"

info: ::1 - - [21/Aug/2023:10:19:22 +0000] "POST /api/v1/users HTTP/1.1" 400 53 "-" "PostmanRuntime/7.32.3"

info: ::1 - - [21/Aug/2023:10:19:32 +0000] "POST /api/v1/users HTTP/1.1" 201 229 "-" "PostmanRuntime/7.32.3"

info: ::1 - - [21/Aug/2023:10:19:35 +0000] "POST /api/v1/users HTTP/1.1" 400 53 "-" "PostmanRuntime/7.32.3"

info: ::1 - - [21/Aug/2023:10:21:01 +0000] "POST /api/v1/users HTTP/1.1" 400 85 "-" "PostmanRuntime/7.32.3"

info: ::1 - - [21/Aug/2023:10:21:09 +0000] "POST /api/v1/users HTTP/1.1" 201 230 "-" "PostmanRuntime/7.32.3"

info: ::1 - - [21/Aug/2023:10:21:15 +0000] "POST /api/v1/users HTTP/1.1" 400 86 "-" "PostmanRuntime/7.32.3"

info: ::1 - - [21/Aug/2023:11:06:24 +0000] "GET /api/v1/users/login HTTP/1.1" 200 228 "-" "PostmanRuntime/7.32.3"

info: ::1 - - [21/Aug/2023:11:06:44 +0000] "GET /api/v1/users/login HTTP/1.1" 400 49 "-" "PostmanRuntime/7.32.3"

info: ::1 - - [21/Aug/2023:11:19:19 +0000] "GET /api/v1/users/login HTTP/1.1" 400 54 "-" "PostmanRuntime/7.32.3"

info: ::1 - - [21/Aug/2023:11:27:45 +0000] "GET /api/v1/users/login HTTP/1.1" 400 54 "-" "PostmanRuntime/7.32.3"

info: ::1 - - [21/Aug/2023:11:27:49 +0000] "GET /api/v1/users/login HTTP/1.1" 400 54 "-" "PostmanRuntime/7.32.3"

info: ::1 - - [21/Aug/2023:11:56:31 +0000] "GET /api/v1/users/login HTTP/1.1" 400 54 "-" "PostmanRuntime/7.32.3"

info: ::1 - - [21/Aug/2023:11:58:47 +0000] "POST /api/v1/users HTTP/1.1" 201 244 "-" "PostmanRuntime/7.32.3"

info: ::1 - - [21/Aug/2023:11:59:14 +0000] "GET /api/v1/users/login HTTP/1.1" 200 242 "-" "PostmanRuntime/7.32.3"

error: uncaughtException: EIO: i/o error, write
Error: EIO: i/o error, write
    at writeSync (fs.js:573:3)
    at SyncWriteStream._write (internal/fs/sync_write_stream.js:22:3)
    at doWrite (_stream_writable.js:415:12)
    at writeOrBuffer (_stream_writable.js:399:5)
    at SyncWriteStream.Writable.write (_stream_writable.js:299:11)
    at Console.log (/home/admin1/NodeProject/FundooNotes/node_modules/winston/lib/winston/transports/console.js:79:23)
    at Console._write (/home/admin1/NodeProject/FundooNotes/node_modules/winston-transport/index.js:82:19)
    at doWrite (/home/admin1/NodeProject/FundooNotes/node_modules/winston-transport/node_modules/readable-stream/lib/_stream_writable.js:390:139)
    at writeOrBuffer (/home/admin1/NodeProject/FundooNotes/node_modules/winston-transport/node_modules/readable-stream/lib/_stream_writable.js:381:5)
    at Console.Writable.write (/home/admin1/NodeProject/FundooNotes/node_modules/winston-transport/node_modules/readable-stream/lib/_stream_writable.js:302:11)
    at DerivedLogger.ondata (/home/admin1/NodeProject/FundooNotes/node_modules/winston/node_modules/readable-stream/lib/_stream_readable.js:629:20)
    at DerivedLogger.emit (events.js:203:15)
    at DerivedLogger.EventEmitter.emit (domain.js:448:20)
    at addChunk (/home/admin1/NodeProject/FundooNotes/node_modules/winston/node_modules/readable-stream/lib/_stream_readable.js:279:12)
    at readableAddChunk (/home/admin1/NodeProject/FundooNotes/node_modules/winston/node_modules/readable-stream/lib/_stream_readable.js:262:11)
    at DerivedLogger.Readable.push (/home/admin1/NodeProject/FundooNotes/node_modules/winston/node_modules/readable-stream/lib/_stream_readable.js:228:10) {"date":"Mon Aug 21 2023 18:05:21 GMT+0530 (India Standard Time)","error":{"code":"EIO","errno":-5,"syscall":"write"},"exception":true,"os":{"loadavg":[0.68115234375,0.6396484375,0.8828125],"uptime":23187},"process":{"argv":["node","/home/admin1/NodeProject/FundooNotes/src/index.js"],"cwd":"/home/admin1/NodeProject/FundooNotes","execPath":"/usr/bin/node","gid":1000,"memoryUsage":{"external":19568391,"heapTotal":80252928,"heapUsed":56807704,"rss":119771136},"pid":36337,"uid":1000,"version":"v10.19.0"},"stack":"Error: EIO: i/o error, write\n    at writeSync (fs.js:573:3)\n    at SyncWriteStream._write (internal/fs/sync_write_stream.js:22:3)\n    at doWrite (_stream_writable.js:415:12)\n    at writeOrBuffer (_stream_writable.js:399:5)\n    at SyncWriteStream.Writable.write (_stream_writable.js:299:11)\n    at Console.log (/home/admin1/NodeProject/FundooNotes/node_modules/winston/lib/winston/transports/console.js:79:23)\n    at Console._write (/home/admin1/NodeProject/FundooNotes/node_modules/winston-transport/index.js:82:19)\n    at doWrite (/home/admin1/NodeProject/FundooNotes/node_modules/winston-transport/node_modules/readable-stream/lib/_stream_writable.js:390:139)\n    at writeOrBuffer (/home/admin1/NodeProject/FundooNotes/node_modules/winston-transport/node_modules/readable-stream/lib/_stream_writable.js:381:5)\n    at Console.Writable.write (/home/admin1/NodeProject/FundooNotes/node_modules/winston-transport/node_modules/readable-stream/lib/_stream_writable.js:302:11)\n    at DerivedLogger.ondata (/home/admin1/NodeProject/FundooNotes/node_modules/winston/node_modules/readable-stream/lib/_stream_readable.js:629:20)\n    at DerivedLogger.emit (events.js:203:15)\n    at DerivedLogger.EventEmitter.emit (domain.js:448:20)\n    at addChunk (/home/admin1/NodeProject/FundooNotes/node_modules/winston/node_modules/readable-stream/lib/_stream_readable.js:279:12)\n    at readableAddChunk (/home/admin1/NodeProject/FundooNotes/node_modules/winston/node_modules/readable-stream/lib/_stream_readable.js:262:11)\n    at DerivedLogger.Readable.push (/home/admin1/NodeProject/FundooNotes/node_modules/winston/node_modules/readable-stream/lib/_stream_readable.js:228:10)","trace":[{"column":3,"file":"fs.js","function":"writeSync","line":573,"method":null,"native":false},{"column":3,"file":"internal/fs/sync_write_stream.js","function":"SyncWriteStream._write","line":22,"method":"_write","native":false},{"column":12,"file":"_stream_writable.js","function":"doWrite","line":415,"method":null,"native":false},{"column":5,"file":"_stream_writable.js","function":"writeOrBuffer","line":399,"method":null,"native":false},{"column":11,"file":"_stream_writable.js","function":"SyncWriteStream.Writable.write","line":299,"method":"write","native":false},{"column":23,"file":"/home/admin1/NodeProject/FundooNotes/node_modules/winston/lib/winston/transports/console.js","function":"Console.log","line":79,"method":"log","native":false},{"column":19,"file":"/home/admin1/NodeProject/FundooNotes/node_modules/winston-transport/index.js","function":"Console._write","line":82,"method":"_write","native":false},{"column":139,"file":"/home/admin1/NodeProject/FundooNotes/node_modules/winston-transport/node_modules/readable-stream/lib/_stream_writable.js","function":"doWrite","line":390,"method":null,"native":false},{"column":5,"file":"/home/admin1/NodeProject/FundooNotes/node_modules/winston-transport/node_modules/readable-stream/lib/_stream_writable.js","function":"writeOrBuffer","line":381,"method":null,"native":false},{"column":11,"file":"/home/admin1/NodeProject/FundooNotes/node_modules/winston-transport/node_modules/readable-stream/lib/_stream_writable.js","function":"Console.Writable.write","line":302,"method":"write","native":false},{"column":20,"file":"/home/admin1/NodeProject/FundooNotes/node_modules/winston/node_modules/readable-stream/lib/_stream_readable.js","function":"DerivedLogger.ondata","line":629,"method":"ondata","native":false},{"column":15,"file":"events.js","function":"DerivedLogger.emit","line":203,"method":"emit","native":false},{"column":20,"file":"domain.js","function":"DerivedLogger.EventEmitter.emit","line":448,"method":"emit","native":false},{"column":12,"file":"/home/admin1/NodeProject/FundooNotes/node_modules/winston/node_modules/readable-stream/lib/_stream_readable.js","function":"addChunk","line":279,"method":null,"native":false},{"column":11,"file":"/home/admin1/NodeProject/FundooNotes/node_modules/winston/node_modules/readable-stream/lib/_stream_readable.js","function":"readableAddChunk","line":262,"method":null,"native":false},{"column":10,"file":"/home/admin1/NodeProject/FundooNotes/node_modules/winston/node_modules/readable-stream/lib/_stream_readable.js","function":"DerivedLogger.Readable.push","line":228,"method":"push","native":false}]}
